ARM GAS  C:\Users\emman\AppData\Local\Temp\cckoBuuG.s 			page 1


   1              		.syntax unified
   2              		.cpu cortex-m3
   3              		.fpu softvfp
   4              		.eabi_attribute 20, 1
   5              		.eabi_attribute 21, 1
   6              		.eabi_attribute 23, 3
   7              		.eabi_attribute 24, 1
   8              		.eabi_attribute 25, 1
   9              		.eabi_attribute 26, 1
  10              		.eabi_attribute 30, 1
  11              		.eabi_attribute 34, 1
  12              		.eabi_attribute 18, 4
  13              		.thumb
  14              		.syntax unified
  15              		.file	"cymetadata.c"
  16              		.text
  17              	.Ltext0:
  18              		.cfi_sections	.debug_frame
  19              		.global	cy_metadata
  20              		.global	cy_meta_flashprotect
  21              		.global	cy_meta_wonvl
  22              		.global	cy_meta_custnvl
  23              		.global	cy_meta_configecc
  24              		.section	.cyconfigecc,"a",%progbits
  25              		.align	2
  26              		.type	cy_meta_configecc, %object
  27              		.size	cy_meta_configecc, 704
  28              	cy_meta_configecc:
  29 0000 02       		.byte	2
  30 0001 52       		.byte	82
  31 0002 00       		.byte	0
  32 0003 40       		.byte	64
  33 0004 02       		.byte	2
  34 0005 64       		.byte	100
  35 0006 00       		.byte	0
  36 0007 40       		.byte	64
  37 0008 01       		.byte	1
  38 0009 03       		.byte	3
  39 000a 01       		.byte	1
  40 000b 40       		.byte	64
  41 000c 02       		.byte	2
  42 000d 05       		.byte	5
  43 000e 01       		.byte	1
  44 000f 40       		.byte	64
  45 0010 01       		.byte	1
  46 0011 07       		.byte	7
  47 0012 01       		.byte	1
  48 0013 40       		.byte	64
  49 0014 02       		.byte	2
  50 0015 09       		.byte	9
  51 0016 01       		.byte	1
  52 0017 40       		.byte	64
  53 0018 47       		.byte	71
  54 0019 0A       		.byte	10
  55 001a 01       		.byte	1
  56 001b 40       		.byte	64
  57 001c 27       		.byte	39
ARM GAS  C:\Users\emman\AppData\Local\Temp\cckoBuuG.s 			page 2


  58 001d 0B       		.byte	11
  59 001e 01       		.byte	1
  60 001f 40       		.byte	64
  61 0020 48       		.byte	72
  62 0021 0C       		.byte	12
  63 0022 01       		.byte	1
  64 0023 40       		.byte	64
  65 0024 25       		.byte	37
  66 0025 0D       		.byte	13
  67 0026 01       		.byte	1
  68 0027 40       		.byte	64
  69 0028 01       		.byte	1
  70 0029 15       		.byte	21
  71 002a 01       		.byte	1
  72 002b 40       		.byte	64
  73 002c 04       		.byte	4
  74 002d 1A       		.byte	26
  75 002e 01       		.byte	1
  76 002f 40       		.byte	64
  77 0030 03       		.byte	3
  78 0031 1B       		.byte	27
  79 0032 01       		.byte	1
  80 0033 40       		.byte	64
  81 0034 03       		.byte	3
  82 0035 40       		.byte	64
  83 0036 01       		.byte	1
  84 0037 40       		.byte	64
  85 0038 03       		.byte	3
  86 0039 41       		.byte	65
  87 003a 01       		.byte	1
  88 003b 40       		.byte	64
  89 003c 06       		.byte	6
  90 003d 42       		.byte	66
  91 003e 01       		.byte	1
  92 003f 40       		.byte	64
  93 0040 01       		.byte	1
  94 0041 43       		.byte	67
  95 0042 01       		.byte	1
  96 0043 40       		.byte	64
  97 0044 02       		.byte	2
  98 0045 44       		.byte	68
  99 0046 01       		.byte	1
 100 0047 40       		.byte	64
 101 0048 01       		.byte	1
 102 0049 45       		.byte	69
 103 004a 01       		.byte	1
 104 004b 40       		.byte	64
 105 004c 03       		.byte	3
 106 004d 46       		.byte	70
 107 004e 01       		.byte	1
 108 004f 40       		.byte	64
 109 0050 02       		.byte	2
 110 0051 47       		.byte	71
 111 0052 01       		.byte	1
 112 0053 40       		.byte	64
 113 0054 02       		.byte	2
 114 0055 48       		.byte	72
ARM GAS  C:\Users\emman\AppData\Local\Temp\cckoBuuG.s 			page 3


 115 0056 01       		.byte	1
 116 0057 40       		.byte	64
 117 0058 01       		.byte	1
 118 0059 49       		.byte	73
 119 005a 01       		.byte	1
 120 005b 40       		.byte	64
 121 005c 02       		.byte	2
 122 005d 4C       		.byte	76
 123 005e 01       		.byte	1
 124 005f 40       		.byte	64
 125 0060 05       		.byte	5
 126 0061 4D       		.byte	77
 127 0062 01       		.byte	1
 128 0063 40       		.byte	64
 129 0064 03       		.byte	3
 130 0065 50       		.byte	80
 131 0066 01       		.byte	1
 132 0067 40       		.byte	64
 133 0068 01       		.byte	1
 134 0069 51       		.byte	81
 135 006a 01       		.byte	1
 136 006b 40       		.byte	64
 137 006c 60       		.byte	96
 138 006d 08       		.byte	8
 139 006e 61       		.byte	97
 140 006f 0C       		.byte	12
 141 0070 8B       		.byte	-117
 142 0071 0F       		.byte	15
 143 0072 8D       		.byte	-115
 144 0073 0F       		.byte	15
 145 0074 EE       		.byte	-18
 146 0075 04       		.byte	4
 147 0076 E6       		.byte	-26
 148 0077 08       		.byte	8
 149 0078 EA       		.byte	-22
 150 0079 80       		.byte	-128
 151 007a EA       		.byte	-22
 152 007b 80       		.byte	-128
 153 007c B1       		.byte	-79
 154 007d 08       		.byte	8
 155 007e EA       		.byte	-22
 156 007f 80       		.byte	-128
 157 0080 40       		.byte	64
 158 0081 45       		.byte	69
 159 0082 41       		.byte	65
 160 0083 01       		.byte	1
 161 0084 49       		.byte	73
 162 0085 FF       		.byte	-1
 163 0086 4A       		.byte	74
 164 0087 FF       		.byte	-1
 165 0088 4B       		.byte	75
 166 0089 FF       		.byte	-1
 167 008a 4D       		.byte	77
 168 008b A0       		.byte	-96
 169 008c 4F       		.byte	79
 170 008d 04       		.byte	4
 171 008e 50       		.byte	80
ARM GAS  C:\Users\emman\AppData\Local\Temp\cckoBuuG.s 			page 4


 172 008f 18       		.byte	24
 173 0090 5A       		.byte	90
 174 0091 04       		.byte	4
 175 0092 5D       		.byte	93
 176 0093 01       		.byte	1
 177 0094 5F       		.byte	95
 178 0095 01       		.byte	1
 179 0096 60       		.byte	96
 180 0097 40       		.byte	64
 181 0098 62       		.byte	98
 182 0099 C0       		.byte	-64
 183 009a 64       		.byte	100
 184 009b 40       		.byte	64
 185 009c 65       		.byte	101
 186 009d 40       		.byte	64
 187 009e 66       		.byte	102
 188 009f C0       		.byte	-64
 189 00a0 68       		.byte	104
 190 00a1 C0       		.byte	-64
 191 00a2 6A       		.byte	106
 192 00a3 C0       		.byte	-64
 193 00a4 6C       		.byte	108
 194 00a5 C0       		.byte	-64
 195 00a6 6E       		.byte	110
 196 00a7 C0       		.byte	-64
 197 00a8 83       		.byte	-125
 198 00a9 08       		.byte	8
 199 00aa 87       		.byte	-121
 200 00ab 03       		.byte	3
 201 00ac 93       		.byte	-109
 202 00ad 04       		.byte	4
 203 00ae 94       		.byte	-108
 204 00af 04       		.byte	4
 205 00b0 9D       		.byte	-99
 206 00b1 02       		.byte	2
 207 00b2 9E       		.byte	-98
 208 00b3 09       		.byte	9
 209 00b4 A3       		.byte	-93
 210 00b5 04       		.byte	4
 211 00b6 A6       		.byte	-90
 212 00b7 07       		.byte	7
 213 00b8 AA       		.byte	-86
 214 00b9 08       		.byte	8
 215 00ba B0       		.byte	-80
 216 00bb 04       		.byte	4
 217 00bc B1       		.byte	-79
 218 00bd 01       		.byte	1
 219 00be B2       		.byte	-78
 220 00bf 02       		.byte	2
 221 00c0 B3       		.byte	-77
 222 00c1 02       		.byte	2
 223 00c2 B4       		.byte	-76
 224 00c3 08       		.byte	8
 225 00c4 B5       		.byte	-75
 226 00c5 04       		.byte	4
 227 00c6 B6       		.byte	-74
 228 00c7 01       		.byte	1
ARM GAS  C:\Users\emman\AppData\Local\Temp\cckoBuuG.s 			page 5


 229 00c8 B7       		.byte	-73
 230 00c9 08       		.byte	8
 231 00ca BC       		.byte	-68
 232 00cb 02       		.byte	2
 233 00cc BD       		.byte	-67
 234 00cd 88       		.byte	-120
 235 00ce BF       		.byte	-65
 236 00cf 10       		.byte	16
 237 00d0 C0       		.byte	-64
 238 00d1 15       		.byte	21
 239 00d2 C1       		.byte	-63
 240 00d3 04       		.byte	4
 241 00d4 C5       		.byte	-59
 242 00d5 D0       		.byte	-48
 243 00d6 C6       		.byte	-58
 244 00d7 10       		.byte	16
 245 00d8 C7       		.byte	-57
 246 00d9 24       		.byte	36
 247 00da C8       		.byte	-56
 248 00db 3A       		.byte	58
 249 00dc C9       		.byte	-55
 250 00dd FF       		.byte	-1
 251 00de CA       		.byte	-54
 252 00df FF       		.byte	-1
 253 00e0 CB       		.byte	-53
 254 00e1 FF       		.byte	-1
 255 00e2 CD       		.byte	-51
 256 00e3 AF       		.byte	-81
 257 00e4 CE       		.byte	-50
 258 00e5 0F       		.byte	15
 259 00e6 CF       		.byte	-49
 260 00e7 04       		.byte	4
 261 00e8 D0       		.byte	-48
 262 00e9 18       		.byte	24
 263 00ea D2       		.byte	-46
 264 00eb 80       		.byte	-128
 265 00ec D4       		.byte	-44
 266 00ed 07       		.byte	7
 267 00ee D8       		.byte	-40
 268 00ef 04       		.byte	4
 269 00f0 D9       		.byte	-39
 270 00f1 04       		.byte	4
 271 00f2 DA       		.byte	-38
 272 00f3 04       		.byte	4
 273 00f4 DB       		.byte	-37
 274 00f5 04       		.byte	4
 275 00f6 DC       		.byte	-36
 276 00f7 11       		.byte	17
 277 00f8 DD       		.byte	-35
 278 00f9 11       		.byte	17
 279 00fa DF       		.byte	-33
 280 00fb 05       		.byte	5
 281 00fc E0       		.byte	-32
 282 00fd 40       		.byte	64
 283 00fe E2       		.byte	-30
 284 00ff C0       		.byte	-64
 285 0100 E4       		.byte	-28
ARM GAS  C:\Users\emman\AppData\Local\Temp\cckoBuuG.s 			page 6


 286 0101 40       		.byte	64
 287 0102 E5       		.byte	-27
 288 0103 40       		.byte	64
 289 0104 E6       		.byte	-26
 290 0105 C0       		.byte	-64
 291 0106 E8       		.byte	-24
 292 0107 C0       		.byte	-64
 293 0108 EA       		.byte	-22
 294 0109 C0       		.byte	-64
 295 010a EC       		.byte	-20
 296 010b C0       		.byte	-64
 297 010c EE       		.byte	-18
 298 010d C0       		.byte	-64
 299 010e 0D       		.byte	13
 300 010f 80       		.byte	-128
 301 0110 0E       		.byte	14
 302 0111 10       		.byte	16
 303 0112 16       		.byte	22
 304 0113 28       		.byte	40
 305 0114 1D       		.byte	29
 306 0115 50       		.byte	80
 307 0116 1E       		.byte	30
 308 0117 50       		.byte	80
 309 0118 25       		.byte	37
 310 0119 80       		.byte	-128
 311 011a 27       		.byte	39
 312 011b 69       		.byte	105
 313 011c 2E       		.byte	46
 314 011d 02       		.byte	2
 315 011e 37       		.byte	55
 316 011f 41       		.byte	65
 317 0120 3C       		.byte	60
 318 0121 02       		.byte	2
 319 0122 3E       		.byte	62
 320 0123 08       		.byte	8
 321 0124 42       		.byte	66
 322 0125 02       		.byte	2
 323 0126 43       		.byte	67
 324 0127 01       		.byte	1
 325 0128 45       		.byte	69
 326 0129 82       		.byte	-126
 327 012a 48       		.byte	72
 328 012b 02       		.byte	2
 329 012c 4C       		.byte	76
 330 012d 02       		.byte	2
 331 012e 4E       		.byte	78
 332 012f 02       		.byte	2
 333 0130 4F       		.byte	79
 334 0131 01       		.byte	1
 335 0132 55       		.byte	85
 336 0133 02       		.byte	2
 337 0134 56       		.byte	86
 338 0135 2A       		.byte	42
 339 0136 5E       		.byte	94
 340 0137 40       		.byte	64
 341 0138 5F       		.byte	95
 342 0139 29       		.byte	41
ARM GAS  C:\Users\emman\AppData\Local\Temp\cckoBuuG.s 			page 7


 343 013a 74       		.byte	116
 344 013b 01       		.byte	1
 345 013c 7E       		.byte	126
 346 013d 02       		.byte	2
 347 013e 85       		.byte	-123
 348 013f 40       		.byte	64
 349 0140 99       		.byte	-103
 350 0141 08       		.byte	8
 351 0142 9D       		.byte	-99
 352 0143 10       		.byte	16
 353 0144 A0       		.byte	-96
 354 0145 02       		.byte	2
 355 0146 B1       		.byte	-79
 356 0147 02       		.byte	2
 357 0148 C2       		.byte	-62
 358 0149 A0       		.byte	-96
 359 014a C4       		.byte	-60
 360 014b 60       		.byte	96
 361 014c CA       		.byte	-54
 362 014d 80       		.byte	-128
 363 014e CC       		.byte	-52
 364 014f 90       		.byte	-112
 365 0150 CE       		.byte	-50
 366 0151 C0       		.byte	-64
 367 0152 D0       		.byte	-48
 368 0153 99       		.byte	-103
 369 0154 D2       		.byte	-46
 370 0155 18       		.byte	24
 371 0156 D6       		.byte	-42
 372 0157 F0       		.byte	-16
 373 0158 DE       		.byte	-34
 374 0159 10       		.byte	16
 375 015a EA       		.byte	-22
 376 015b 80       		.byte	-128
 377 015c 40       		.byte	64
 378 015d 53       		.byte	83
 379 015e 41       		.byte	65
 380 015f 02       		.byte	2
 381 0160 49       		.byte	73
 382 0161 FF       		.byte	-1
 383 0162 4A       		.byte	74
 384 0163 FF       		.byte	-1
 385 0164 4B       		.byte	75
 386 0165 FF       		.byte	-1
 387 0166 4D       		.byte	77
 388 0167 A0       		.byte	-96
 389 0168 4F       		.byte	79
 390 0169 04       		.byte	4
 391 016a 50       		.byte	80
 392 016b 18       		.byte	24
 393 016c 5A       		.byte	90
 394 016d 04       		.byte	4
 395 016e 5B       		.byte	91
 396 016f 04       		.byte	4
 397 0170 5D       		.byte	93
 398 0171 01       		.byte	1
 399 0172 5F       		.byte	95
ARM GAS  C:\Users\emman\AppData\Local\Temp\cckoBuuG.s 			page 8


 400 0173 01       		.byte	1
 401 0174 60       		.byte	96
 402 0175 40       		.byte	64
 403 0176 62       		.byte	98
 404 0177 C0       		.byte	-64
 405 0178 64       		.byte	100
 406 0179 40       		.byte	64
 407 017a 65       		.byte	101
 408 017b 40       		.byte	64
 409 017c 66       		.byte	102
 410 017d C0       		.byte	-64
 411 017e 68       		.byte	104
 412 017f C0       		.byte	-64
 413 0180 6A       		.byte	106
 414 0181 C0       		.byte	-64
 415 0182 6C       		.byte	108
 416 0183 C0       		.byte	-64
 417 0184 6E       		.byte	110
 418 0185 C0       		.byte	-64
 419 0186 89       		.byte	-119
 420 0187 02       		.byte	2
 421 0188 8D       		.byte	-115
 422 0189 08       		.byte	8
 423 018a 92       		.byte	-110
 424 018b 01       		.byte	1
 425 018c 97       		.byte	-105
 426 018d 0C       		.byte	12
 427 018e 9A       		.byte	-102
 428 018f 02       		.byte	2
 429 0190 9B       		.byte	-101
 430 0191 03       		.byte	3
 431 0192 9E       		.byte	-98
 432 0193 0E       		.byte	14
 433 0194 A6       		.byte	-90
 434 0195 04       		.byte	4
 435 0196 AA       		.byte	-86
 436 0197 08       		.byte	8
 437 0198 B0       		.byte	-80
 438 0199 08       		.byte	8
 439 019a B1       		.byte	-79
 440 019b 04       		.byte	4
 441 019c B2       		.byte	-78
 442 019d 04       		.byte	4
 443 019e B3       		.byte	-77
 444 019f 01       		.byte	1
 445 01a0 B4       		.byte	-76
 446 01a1 02       		.byte	2
 447 01a2 B5       		.byte	-75
 448 01a3 08       		.byte	8
 449 01a4 B6       		.byte	-74
 450 01a5 01       		.byte	1
 451 01a6 B7       		.byte	-73
 452 01a7 02       		.byte	2
 453 01a8 BC       		.byte	-68
 454 01a9 80       		.byte	-128
 455 01aa BD       		.byte	-67
 456 01ab A0       		.byte	-96
ARM GAS  C:\Users\emman\AppData\Local\Temp\cckoBuuG.s 			page 9


 457 01ac BE       		.byte	-66
 458 01ad 10       		.byte	16
 459 01ae C0       		.byte	-64
 460 01af 13       		.byte	19
 461 01b0 C1       		.byte	-63
 462 01b1 02       		.byte	2
 463 01b2 C5       		.byte	-59
 464 01b3 D1       		.byte	-47
 465 01b4 C6       		.byte	-58
 466 01b5 20       		.byte	32
 467 01b6 C7       		.byte	-57
 468 01b7 04       		.byte	4
 469 01b8 C8       		.byte	-56
 470 01b9 1B       		.byte	27
 471 01ba C9       		.byte	-55
 472 01bb FF       		.byte	-1
 473 01bc CA       		.byte	-54
 474 01bd FF       		.byte	-1
 475 01be CB       		.byte	-53
 476 01bf FF       		.byte	-1
 477 01c0 CD       		.byte	-51
 478 01c1 AF       		.byte	-81
 479 01c2 CE       		.byte	-50
 480 01c3 0F       		.byte	15
 481 01c4 CF       		.byte	-49
 482 01c5 04       		.byte	4
 483 01c6 D0       		.byte	-48
 484 01c7 18       		.byte	24
 485 01c8 D2       		.byte	-46
 486 01c9 80       		.byte	-128
 487 01ca D4       		.byte	-44
 488 01cb 07       		.byte	7
 489 01cc D8       		.byte	-40
 490 01cd 04       		.byte	4
 491 01ce D9       		.byte	-39
 492 01cf 04       		.byte	4
 493 01d0 DA       		.byte	-38
 494 01d1 04       		.byte	4
 495 01d2 DB       		.byte	-37
 496 01d3 04       		.byte	4
 497 01d4 DC       		.byte	-36
 498 01d5 11       		.byte	17
 499 01d6 DD       		.byte	-35
 500 01d7 11       		.byte	17
 501 01d8 DF       		.byte	-33
 502 01d9 05       		.byte	5
 503 01da E0       		.byte	-32
 504 01db 40       		.byte	64
 505 01dc E2       		.byte	-30
 506 01dd C0       		.byte	-64
 507 01de E4       		.byte	-28
 508 01df 40       		.byte	64
 509 01e0 E5       		.byte	-27
 510 01e1 40       		.byte	64
 511 01e2 E6       		.byte	-26
 512 01e3 C0       		.byte	-64
 513 01e4 E8       		.byte	-24
ARM GAS  C:\Users\emman\AppData\Local\Temp\cckoBuuG.s 			page 10


 514 01e5 C0       		.byte	-64
 515 01e6 EA       		.byte	-22
 516 01e7 C0       		.byte	-64
 517 01e8 EC       		.byte	-20
 518 01e9 C0       		.byte	-64
 519 01ea EE       		.byte	-18
 520 01eb C0       		.byte	-64
 521 01ec 09       		.byte	9
 522 01ed 20       		.byte	32
 523 01ee 0A       		.byte	10
 524 01ef 41       		.byte	65
 525 01f0 10       		.byte	16
 526 01f1 28       		.byte	40
 527 01f2 19       		.byte	25
 528 01f3 0A       		.byte	10
 529 01f4 1A       		.byte	26
 530 01f5 05       		.byte	5
 531 01f6 1B       		.byte	27
 532 01f7 40       		.byte	64
 533 01f8 20       		.byte	32
 534 01f9 52       		.byte	82
 535 01fa 22       		.byte	34
 536 01fb 10       		.byte	16
 537 01fc 30       		.byte	48
 538 01fd 28       		.byte	40
 539 01fe 38       		.byte	56
 540 01ff 50       		.byte	80
 541 0200 41       		.byte	65
 542 0201 20       		.byte	32
 543 0202 42       		.byte	66
 544 0203 01       		.byte	1
 545 0204 43       		.byte	67
 546 0205 04       		.byte	4
 547 0206 45       		.byte	69
 548 0207 20       		.byte	32
 549 0208 47       		.byte	71
 550 0209 04       		.byte	4
 551 020a 48       		.byte	72
 552 020b 21       		.byte	33
 553 020c 49       		.byte	73
 554 020d 81       		.byte	-127
 555 020e 4F       		.byte	79
 556 020f 80       		.byte	-128
 557 0210 50       		.byte	80
 558 0211 08       		.byte	8
 559 0212 51       		.byte	81
 560 0213 20       		.byte	32
 561 0214 59       		.byte	89
 562 0215 81       		.byte	-127
 563 0216 5A       		.byte	90
 564 0217 24       		.byte	36
 565 0218 6C       		.byte	108
 566 0219 02       		.byte	2
 567 021a 6D       		.byte	109
 568 021b 10       		.byte	16
 569 021c 6F       		.byte	111
 570 021d 04       		.byte	4
ARM GAS  C:\Users\emman\AppData\Local\Temp\cckoBuuG.s 			page 11


 571 021e 72       		.byte	114
 572 021f 40       		.byte	64
 573 0220 79       		.byte	121
 574 0221 10       		.byte	16
 575 0222 9D       		.byte	-99
 576 0223 10       		.byte	16
 577 0224 A9       		.byte	-87
 578 0225 10       		.byte	16
 579 0226 C2       		.byte	-62
 580 0227 0B       		.byte	11
 581 0228 C4       		.byte	-60
 582 0229 06       		.byte	6
 583 022a CC       		.byte	-52
 584 022b 06       		.byte	6
 585 022c CE       		.byte	-50
 586 022d 0C       		.byte	12
 587 022e D0       		.byte	-48
 588 022f 6E       		.byte	110
 589 0230 D2       		.byte	-46
 590 0231 10       		.byte	16
 591 0232 D6       		.byte	-42
 592 0233 0F       		.byte	15
 593 0234 DE       		.byte	-34
 594 0235 04       		.byte	4
 595 0236 EC       		.byte	-20
 596 0237 10       		.byte	16
 597 0238 38       		.byte	56
 598 0239 80       		.byte	-128
 599 023a 3E       		.byte	62
 600 023b 40       		.byte	64
 601 023c 58       		.byte	88
 602 023d 04       		.byte	4
 603 023e 5F       		.byte	95
 604 023f 01       		.byte	1
 605 0240 18       		.byte	24
 606 0241 02       		.byte	2
 607 0242 8C       		.byte	-116
 608 0243 01       		.byte	1
 609 0244 EC       		.byte	-20
 610 0245 10       		.byte	16
 611 0246 33       		.byte	51
 612 0247 20       		.byte	32
 613 0248 34       		.byte	52
 614 0249 40       		.byte	64
 615 024a CC       		.byte	-52
 616 024b 30       		.byte	48
 617 024c 9C       		.byte	-100
 618 024d 40       		.byte	64
 619 024e AB       		.byte	-85
 620 024f 20       		.byte	32
 621 0250 EE       		.byte	-18
 622 0251 20       		.byte	32
 623 0252 53       		.byte	83
 624 0253 04       		.byte	4
 625 0254 57       		.byte	87
 626 0255 80       		.byte	-128
 627 0256 87       		.byte	-121
ARM GAS  C:\Users\emman\AppData\Local\Temp\cckoBuuG.s 			page 12


 628 0257 04       		.byte	4
 629 0258 B0       		.byte	-80
 630 0259 40       		.byte	64
 631 025a D4       		.byte	-44
 632 025b 60       		.byte	96
 633 025c E6       		.byte	-26
 634 025d 10       		.byte	16
 635 025e B3       		.byte	-77
 636 025f 80       		.byte	-128
 637 0260 7C       		.byte	124
 638 0261 08       		.byte	8
 639 0262 DE       		.byte	-34
 640 0263 01       		.byte	1
 641 0264 9C       		.byte	-100
 642 0265 08       		.byte	8
 643 0266 45       		.byte	69
 644 0267 08       		.byte	8
 645 0268 9C       		.byte	-100
 646 0269 08       		.byte	8
 647 026a D0       		.byte	-48
 648 026b 01       		.byte	1
 649 026c 9C       		.byte	-100
 650 026d 08       		.byte	8
 651 026e A5       		.byte	-91
 652 026f 08       		.byte	8
 653 0270 25       		.byte	37
 654 0271 10       		.byte	16
 655 0272 C8       		.byte	-56
 656 0273 20       		.byte	32
 657 0274 B5       		.byte	-75
 658 0275 10       		.byte	16
 659 0276 9C       		.byte	-100
 660 0277 08       		.byte	8
 661 0278 A5       		.byte	-91
 662 0279 08       		.byte	8
 663 027a 8C       		.byte	-116
 664 027b 08       		.byte	8
 665 027c 9C       		.byte	-100
 666 027d 08       		.byte	8
 667 027e B5       		.byte	-75
 668 027f 08       		.byte	8
 669 0280 E0       		.byte	-32
 670 0281 02       		.byte	2
 671 0282 EC       		.byte	-20
 672 0283 08       		.byte	8
 673 0284 00       		.byte	0
 674 0285 02       		.byte	2
 675 0286 0C       		.byte	12
 676 0287 02       		.byte	2
 677 0288 0E       		.byte	14
 678 0289 02       		.byte	2
 679 028a 00       		.byte	0
 680 028b 0F       		.byte	15
 681 028c 0C       		.byte	12
 682 028d 00       		.byte	0
 683 028e 00       		.byte	0
 684 028f 0C       		.byte	12
ARM GAS  C:\Users\emman\AppData\Local\Temp\cckoBuuG.s 			page 13


 685 0290 00       		.byte	0
 686 0291 00       		.byte	0
 687 0292 0C       		.byte	12
 688 0293 00       		.byte	0
 689 0294 00       		.byte	0
 690 0295 0C       		.byte	12
 691 0296 00       		.byte	0
 692 0297 00       		.byte	0
 693 0298 00       		.byte	0
 694 0299 08       		.byte	8
 695 029a 00       		.byte	0
 696 029b 00       		.byte	0
 697 029c 00       		.byte	0
 698 029d 00       		.byte	0
 699 029e 00       		.byte	0
 700 029f 00       		.byte	0
 701 02a0 00       		.byte	0
 702 02a1 0B       		.byte	11
 703 02a2 0B       		.byte	11
 704 02a3 00       		.byte	0
 705 02a4 00       		.byte	0
 706 02a5 00       		.byte	0
 707 02a6 00       		.byte	0
 708 02a7 00       		.byte	0
 709 02a8 00       		.byte	0
 710 02a9 7F       		.byte	127
 711 02aa 7F       		.byte	127
 712 02ab 00       		.byte	0
 713 02ac 00       		.byte	0
 714 02ad 00       		.byte	0
 715 02ae 00       		.byte	0
 716 02af 00       		.byte	0
 717 02b0 09       		.byte	9
 718 02b1 00       		.byte	0
 719 02b2 00       		.byte	0
 720 02b3 0F       		.byte	15
 721 02b4 0F       		.byte	15
 722 02b5 00       		.byte	0
 723 02b6 00       		.byte	0
 724 02b7 00       		.byte	0
 725 02b8 00       		.byte	0
 726 02b9 00       		.byte	0
 727 02ba 00       		.byte	0
 728 02bb 00       		.byte	0
 729 02bc 0A       		.byte	10
 730 02bd 00       		.byte	0
 731 02be 18       		.byte	24
 732 02bf 01       		.byte	1
 733              		.section	.cywolatch,"a",%progbits
 734              		.align	2
 735              		.type	cy_meta_wonvl, %object
 736              		.size	cy_meta_wonvl, 4
 737              	cy_meta_wonvl:
 738 0000 BC       		.byte	-68
 739 0001 90       		.byte	-112
 740 0002 AC       		.byte	-84
 741 0003 AF       		.byte	-81
ARM GAS  C:\Users\emman\AppData\Local\Temp\cckoBuuG.s 			page 14


 742              		.section	.cycustnvl,"a",%progbits
 743              		.align	2
 744              		.type	cy_meta_custnvl, %object
 745              		.size	cy_meta_custnvl, 4
 746              	cy_meta_custnvl:
 747 0000 00       		.byte	0
 748 0001 00       		.byte	0
 749 0002 40       		.byte	64
 750 0003 05       		.byte	5
 751              		.section	.cymeta,"a",%progbits
 752              		.align	2
 753              		.type	cy_metadata, %object
 754              		.size	cy_metadata, 12
 755              	cy_metadata:
 756 0000 00       		.byte	0
 757 0001 01       		.byte	1
 758 0002 2E       		.byte	46
 759 0003 12       		.byte	18
 760 0004 30       		.byte	48
 761 0005 69       		.byte	105
 762 0006 00       		.byte	0
 763 0007 01       		.byte	1
 764 0008 00       		.byte	0
 765 0009 00       		.byte	0
 766 000a 00       		.byte	0
 767 000b 00       		.byte	0
 768              		.section	.cyflashprotect,"a",%progbits
 769              		.align	2
 770              		.type	cy_meta_flashprotect, %object
 771              		.size	cy_meta_flashprotect, 256
 772              	cy_meta_flashprotect:
 773 0000 00000000 		.space	256
 773      00000000 
 773      00000000 
 773      00000000 
 773      00000000 
 774              		.text
 775              	.Letext0:
 776              		.file 1 "c:\\program files (x86)\\cypress\\psoc creator\\4.2\\psoc creator\\import\\gnu\\arm\\5.4.
 777              		.file 2 "c:\\program files (x86)\\cypress\\psoc creator\\4.2\\psoc creator\\import\\gnu\\arm\\5.4.
 778              		.file 3 "Generated_Source\\PSoC5\\cymetadata.c"
 779              		.section	.debug_info,"",%progbits
 780              	.Ldebug_info0:
 781 0000 31010000 		.4byte	0x131
 782 0004 0400     		.2byte	0x4
 783 0006 00000000 		.4byte	.Ldebug_abbrev0
 784 000a 04       		.byte	0x4
 785 000b 01       		.uleb128 0x1
 786 000c 24000000 		.4byte	.LASF17
 787 0010 0C       		.byte	0xc
 788 0011 D5010000 		.4byte	.LASF18
 789 0015 3A010000 		.4byte	.LASF19
 790 0019 00000000 		.4byte	.Ldebug_line0
 791 001d 02       		.uleb128 0x2
 792 001e 01       		.byte	0x1
 793 001f 06       		.byte	0x6
 794 0020 C9010000 		.4byte	.LASF0
ARM GAS  C:\Users\emman\AppData\Local\Temp\cckoBuuG.s 			page 15


 795 0024 03       		.uleb128 0x3
 796 0025 00000000 		.4byte	.LASF9
 797 0029 01       		.byte	0x1
 798 002a 1D       		.byte	0x1d
 799 002b 2F000000 		.4byte	0x2f
 800 002f 02       		.uleb128 0x2
 801 0030 01       		.byte	0x1
 802 0031 08       		.byte	0x8
 803 0032 16000000 		.4byte	.LASF1
 804 0036 02       		.uleb128 0x2
 805 0037 02       		.byte	0x2
 806 0038 05       		.byte	0x5
 807 0039 B6010000 		.4byte	.LASF2
 808 003d 02       		.uleb128 0x2
 809 003e 02       		.byte	0x2
 810 003f 07       		.byte	0x7
 811 0040 C4000000 		.4byte	.LASF3
 812 0044 02       		.uleb128 0x2
 813 0045 04       		.byte	0x4
 814 0046 05       		.byte	0x5
 815 0047 C0010000 		.4byte	.LASF4
 816 004b 02       		.uleb128 0x2
 817 004c 04       		.byte	0x4
 818 004d 07       		.byte	0x7
 819 004e B2000000 		.4byte	.LASF5
 820 0052 02       		.uleb128 0x2
 821 0053 08       		.byte	0x8
 822 0054 05       		.byte	0x5
 823 0055 9A010000 		.4byte	.LASF6
 824 0059 02       		.uleb128 0x2
 825 005a 08       		.byte	0x8
 826 005b 07       		.byte	0x7
 827 005c 06010000 		.4byte	.LASF7
 828 0060 04       		.uleb128 0x4
 829 0061 04       		.byte	0x4
 830 0062 05       		.byte	0x5
 831 0063 696E7400 		.ascii	"int\000"
 832 0067 02       		.uleb128 0x2
 833 0068 04       		.byte	0x4
 834 0069 07       		.byte	0x7
 835 006a F9000000 		.4byte	.LASF8
 836 006e 03       		.uleb128 0x3
 837 006f 1D010000 		.4byte	.LASF10
 838 0073 02       		.byte	0x2
 839 0074 18       		.byte	0x18
 840 0075 24000000 		.4byte	0x24
 841 0079 05       		.uleb128 0x5
 842 007a 91000000 		.4byte	0x91
 843 007e 8A000000 		.4byte	0x8a
 844 0082 06       		.uleb128 0x6
 845 0083 8A000000 		.4byte	0x8a
 846 0087 BF02     		.2byte	0x2bf
 847 0089 00       		.byte	0
 848 008a 02       		.uleb128 0x2
 849 008b 04       		.byte	0x4
 850 008c 07       		.byte	0x7
 851 008d 91010000 		.4byte	.LASF11
ARM GAS  C:\Users\emman\AppData\Local\Temp\cckoBuuG.s 			page 16


 852 0091 07       		.uleb128 0x7
 853 0092 6E000000 		.4byte	0x6e
 854 0096 08       		.uleb128 0x8
 855 0097 E7000000 		.4byte	.LASF12
 856 009b 03       		.byte	0x3
 857 009c 1F       		.byte	0x1f
 858 009d A7000000 		.4byte	0xa7
 859 00a1 05       		.uleb128 0x5
 860 00a2 03       		.byte	0x3
 861 00a3 00000000 		.4byte	cy_meta_configecc
 862 00a7 07       		.uleb128 0x7
 863 00a8 79000000 		.4byte	0x79
 864 00ac 05       		.uleb128 0x5
 865 00ad 91000000 		.4byte	0x91
 866 00b1 BC000000 		.4byte	0xbc
 867 00b5 09       		.uleb128 0x9
 868 00b6 8A000000 		.4byte	0x8a
 869 00ba 03       		.byte	0x3
 870 00bb 00       		.byte	0
 871 00bc 08       		.uleb128 0x8
 872 00bd D7000000 		.4byte	.LASF13
 873 00c1 03       		.byte	0x3
 874 00c2 84       		.byte	0x84
 875 00c3 CD000000 		.4byte	0xcd
 876 00c7 05       		.uleb128 0x5
 877 00c8 03       		.byte	0x3
 878 00c9 00000000 		.4byte	cy_meta_custnvl
 879 00cd 07       		.uleb128 0x7
 880 00ce AC000000 		.4byte	0xac
 881 00d2 08       		.uleb128 0x8
 882 00d3 A8010000 		.4byte	.LASF14
 883 00d7 03       		.byte	0x3
 884 00d8 92       		.byte	0x92
 885 00d9 E3000000 		.4byte	0xe3
 886 00dd 05       		.uleb128 0x5
 887 00de 03       		.byte	0x3
 888 00df 00000000 		.4byte	cy_meta_wonvl
 889 00e3 07       		.uleb128 0x7
 890 00e4 AC000000 		.4byte	0xac
 891 00e8 05       		.uleb128 0x5
 892 00e9 91000000 		.4byte	0x91
 893 00ed F8000000 		.4byte	0xf8
 894 00f1 09       		.uleb128 0x9
 895 00f2 8A000000 		.4byte	0x8a
 896 00f6 FF       		.byte	0xff
 897 00f7 00       		.byte	0
 898 00f8 08       		.uleb128 0x8
 899 00f9 25010000 		.4byte	.LASF15
 900 00fd 03       		.byte	0x3
 901 00fe A0       		.byte	0xa0
 902 00ff 09010000 		.4byte	0x109
 903 0103 05       		.uleb128 0x5
 904 0104 03       		.byte	0x3
 905 0105 00000000 		.4byte	cy_meta_flashprotect
 906 0109 07       		.uleb128 0x7
 907 010a E8000000 		.4byte	0xe8
 908 010e 05       		.uleb128 0x5
ARM GAS  C:\Users\emman\AppData\Local\Temp\cckoBuuG.s 			page 17


 909 010f 91000000 		.4byte	0x91
 910 0113 1E010000 		.4byte	0x11e
 911 0117 09       		.uleb128 0x9
 912 0118 8A000000 		.4byte	0x8a
 913 011c 0B       		.byte	0xb
 914 011d 00       		.byte	0
 915 011e 08       		.uleb128 0x8
 916 011f 0A000000 		.4byte	.LASF16
 917 0123 03       		.byte	0x3
 918 0124 CD       		.byte	0xcd
 919 0125 2F010000 		.4byte	0x12f
 920 0129 05       		.uleb128 0x5
 921 012a 03       		.byte	0x3
 922 012b 00000000 		.4byte	cy_metadata
 923 012f 07       		.uleb128 0x7
 924 0130 0E010000 		.4byte	0x10e
 925 0134 00       		.byte	0
 926              		.section	.debug_abbrev,"",%progbits
 927              	.Ldebug_abbrev0:
 928 0000 01       		.uleb128 0x1
 929 0001 11       		.uleb128 0x11
 930 0002 01       		.byte	0x1
 931 0003 25       		.uleb128 0x25
 932 0004 0E       		.uleb128 0xe
 933 0005 13       		.uleb128 0x13
 934 0006 0B       		.uleb128 0xb
 935 0007 03       		.uleb128 0x3
 936 0008 0E       		.uleb128 0xe
 937 0009 1B       		.uleb128 0x1b
 938 000a 0E       		.uleb128 0xe
 939 000b 10       		.uleb128 0x10
 940 000c 17       		.uleb128 0x17
 941 000d 00       		.byte	0
 942 000e 00       		.byte	0
 943 000f 02       		.uleb128 0x2
 944 0010 24       		.uleb128 0x24
 945 0011 00       		.byte	0
 946 0012 0B       		.uleb128 0xb
 947 0013 0B       		.uleb128 0xb
 948 0014 3E       		.uleb128 0x3e
 949 0015 0B       		.uleb128 0xb
 950 0016 03       		.uleb128 0x3
 951 0017 0E       		.uleb128 0xe
 952 0018 00       		.byte	0
 953 0019 00       		.byte	0
 954 001a 03       		.uleb128 0x3
 955 001b 16       		.uleb128 0x16
 956 001c 00       		.byte	0
 957 001d 03       		.uleb128 0x3
 958 001e 0E       		.uleb128 0xe
 959 001f 3A       		.uleb128 0x3a
 960 0020 0B       		.uleb128 0xb
 961 0021 3B       		.uleb128 0x3b
 962 0022 0B       		.uleb128 0xb
 963 0023 49       		.uleb128 0x49
 964 0024 13       		.uleb128 0x13
 965 0025 00       		.byte	0
ARM GAS  C:\Users\emman\AppData\Local\Temp\cckoBuuG.s 			page 18


 966 0026 00       		.byte	0
 967 0027 04       		.uleb128 0x4
 968 0028 24       		.uleb128 0x24
 969 0029 00       		.byte	0
 970 002a 0B       		.uleb128 0xb
 971 002b 0B       		.uleb128 0xb
 972 002c 3E       		.uleb128 0x3e
 973 002d 0B       		.uleb128 0xb
 974 002e 03       		.uleb128 0x3
 975 002f 08       		.uleb128 0x8
 976 0030 00       		.byte	0
 977 0031 00       		.byte	0
 978 0032 05       		.uleb128 0x5
 979 0033 01       		.uleb128 0x1
 980 0034 01       		.byte	0x1
 981 0035 49       		.uleb128 0x49
 982 0036 13       		.uleb128 0x13
 983 0037 01       		.uleb128 0x1
 984 0038 13       		.uleb128 0x13
 985 0039 00       		.byte	0
 986 003a 00       		.byte	0
 987 003b 06       		.uleb128 0x6
 988 003c 21       		.uleb128 0x21
 989 003d 00       		.byte	0
 990 003e 49       		.uleb128 0x49
 991 003f 13       		.uleb128 0x13
 992 0040 2F       		.uleb128 0x2f
 993 0041 05       		.uleb128 0x5
 994 0042 00       		.byte	0
 995 0043 00       		.byte	0
 996 0044 07       		.uleb128 0x7
 997 0045 26       		.uleb128 0x26
 998 0046 00       		.byte	0
 999 0047 49       		.uleb128 0x49
 1000 0048 13       		.uleb128 0x13
 1001 0049 00       		.byte	0
 1002 004a 00       		.byte	0
 1003 004b 08       		.uleb128 0x8
 1004 004c 34       		.uleb128 0x34
 1005 004d 00       		.byte	0
 1006 004e 03       		.uleb128 0x3
 1007 004f 0E       		.uleb128 0xe
 1008 0050 3A       		.uleb128 0x3a
 1009 0051 0B       		.uleb128 0xb
 1010 0052 3B       		.uleb128 0x3b
 1011 0053 0B       		.uleb128 0xb
 1012 0054 49       		.uleb128 0x49
 1013 0055 13       		.uleb128 0x13
 1014 0056 3F       		.uleb128 0x3f
 1015 0057 19       		.uleb128 0x19
 1016 0058 02       		.uleb128 0x2
 1017 0059 18       		.uleb128 0x18
 1018 005a 00       		.byte	0
 1019 005b 00       		.byte	0
 1020 005c 09       		.uleb128 0x9
 1021 005d 21       		.uleb128 0x21
 1022 005e 00       		.byte	0
ARM GAS  C:\Users\emman\AppData\Local\Temp\cckoBuuG.s 			page 19


 1023 005f 49       		.uleb128 0x49
 1024 0060 13       		.uleb128 0x13
 1025 0061 2F       		.uleb128 0x2f
 1026 0062 0B       		.uleb128 0xb
 1027 0063 00       		.byte	0
 1028 0064 00       		.byte	0
 1029 0065 00       		.byte	0
 1030              		.section	.debug_aranges,"",%progbits
 1031 0000 14000000 		.4byte	0x14
 1032 0004 0200     		.2byte	0x2
 1033 0006 00000000 		.4byte	.Ldebug_info0
 1034 000a 04       		.byte	0x4
 1035 000b 00       		.byte	0
 1036 000c 0000     		.2byte	0
 1037 000e 0000     		.2byte	0
 1038 0010 00000000 		.4byte	0
 1039 0014 00000000 		.4byte	0
 1040              		.section	.debug_line,"",%progbits
 1041              	.Ldebug_line0:
 1042 0000 3D010000 		.section	.debug_str,"MS",%progbits,1
 1042      02003701 
 1042      00000201 
 1042      FB0E0D00 
 1042      01010101 
 1043              	.LASF9:
 1044 0000 5F5F7569 		.ascii	"__uint8_t\000"
 1044      6E74385F 
 1044      7400
 1045              	.LASF16:
 1046 000a 63795F6D 		.ascii	"cy_metadata\000"
 1046      65746164 
 1046      61746100 
 1047              	.LASF1:
 1048 0016 756E7369 		.ascii	"unsigned char\000"
 1048      676E6564 
 1048      20636861 
 1048      7200
 1049              	.LASF17:
 1050 0024 474E5520 		.ascii	"GNU C11 5.4.1 20160609 (release) [ARM/embedded-5-br"
 1050      43313120 
 1050      352E342E 
 1050      31203230 
 1050      31363036 
 1051 0057 616E6368 		.ascii	"anch revision 237715] -mcpu=cortex-m3 -mthumb -g -O"
 1051      20726576 
 1051      6973696F 
 1051      6E203233 
 1051      37373135 
 1052 008a 67202D66 		.ascii	"g -ffunction-sections -ffat-lto-objects\000"
 1052      66756E63 
 1052      74696F6E 
 1052      2D736563 
 1052      74696F6E 
 1053              	.LASF5:
 1054 00b2 6C6F6E67 		.ascii	"long unsigned int\000"
 1054      20756E73 
 1054      69676E65 
ARM GAS  C:\Users\emman\AppData\Local\Temp\cckoBuuG.s 			page 20


 1054      6420696E 
 1054      7400
 1055              	.LASF3:
 1056 00c4 73686F72 		.ascii	"short unsigned int\000"
 1056      7420756E 
 1056      7369676E 
 1056      65642069 
 1056      6E7400
 1057              	.LASF13:
 1058 00d7 63795F6D 		.ascii	"cy_meta_custnvl\000"
 1058      6574615F 
 1058      63757374 
 1058      6E766C00 
 1059              	.LASF12:
 1060 00e7 63795F6D 		.ascii	"cy_meta_configecc\000"
 1060      6574615F 
 1060      636F6E66 
 1060      69676563 
 1060      6300
 1061              	.LASF8:
 1062 00f9 756E7369 		.ascii	"unsigned int\000"
 1062      676E6564 
 1062      20696E74 
 1062      00
 1063              	.LASF7:
 1064 0106 6C6F6E67 		.ascii	"long long unsigned int\000"
 1064      206C6F6E 
 1064      6720756E 
 1064      7369676E 
 1064      65642069 
 1065              	.LASF10:
 1066 011d 75696E74 		.ascii	"uint8_t\000"
 1066      385F7400 
 1067              	.LASF15:
 1068 0125 63795F6D 		.ascii	"cy_meta_flashprotect\000"
 1068      6574615F 
 1068      666C6173 
 1068      6870726F 
 1068      74656374 
 1069              	.LASF19:
 1070 013a 453A5C55 		.ascii	"E:\\U\\Lab de Control\\PID Controler-20191011T02191"
 1070      5C4C6162 
 1070      20646520 
 1070      436F6E74 
 1070      726F6C5C 
 1071 016a 395A2D30 		.ascii	"9Z-001\\PID Controler\\Controlador.cydsn\000"
 1071      30315C50 
 1071      49442043 
 1071      6F6E7472 
 1071      6F6C6572 
 1072              	.LASF11:
 1073 0191 73697A65 		.ascii	"sizetype\000"
 1073      74797065 
 1073      00
 1074              	.LASF6:
 1075 019a 6C6F6E67 		.ascii	"long long int\000"
 1075      206C6F6E 
ARM GAS  C:\Users\emman\AppData\Local\Temp\cckoBuuG.s 			page 21


 1075      6720696E 
 1075      7400
 1076              	.LASF14:
 1077 01a8 63795F6D 		.ascii	"cy_meta_wonvl\000"
 1077      6574615F 
 1077      776F6E76 
 1077      6C00
 1078              	.LASF2:
 1079 01b6 73686F72 		.ascii	"short int\000"
 1079      7420696E 
 1079      7400
 1080              	.LASF4:
 1081 01c0 6C6F6E67 		.ascii	"long int\000"
 1081      20696E74 
 1081      00
 1082              	.LASF0:
 1083 01c9 7369676E 		.ascii	"signed char\000"
 1083      65642063 
 1083      68617200 
 1084              	.LASF18:
 1085 01d5 47656E65 		.ascii	"Generated_Source\\PSoC5\\cymetadata.c\000"
 1085      72617465 
 1085      645F536F 
 1085      75726365 
 1085      5C50536F 
 1086              		.ident	"GCC: (GNU Tools for ARM Embedded Processors) 5.4.1 20160609 (release) [ARM/embedded-5-bran
