ARM GAS  C:\Users\emman\AppData\Local\Temp\ccvWiAwj.s 			page 1


   1              		.syntax unified
   2              		.cpu cortex-m3
   3              		.fpu softvfp
   4              		.eabi_attribute 20, 1
   5              		.eabi_attribute 21, 1
   6              		.eabi_attribute 23, 3
   7              		.eabi_attribute 24, 1
   8              		.eabi_attribute 25, 1
   9              		.eabi_attribute 26, 1
  10              		.eabi_attribute 30, 1
  11              		.eabi_attribute 34, 1
  12              		.eabi_attribute 18, 4
  13              		.thumb
  14              		.syntax unified
  15              		.file	"PWM_Y_PM.c"
  16              		.text
  17              	.Ltext0:
  18              		.cfi_sections	.debug_frame
  19              		.section	.text.PWM_Y_SaveConfig,"ax",%progbits
  20              		.align	2
  21              		.global	PWM_Y_SaveConfig
  22              		.thumb
  23              		.thumb_func
  24              		.type	PWM_Y_SaveConfig, %function
  25              	PWM_Y_SaveConfig:
  26              	.LFB0:
  27              		.file 1 "Generated_Source\\PSoC5\\PWM_Y_PM.c"
   1:Generated_Source\PSoC5/PWM_Y_PM.c **** /*******************************************************************************
   2:Generated_Source\PSoC5/PWM_Y_PM.c **** * File Name: PWM_Y_PM.c
   3:Generated_Source\PSoC5/PWM_Y_PM.c **** * Version 3.30
   4:Generated_Source\PSoC5/PWM_Y_PM.c **** *
   5:Generated_Source\PSoC5/PWM_Y_PM.c **** * Description:
   6:Generated_Source\PSoC5/PWM_Y_PM.c **** *  This file provides the power management source code to API for the
   7:Generated_Source\PSoC5/PWM_Y_PM.c **** *  PWM.
   8:Generated_Source\PSoC5/PWM_Y_PM.c **** *
   9:Generated_Source\PSoC5/PWM_Y_PM.c **** * Note:
  10:Generated_Source\PSoC5/PWM_Y_PM.c **** *
  11:Generated_Source\PSoC5/PWM_Y_PM.c **** ********************************************************************************
  12:Generated_Source\PSoC5/PWM_Y_PM.c **** * Copyright 2008-2014, Cypress Semiconductor Corporation.  All rights reserved.
  13:Generated_Source\PSoC5/PWM_Y_PM.c **** * You may use this file only in accordance with the license, terms, conditions,
  14:Generated_Source\PSoC5/PWM_Y_PM.c **** * disclaimers, and limitations in the end user license agreement accompanying
  15:Generated_Source\PSoC5/PWM_Y_PM.c **** * the software package with which this file was provided.
  16:Generated_Source\PSoC5/PWM_Y_PM.c **** *******************************************************************************/
  17:Generated_Source\PSoC5/PWM_Y_PM.c **** 
  18:Generated_Source\PSoC5/PWM_Y_PM.c **** #include "PWM_Y.h"
  19:Generated_Source\PSoC5/PWM_Y_PM.c **** 
  20:Generated_Source\PSoC5/PWM_Y_PM.c **** static PWM_Y_backupStruct PWM_Y_backup;
  21:Generated_Source\PSoC5/PWM_Y_PM.c **** 
  22:Generated_Source\PSoC5/PWM_Y_PM.c **** 
  23:Generated_Source\PSoC5/PWM_Y_PM.c **** /*******************************************************************************
  24:Generated_Source\PSoC5/PWM_Y_PM.c **** * Function Name: PWM_Y_SaveConfig
  25:Generated_Source\PSoC5/PWM_Y_PM.c **** ********************************************************************************
  26:Generated_Source\PSoC5/PWM_Y_PM.c **** *
  27:Generated_Source\PSoC5/PWM_Y_PM.c **** * Summary:
  28:Generated_Source\PSoC5/PWM_Y_PM.c **** *  Saves the current user configuration of the component.
  29:Generated_Source\PSoC5/PWM_Y_PM.c **** *
  30:Generated_Source\PSoC5/PWM_Y_PM.c **** * Parameters:
ARM GAS  C:\Users\emman\AppData\Local\Temp\ccvWiAwj.s 			page 2


  31:Generated_Source\PSoC5/PWM_Y_PM.c **** *  None
  32:Generated_Source\PSoC5/PWM_Y_PM.c **** *
  33:Generated_Source\PSoC5/PWM_Y_PM.c **** * Return:
  34:Generated_Source\PSoC5/PWM_Y_PM.c **** *  None
  35:Generated_Source\PSoC5/PWM_Y_PM.c **** *
  36:Generated_Source\PSoC5/PWM_Y_PM.c **** * Global variables:
  37:Generated_Source\PSoC5/PWM_Y_PM.c **** *  PWM_Y_backup:  Variables of this global structure are modified to
  38:Generated_Source\PSoC5/PWM_Y_PM.c **** *  store the values of non retention configuration registers when Sleep() API is
  39:Generated_Source\PSoC5/PWM_Y_PM.c **** *  called.
  40:Generated_Source\PSoC5/PWM_Y_PM.c **** *
  41:Generated_Source\PSoC5/PWM_Y_PM.c **** *******************************************************************************/
  42:Generated_Source\PSoC5/PWM_Y_PM.c **** void PWM_Y_SaveConfig(void) 
  43:Generated_Source\PSoC5/PWM_Y_PM.c **** {
  28              		.loc 1 43 0
  29              		.cfi_startproc
  30              		@ args = 0, pretend = 0, frame = 0
  31              		@ frame_needed = 0, uses_anonymous_args = 0
  32 0000 10B5     		push	{r4, lr}
  33              		.cfi_def_cfa_offset 8
  34              		.cfi_offset 4, -8
  35              		.cfi_offset 14, -4
  44:Generated_Source\PSoC5/PWM_Y_PM.c **** 
  45:Generated_Source\PSoC5/PWM_Y_PM.c ****     #if(!PWM_Y_UsingFixedFunction)
  46:Generated_Source\PSoC5/PWM_Y_PM.c ****         #if(!PWM_Y_PWMModeIsCenterAligned)
  47:Generated_Source\PSoC5/PWM_Y_PM.c ****             PWM_Y_backup.PWMPeriod = PWM_Y_ReadPeriod();
  36              		.loc 1 47 0
  37 0002 FFF7FEFF 		bl	PWM_Y_ReadPeriod
  38              	.LVL0:
  39 0006 064C     		ldr	r4, .L3
  40 0008 A080     		strh	r0, [r4, #4]	@ movhi
  48:Generated_Source\PSoC5/PWM_Y_PM.c ****         #endif /* (!PWM_Y_PWMModeIsCenterAligned) */
  49:Generated_Source\PSoC5/PWM_Y_PM.c ****         PWM_Y_backup.PWMUdb = PWM_Y_ReadCounter();
  41              		.loc 1 49 0
  42 000a FFF7FEFF 		bl	PWM_Y_ReadCounter
  43              	.LVL1:
  44 000e 6080     		strh	r0, [r4, #2]	@ movhi
  50:Generated_Source\PSoC5/PWM_Y_PM.c ****         #if (PWM_Y_UseStatus)
  51:Generated_Source\PSoC5/PWM_Y_PM.c ****             PWM_Y_backup.InterruptMaskValue = PWM_Y_STATUS_MASK;
  45              		.loc 1 51 0
  46 0010 044B     		ldr	r3, .L3+4
  47 0012 1B78     		ldrb	r3, [r3]	@ zero_extendqisi2
  48 0014 A371     		strb	r3, [r4, #6]
  52:Generated_Source\PSoC5/PWM_Y_PM.c ****         #endif /* (PWM_Y_UseStatus) */
  53:Generated_Source\PSoC5/PWM_Y_PM.c **** 
  54:Generated_Source\PSoC5/PWM_Y_PM.c ****         #if(PWM_Y_DeadBandMode == PWM_Y__B_PWM__DBM_256_CLOCKS || \
  55:Generated_Source\PSoC5/PWM_Y_PM.c ****             PWM_Y_DeadBandMode == PWM_Y__B_PWM__DBM_2_4_CLOCKS)
  56:Generated_Source\PSoC5/PWM_Y_PM.c ****             PWM_Y_backup.PWMdeadBandValue = PWM_Y_ReadDeadTime();
  57:Generated_Source\PSoC5/PWM_Y_PM.c ****         #endif /*  deadband count is either 2-4 clocks or 256 clocks */
  58:Generated_Source\PSoC5/PWM_Y_PM.c **** 
  59:Generated_Source\PSoC5/PWM_Y_PM.c ****         #if(PWM_Y_KillModeMinTime)
  60:Generated_Source\PSoC5/PWM_Y_PM.c ****              PWM_Y_backup.PWMKillCounterPeriod = PWM_Y_ReadKillTime();
  61:Generated_Source\PSoC5/PWM_Y_PM.c ****         #endif /* (PWM_Y_KillModeMinTime) */
  62:Generated_Source\PSoC5/PWM_Y_PM.c **** 
  63:Generated_Source\PSoC5/PWM_Y_PM.c ****         #if(PWM_Y_UseControl)
  64:Generated_Source\PSoC5/PWM_Y_PM.c ****             PWM_Y_backup.PWMControlRegister = PWM_Y_ReadControlRegister();
  49              		.loc 1 64 0
  50 0016 FFF7FEFF 		bl	PWM_Y_ReadControlRegister
ARM GAS  C:\Users\emman\AppData\Local\Temp\ccvWiAwj.s 			page 3


  51              	.LVL2:
  52 001a E071     		strb	r0, [r4, #7]
  53 001c 10BD     		pop	{r4, pc}
  54              	.L4:
  55 001e 00BF     		.align	2
  56              	.L3:
  57 0020 00000000 		.word	.LANCHOR0
  58 0024 8D640040 		.word	1073767565
  59              		.cfi_endproc
  60              	.LFE0:
  61              		.size	PWM_Y_SaveConfig, .-PWM_Y_SaveConfig
  62              		.section	.text.PWM_Y_RestoreConfig,"ax",%progbits
  63              		.align	2
  64              		.global	PWM_Y_RestoreConfig
  65              		.thumb
  66              		.thumb_func
  67              		.type	PWM_Y_RestoreConfig, %function
  68              	PWM_Y_RestoreConfig:
  69              	.LFB1:
  65:Generated_Source\PSoC5/PWM_Y_PM.c ****         #endif /* (PWM_Y_UseControl) */
  66:Generated_Source\PSoC5/PWM_Y_PM.c ****     #endif  /* (!PWM_Y_UsingFixedFunction) */
  67:Generated_Source\PSoC5/PWM_Y_PM.c **** }
  68:Generated_Source\PSoC5/PWM_Y_PM.c **** 
  69:Generated_Source\PSoC5/PWM_Y_PM.c **** 
  70:Generated_Source\PSoC5/PWM_Y_PM.c **** /*******************************************************************************
  71:Generated_Source\PSoC5/PWM_Y_PM.c **** * Function Name: PWM_Y_RestoreConfig
  72:Generated_Source\PSoC5/PWM_Y_PM.c **** ********************************************************************************
  73:Generated_Source\PSoC5/PWM_Y_PM.c **** *
  74:Generated_Source\PSoC5/PWM_Y_PM.c **** * Summary:
  75:Generated_Source\PSoC5/PWM_Y_PM.c **** *  Restores the current user configuration of the component.
  76:Generated_Source\PSoC5/PWM_Y_PM.c **** *
  77:Generated_Source\PSoC5/PWM_Y_PM.c **** * Parameters:
  78:Generated_Source\PSoC5/PWM_Y_PM.c **** *  None
  79:Generated_Source\PSoC5/PWM_Y_PM.c **** *
  80:Generated_Source\PSoC5/PWM_Y_PM.c **** * Return:
  81:Generated_Source\PSoC5/PWM_Y_PM.c **** *  None
  82:Generated_Source\PSoC5/PWM_Y_PM.c **** *
  83:Generated_Source\PSoC5/PWM_Y_PM.c **** * Global variables:
  84:Generated_Source\PSoC5/PWM_Y_PM.c **** *  PWM_Y_backup:  Variables of this global structure are used to
  85:Generated_Source\PSoC5/PWM_Y_PM.c **** *  restore the values of non retention registers on wakeup from sleep mode.
  86:Generated_Source\PSoC5/PWM_Y_PM.c **** *
  87:Generated_Source\PSoC5/PWM_Y_PM.c **** *******************************************************************************/
  88:Generated_Source\PSoC5/PWM_Y_PM.c **** void PWM_Y_RestoreConfig(void) 
  89:Generated_Source\PSoC5/PWM_Y_PM.c **** {
  70              		.loc 1 89 0
  71              		.cfi_startproc
  72              		@ args = 0, pretend = 0, frame = 0
  73              		@ frame_needed = 0, uses_anonymous_args = 0
  74 0000 10B5     		push	{r4, lr}
  75              		.cfi_def_cfa_offset 8
  76              		.cfi_offset 4, -8
  77              		.cfi_offset 14, -4
  90:Generated_Source\PSoC5/PWM_Y_PM.c ****         #if(!PWM_Y_UsingFixedFunction)
  91:Generated_Source\PSoC5/PWM_Y_PM.c ****             #if(!PWM_Y_PWMModeIsCenterAligned)
  92:Generated_Source\PSoC5/PWM_Y_PM.c ****                 PWM_Y_WritePeriod(PWM_Y_backup.PWMPeriod);
  78              		.loc 1 92 0
  79 0002 074C     		ldr	r4, .L7
ARM GAS  C:\Users\emman\AppData\Local\Temp\ccvWiAwj.s 			page 4


  80 0004 A088     		ldrh	r0, [r4, #4]
  81 0006 FFF7FEFF 		bl	PWM_Y_WritePeriod
  82              	.LVL3:
  93:Generated_Source\PSoC5/PWM_Y_PM.c ****             #endif /* (!PWM_Y_PWMModeIsCenterAligned) */
  94:Generated_Source\PSoC5/PWM_Y_PM.c **** 
  95:Generated_Source\PSoC5/PWM_Y_PM.c ****             PWM_Y_WriteCounter(PWM_Y_backup.PWMUdb);
  83              		.loc 1 95 0
  84 000a 6088     		ldrh	r0, [r4, #2]
  85 000c FFF7FEFF 		bl	PWM_Y_WriteCounter
  86              	.LVL4:
  96:Generated_Source\PSoC5/PWM_Y_PM.c **** 
  97:Generated_Source\PSoC5/PWM_Y_PM.c ****             #if (PWM_Y_UseStatus)
  98:Generated_Source\PSoC5/PWM_Y_PM.c ****                 PWM_Y_STATUS_MASK = PWM_Y_backup.InterruptMaskValue;
  87              		.loc 1 98 0
  88 0010 A279     		ldrb	r2, [r4, #6]	@ zero_extendqisi2
  89 0012 044B     		ldr	r3, .L7+4
  90 0014 1A70     		strb	r2, [r3]
  99:Generated_Source\PSoC5/PWM_Y_PM.c ****             #endif /* (PWM_Y_UseStatus) */
 100:Generated_Source\PSoC5/PWM_Y_PM.c **** 
 101:Generated_Source\PSoC5/PWM_Y_PM.c ****             #if(PWM_Y_DeadBandMode == PWM_Y__B_PWM__DBM_256_CLOCKS || \
 102:Generated_Source\PSoC5/PWM_Y_PM.c ****                 PWM_Y_DeadBandMode == PWM_Y__B_PWM__DBM_2_4_CLOCKS)
 103:Generated_Source\PSoC5/PWM_Y_PM.c ****                 PWM_Y_WriteDeadTime(PWM_Y_backup.PWMdeadBandValue);
 104:Generated_Source\PSoC5/PWM_Y_PM.c ****             #endif /* deadband count is either 2-4 clocks or 256 clocks */
 105:Generated_Source\PSoC5/PWM_Y_PM.c **** 
 106:Generated_Source\PSoC5/PWM_Y_PM.c ****             #if(PWM_Y_KillModeMinTime)
 107:Generated_Source\PSoC5/PWM_Y_PM.c ****                 PWM_Y_WriteKillTime(PWM_Y_backup.PWMKillCounterPeriod);
 108:Generated_Source\PSoC5/PWM_Y_PM.c ****             #endif /* (PWM_Y_KillModeMinTime) */
 109:Generated_Source\PSoC5/PWM_Y_PM.c **** 
 110:Generated_Source\PSoC5/PWM_Y_PM.c ****             #if(PWM_Y_UseControl)
 111:Generated_Source\PSoC5/PWM_Y_PM.c ****                 PWM_Y_WriteControlRegister(PWM_Y_backup.PWMControlRegister);
  91              		.loc 1 111 0
  92 0016 E079     		ldrb	r0, [r4, #7]	@ zero_extendqisi2
  93 0018 FFF7FEFF 		bl	PWM_Y_WriteControlRegister
  94              	.LVL5:
  95 001c 10BD     		pop	{r4, pc}
  96              	.L8:
  97 001e 00BF     		.align	2
  98              	.L7:
  99 0020 00000000 		.word	.LANCHOR0
 100 0024 8D640040 		.word	1073767565
 101              		.cfi_endproc
 102              	.LFE1:
 103              		.size	PWM_Y_RestoreConfig, .-PWM_Y_RestoreConfig
 104              		.section	.text.PWM_Y_Sleep,"ax",%progbits
 105              		.align	2
 106              		.global	PWM_Y_Sleep
 107              		.thumb
 108              		.thumb_func
 109              		.type	PWM_Y_Sleep, %function
 110              	PWM_Y_Sleep:
 111              	.LFB2:
 112:Generated_Source\PSoC5/PWM_Y_PM.c ****             #endif /* (PWM_Y_UseControl) */
 113:Generated_Source\PSoC5/PWM_Y_PM.c ****         #endif  /* (!PWM_Y_UsingFixedFunction) */
 114:Generated_Source\PSoC5/PWM_Y_PM.c ****     }
 115:Generated_Source\PSoC5/PWM_Y_PM.c **** 
 116:Generated_Source\PSoC5/PWM_Y_PM.c **** 
 117:Generated_Source\PSoC5/PWM_Y_PM.c **** /*******************************************************************************
ARM GAS  C:\Users\emman\AppData\Local\Temp\ccvWiAwj.s 			page 5


 118:Generated_Source\PSoC5/PWM_Y_PM.c **** * Function Name: PWM_Y_Sleep
 119:Generated_Source\PSoC5/PWM_Y_PM.c **** ********************************************************************************
 120:Generated_Source\PSoC5/PWM_Y_PM.c **** *
 121:Generated_Source\PSoC5/PWM_Y_PM.c **** * Summary:
 122:Generated_Source\PSoC5/PWM_Y_PM.c **** *  Disables block's operation and saves the user configuration. Should be called
 123:Generated_Source\PSoC5/PWM_Y_PM.c **** *  just prior to entering sleep.
 124:Generated_Source\PSoC5/PWM_Y_PM.c **** *
 125:Generated_Source\PSoC5/PWM_Y_PM.c **** * Parameters:
 126:Generated_Source\PSoC5/PWM_Y_PM.c **** *  None
 127:Generated_Source\PSoC5/PWM_Y_PM.c **** *
 128:Generated_Source\PSoC5/PWM_Y_PM.c **** * Return:
 129:Generated_Source\PSoC5/PWM_Y_PM.c **** *  None
 130:Generated_Source\PSoC5/PWM_Y_PM.c **** *
 131:Generated_Source\PSoC5/PWM_Y_PM.c **** * Global variables:
 132:Generated_Source\PSoC5/PWM_Y_PM.c **** *  PWM_Y_backup.PWMEnableState:  Is modified depending on the enable
 133:Generated_Source\PSoC5/PWM_Y_PM.c **** *  state of the block before entering sleep mode.
 134:Generated_Source\PSoC5/PWM_Y_PM.c **** *
 135:Generated_Source\PSoC5/PWM_Y_PM.c **** *******************************************************************************/
 136:Generated_Source\PSoC5/PWM_Y_PM.c **** void PWM_Y_Sleep(void) 
 137:Generated_Source\PSoC5/PWM_Y_PM.c **** {
 112              		.loc 1 137 0
 113              		.cfi_startproc
 114              		@ args = 0, pretend = 0, frame = 0
 115              		@ frame_needed = 0, uses_anonymous_args = 0
 116 0000 08B5     		push	{r3, lr}
 117              		.cfi_def_cfa_offset 8
 118              		.cfi_offset 3, -8
 119              		.cfi_offset 14, -4
 138:Generated_Source\PSoC5/PWM_Y_PM.c ****     #if(PWM_Y_UseControl)
 139:Generated_Source\PSoC5/PWM_Y_PM.c ****         if(PWM_Y_CTRL_ENABLE == (PWM_Y_CONTROL & PWM_Y_CTRL_ENABLE))
 120              		.loc 1 139 0
 121 0002 084B     		ldr	r3, .L13
 122 0004 1B78     		ldrb	r3, [r3]	@ zero_extendqisi2
 123 0006 13F0800F 		tst	r3, #128
 124 000a 03D0     		beq	.L10
 140:Generated_Source\PSoC5/PWM_Y_PM.c ****         {
 141:Generated_Source\PSoC5/PWM_Y_PM.c ****             /*Component is enabled */
 142:Generated_Source\PSoC5/PWM_Y_PM.c ****             PWM_Y_backup.PWMEnableState = 1u;
 125              		.loc 1 142 0
 126 000c 0122     		movs	r2, #1
 127 000e 064B     		ldr	r3, .L13+4
 128 0010 1A70     		strb	r2, [r3]
 129 0012 02E0     		b	.L11
 130              	.L10:
 143:Generated_Source\PSoC5/PWM_Y_PM.c ****         }
 144:Generated_Source\PSoC5/PWM_Y_PM.c ****         else
 145:Generated_Source\PSoC5/PWM_Y_PM.c ****         {
 146:Generated_Source\PSoC5/PWM_Y_PM.c ****             /* Component is disabled */
 147:Generated_Source\PSoC5/PWM_Y_PM.c ****             PWM_Y_backup.PWMEnableState = 0u;
 131              		.loc 1 147 0
 132 0014 0022     		movs	r2, #0
 133 0016 044B     		ldr	r3, .L13+4
 134 0018 1A70     		strb	r2, [r3]
 135              	.L11:
 148:Generated_Source\PSoC5/PWM_Y_PM.c ****         }
 149:Generated_Source\PSoC5/PWM_Y_PM.c ****     #endif /* (PWM_Y_UseControl) */
 150:Generated_Source\PSoC5/PWM_Y_PM.c **** 
ARM GAS  C:\Users\emman\AppData\Local\Temp\ccvWiAwj.s 			page 6


 151:Generated_Source\PSoC5/PWM_Y_PM.c ****     /* Stop component */
 152:Generated_Source\PSoC5/PWM_Y_PM.c ****     PWM_Y_Stop();
 136              		.loc 1 152 0
 137 001a FFF7FEFF 		bl	PWM_Y_Stop
 138              	.LVL6:
 153:Generated_Source\PSoC5/PWM_Y_PM.c **** 
 154:Generated_Source\PSoC5/PWM_Y_PM.c ****     /* Save registers configuration */
 155:Generated_Source\PSoC5/PWM_Y_PM.c ****     PWM_Y_SaveConfig();
 139              		.loc 1 155 0
 140 001e FFF7FEFF 		bl	PWM_Y_SaveConfig
 141              	.LVL7:
 142 0022 08BD     		pop	{r3, pc}
 143              	.L14:
 144              		.align	2
 145              	.L13:
 146 0024 7D640040 		.word	1073767549
 147 0028 00000000 		.word	.LANCHOR0
 148              		.cfi_endproc
 149              	.LFE2:
 150              		.size	PWM_Y_Sleep, .-PWM_Y_Sleep
 151              		.section	.text.PWM_Y_Wakeup,"ax",%progbits
 152              		.align	2
 153              		.global	PWM_Y_Wakeup
 154              		.thumb
 155              		.thumb_func
 156              		.type	PWM_Y_Wakeup, %function
 157              	PWM_Y_Wakeup:
 158              	.LFB3:
 156:Generated_Source\PSoC5/PWM_Y_PM.c **** }
 157:Generated_Source\PSoC5/PWM_Y_PM.c **** 
 158:Generated_Source\PSoC5/PWM_Y_PM.c **** 
 159:Generated_Source\PSoC5/PWM_Y_PM.c **** /*******************************************************************************
 160:Generated_Source\PSoC5/PWM_Y_PM.c **** * Function Name: PWM_Y_Wakeup
 161:Generated_Source\PSoC5/PWM_Y_PM.c **** ********************************************************************************
 162:Generated_Source\PSoC5/PWM_Y_PM.c **** *
 163:Generated_Source\PSoC5/PWM_Y_PM.c **** * Summary:
 164:Generated_Source\PSoC5/PWM_Y_PM.c **** *  Restores and enables the user configuration. Should be called just after
 165:Generated_Source\PSoC5/PWM_Y_PM.c **** *  awaking from sleep.
 166:Generated_Source\PSoC5/PWM_Y_PM.c **** *
 167:Generated_Source\PSoC5/PWM_Y_PM.c **** * Parameters:
 168:Generated_Source\PSoC5/PWM_Y_PM.c **** *  None
 169:Generated_Source\PSoC5/PWM_Y_PM.c **** *
 170:Generated_Source\PSoC5/PWM_Y_PM.c **** * Return:
 171:Generated_Source\PSoC5/PWM_Y_PM.c **** *  None
 172:Generated_Source\PSoC5/PWM_Y_PM.c **** *
 173:Generated_Source\PSoC5/PWM_Y_PM.c **** * Global variables:
 174:Generated_Source\PSoC5/PWM_Y_PM.c **** *  PWM_Y_backup.pwmEnable:  Is used to restore the enable state of
 175:Generated_Source\PSoC5/PWM_Y_PM.c **** *  block on wakeup from sleep mode.
 176:Generated_Source\PSoC5/PWM_Y_PM.c **** *
 177:Generated_Source\PSoC5/PWM_Y_PM.c **** *******************************************************************************/
 178:Generated_Source\PSoC5/PWM_Y_PM.c **** void PWM_Y_Wakeup(void) 
 179:Generated_Source\PSoC5/PWM_Y_PM.c **** {
 159              		.loc 1 179 0
 160              		.cfi_startproc
 161              		@ args = 0, pretend = 0, frame = 0
 162              		@ frame_needed = 0, uses_anonymous_args = 0
 163 0000 08B5     		push	{r3, lr}
ARM GAS  C:\Users\emman\AppData\Local\Temp\ccvWiAwj.s 			page 7


 164              		.cfi_def_cfa_offset 8
 165              		.cfi_offset 3, -8
 166              		.cfi_offset 14, -4
 180:Generated_Source\PSoC5/PWM_Y_PM.c ****      /* Restore registers values */
 181:Generated_Source\PSoC5/PWM_Y_PM.c ****     PWM_Y_RestoreConfig();
 167              		.loc 1 181 0
 168 0002 FFF7FEFF 		bl	PWM_Y_RestoreConfig
 169              	.LVL8:
 182:Generated_Source\PSoC5/PWM_Y_PM.c **** 
 183:Generated_Source\PSoC5/PWM_Y_PM.c ****     if(PWM_Y_backup.PWMEnableState != 0u)
 170              		.loc 1 183 0
 171 0006 034B     		ldr	r3, .L18
 172 0008 1B78     		ldrb	r3, [r3]	@ zero_extendqisi2
 173 000a 0BB1     		cbz	r3, .L15
 184:Generated_Source\PSoC5/PWM_Y_PM.c ****     {
 185:Generated_Source\PSoC5/PWM_Y_PM.c ****         /* Enable component's operation */
 186:Generated_Source\PSoC5/PWM_Y_PM.c ****         PWM_Y_Enable();
 174              		.loc 1 186 0
 175 000c FFF7FEFF 		bl	PWM_Y_Enable
 176              	.LVL9:
 177              	.L15:
 178 0010 08BD     		pop	{r3, pc}
 179              	.L19:
 180 0012 00BF     		.align	2
 181              	.L18:
 182 0014 00000000 		.word	.LANCHOR0
 183              		.cfi_endproc
 184              	.LFE3:
 185              		.size	PWM_Y_Wakeup, .-PWM_Y_Wakeup
 186              		.bss
 187              		.align	2
 188              		.set	.LANCHOR0,. + 0
 189              		.type	PWM_Y_backup, %object
 190              		.size	PWM_Y_backup, 8
 191              	PWM_Y_backup:
 192 0000 00000000 		.space	8
 192      00000000 
 193              		.text
 194              	.Letext0:
 195              		.file 2 "Generated_Source\\PSoC5\\cytypes.h"
 196              		.file 3 "Generated_Source\\PSoC5\\PWM_Y.h"
 197              		.section	.debug_info,"",%progbits
 198              	.Ldebug_info0:
 199 0000 1F020000 		.4byte	0x21f
 200 0004 0400     		.2byte	0x4
 201 0006 00000000 		.4byte	.Ldebug_abbrev0
 202 000a 04       		.byte	0x4
 203 000b 01       		.uleb128 0x1
 204 000c 87000000 		.4byte	.LASF35
 205 0010 0C       		.byte	0xc
 206 0011 C7010000 		.4byte	.LASF36
 207 0015 E9010000 		.4byte	.LASF37
 208 0019 00000000 		.4byte	.Ldebug_ranges0+0
 209 001d 00000000 		.4byte	0
 210 0021 00000000 		.4byte	.Ldebug_line0
 211 0025 02       		.uleb128 0x2
 212 0026 01       		.byte	0x1
ARM GAS  C:\Users\emman\AppData\Local\Temp\ccvWiAwj.s 			page 8


 213 0027 06       		.byte	0x6
 214 0028 AA020000 		.4byte	.LASF0
 215 002c 02       		.uleb128 0x2
 216 002d 01       		.byte	0x1
 217 002e 08       		.byte	0x8
 218 002f 79000000 		.4byte	.LASF1
 219 0033 02       		.uleb128 0x2
 220 0034 02       		.byte	0x2
 221 0035 05       		.byte	0x5
 222 0036 68020000 		.4byte	.LASF2
 223 003a 02       		.uleb128 0x2
 224 003b 02       		.byte	0x2
 225 003c 07       		.byte	0x7
 226 003d 3D000000 		.4byte	.LASF3
 227 0041 02       		.uleb128 0x2
 228 0042 04       		.byte	0x4
 229 0043 05       		.byte	0x5
 230 0044 83020000 		.4byte	.LASF4
 231 0048 02       		.uleb128 0x2
 232 0049 04       		.byte	0x4
 233 004a 07       		.byte	0x7
 234 004b 24010000 		.4byte	.LASF5
 235 004f 02       		.uleb128 0x2
 236 0050 08       		.byte	0x8
 237 0051 05       		.byte	0x5
 238 0052 55020000 		.4byte	.LASF6
 239 0056 02       		.uleb128 0x2
 240 0057 08       		.byte	0x8
 241 0058 07       		.byte	0x7
 242 0059 95010000 		.4byte	.LASF7
 243 005d 03       		.uleb128 0x3
 244 005e 04       		.byte	0x4
 245 005f 05       		.byte	0x5
 246 0060 696E7400 		.ascii	"int\000"
 247 0064 02       		.uleb128 0x2
 248 0065 04       		.byte	0x4
 249 0066 07       		.byte	0x7
 250 0067 7B010000 		.4byte	.LASF8
 251 006b 04       		.uleb128 0x4
 252 006c 36010000 		.4byte	.LASF9
 253 0070 02       		.byte	0x2
 254 0071 E401     		.2byte	0x1e4
 255 0073 2C000000 		.4byte	0x2c
 256 0077 04       		.uleb128 0x4
 257 0078 56010000 		.4byte	.LASF10
 258 007c 02       		.byte	0x2
 259 007d E501     		.2byte	0x1e5
 260 007f 3A000000 		.4byte	0x3a
 261 0083 02       		.uleb128 0x2
 262 0084 04       		.byte	0x4
 263 0085 04       		.byte	0x4
 264 0086 73000000 		.4byte	.LASF11
 265 008a 02       		.uleb128 0x2
 266 008b 08       		.byte	0x8
 267 008c 04       		.byte	0x4
 268 008d 4F010000 		.4byte	.LASF12
 269 0091 02       		.uleb128 0x2
ARM GAS  C:\Users\emman\AppData\Local\Temp\ccvWiAwj.s 			page 9


 270 0092 01       		.byte	0x1
 271 0093 08       		.byte	0x8
 272 0094 63020000 		.4byte	.LASF13
 273 0098 04       		.uleb128 0x4
 274 0099 38000000 		.4byte	.LASF14
 275 009d 02       		.byte	0x2
 276 009e 8E02     		.2byte	0x28e
 277 00a0 A4000000 		.4byte	0xa4
 278 00a4 05       		.uleb128 0x5
 279 00a5 6B000000 		.4byte	0x6b
 280 00a9 02       		.uleb128 0x2
 281 00aa 08       		.byte	0x8
 282 00ab 04       		.byte	0x4
 283 00ac 9E020000 		.4byte	.LASF15
 284 00b0 02       		.uleb128 0x2
 285 00b1 04       		.byte	0x4
 286 00b2 07       		.byte	0x7
 287 00b3 4C020000 		.4byte	.LASF16
 288 00b7 06       		.uleb128 0x6
 289 00b8 08       		.byte	0x8
 290 00b9 03       		.byte	0x3
 291 00ba 6B       		.byte	0x6b
 292 00bb FC000000 		.4byte	0xfc
 293 00bf 07       		.uleb128 0x7
 294 00c0 15010000 		.4byte	.LASF17
 295 00c4 03       		.byte	0x3
 296 00c5 6E       		.byte	0x6e
 297 00c6 6B000000 		.4byte	0x6b
 298 00ca 00       		.byte	0
 299 00cb 07       		.uleb128 0x7
 300 00cc 1A000000 		.4byte	.LASF18
 301 00d0 03       		.byte	0x3
 302 00d1 71       		.byte	0x71
 303 00d2 77000000 		.4byte	0x77
 304 00d6 02       		.byte	0x2
 305 00d7 07       		.uleb128 0x7
 306 00d8 2E000000 		.4byte	.LASF19
 307 00dc 03       		.byte	0x3
 308 00dd 73       		.byte	0x73
 309 00de 77000000 		.4byte	0x77
 310 00e2 04       		.byte	0x4
 311 00e3 07       		.uleb128 0x7
 312 00e4 EA020000 		.4byte	.LASF20
 313 00e8 03       		.byte	0x3
 314 00e9 76       		.byte	0x76
 315 00ea 6B000000 		.4byte	0x6b
 316 00ee 06       		.byte	0x6
 317 00ef 07       		.uleb128 0x7
 318 00f0 3C010000 		.4byte	.LASF21
 319 00f4 03       		.byte	0x3
 320 00f5 86       		.byte	0x86
 321 00f6 6B000000 		.4byte	0x6b
 322 00fa 07       		.byte	0x7
 323 00fb 00       		.byte	0
 324 00fc 08       		.uleb128 0x8
 325 00fd D7020000 		.4byte	.LASF22
 326 0101 03       		.byte	0x3
ARM GAS  C:\Users\emman\AppData\Local\Temp\ccvWiAwj.s 			page 10


 327 0102 8B       		.byte	0x8b
 328 0103 B7000000 		.4byte	0xb7
 329 0107 09       		.uleb128 0x9
 330 0108 72020000 		.4byte	.LASF23
 331 010c 01       		.byte	0x1
 332 010d 2A       		.byte	0x2a
 333 010e 00000000 		.4byte	.LFB0
 334 0112 28000000 		.4byte	.LFE0-.LFB0
 335 0116 01       		.uleb128 0x1
 336 0117 9C       		.byte	0x9c
 337 0118 38010000 		.4byte	0x138
 338 011c 0A       		.uleb128 0xa
 339 011d 06000000 		.4byte	.LVL0
 340 0121 CA010000 		.4byte	0x1ca
 341 0125 0A       		.uleb128 0xa
 342 0126 0E000000 		.4byte	.LVL1
 343 012a D5010000 		.4byte	0x1d5
 344 012e 0A       		.uleb128 0xa
 345 012f 1A000000 		.4byte	.LVL2
 346 0133 E0010000 		.4byte	0x1e0
 347 0137 00       		.byte	0
 348 0138 09       		.uleb128 0x9
 349 0139 C3020000 		.4byte	.LASF24
 350 013d 01       		.byte	0x1
 351 013e 58       		.byte	0x58
 352 013f 00000000 		.4byte	.LFB1
 353 0143 28000000 		.4byte	.LFE1-.LFB1
 354 0147 01       		.uleb128 0x1
 355 0148 9C       		.byte	0x9c
 356 0149 69010000 		.4byte	0x169
 357 014d 0A       		.uleb128 0xa
 358 014e 0A000000 		.4byte	.LVL3
 359 0152 EB010000 		.4byte	0x1eb
 360 0156 0A       		.uleb128 0xa
 361 0157 10000000 		.4byte	.LVL4
 362 015b F6010000 		.4byte	0x1f6
 363 015f 0A       		.uleb128 0xa
 364 0160 1C000000 		.4byte	.LVL5
 365 0164 01020000 		.4byte	0x201
 366 0168 00       		.byte	0
 367 0169 09       		.uleb128 0x9
 368 016a 40020000 		.4byte	.LASF25
 369 016e 01       		.byte	0x1
 370 016f 88       		.byte	0x88
 371 0170 00000000 		.4byte	.LFB2
 372 0174 2C000000 		.4byte	.LFE2-.LFB2
 373 0178 01       		.uleb128 0x1
 374 0179 9C       		.byte	0x9c
 375 017a 91010000 		.4byte	0x191
 376 017e 0A       		.uleb128 0xa
 377 017f 1E000000 		.4byte	.LVL6
 378 0183 0C020000 		.4byte	0x20c
 379 0187 0A       		.uleb128 0xa
 380 0188 22000000 		.4byte	.LVL7
 381 018c 07010000 		.4byte	0x107
 382 0190 00       		.byte	0
 383 0191 09       		.uleb128 0x9
ARM GAS  C:\Users\emman\AppData\Local\Temp\ccvWiAwj.s 			page 11


 384 0192 21000000 		.4byte	.LASF26
 385 0196 01       		.byte	0x1
 386 0197 B2       		.byte	0xb2
 387 0198 00000000 		.4byte	.LFB3
 388 019c 18000000 		.4byte	.LFE3-.LFB3
 389 01a0 01       		.uleb128 0x1
 390 01a1 9C       		.byte	0x9c
 391 01a2 B9010000 		.4byte	0x1b9
 392 01a6 0A       		.uleb128 0xa
 393 01a7 06000000 		.4byte	.LVL8
 394 01ab 38010000 		.4byte	0x138
 395 01af 0A       		.uleb128 0xa
 396 01b0 10000000 		.4byte	.LVL9
 397 01b4 17020000 		.4byte	0x217
 398 01b8 00       		.byte	0
 399 01b9 0B       		.uleb128 0xb
 400 01ba B6020000 		.4byte	.LASF38
 401 01be 01       		.byte	0x1
 402 01bf 14       		.byte	0x14
 403 01c0 FC000000 		.4byte	0xfc
 404 01c4 05       		.uleb128 0x5
 405 01c5 03       		.byte	0x3
 406 01c6 00000000 		.4byte	PWM_Y_backup
 407 01ca 0C       		.uleb128 0xc
 408 01cb 50000000 		.4byte	.LASF27
 409 01cf 50000000 		.4byte	.LASF27
 410 01d3 03       		.byte	0x3
 411 01d4 C0       		.byte	0xc0
 412 01d5 0C       		.uleb128 0xc
 413 01d6 8C020000 		.4byte	.LASF28
 414 01da 8C020000 		.4byte	.LASF28
 415 01de 03       		.byte	0x3
 416 01df B3       		.byte	0xb3
 417 01e0 0C       		.uleb128 0xc
 418 01e1 00000000 		.4byte	.LASF29
 419 01e5 00000000 		.4byte	.LASF29
 420 01e9 03       		.byte	0x3
 421 01ea 9D       		.byte	0x9d
 422 01eb 0C       		.uleb128 0xc
 423 01ec 61000000 		.4byte	.LASF30
 424 01f0 61000000 		.4byte	.LASF30
 425 01f4 03       		.byte	0x3
 426 01f5 BE       		.byte	0xbe
 427 01f6 0C       		.uleb128 0xc
 428 01f7 68010000 		.4byte	.LASF31
 429 01fb 68010000 		.4byte	.LASF31
 430 01ff 03       		.byte	0x3
 431 0200 BA       		.byte	0xba
 432 0201 0C       		.uleb128 0xc
 433 0202 AC010000 		.4byte	.LASF32
 434 0206 AC010000 		.4byte	.LASF32
 435 020a 03       		.byte	0x3
 436 020b 9E       		.byte	0x9e
 437 020c 0C       		.uleb128 0xc
 438 020d 5D010000 		.4byte	.LASF33
 439 0211 5D010000 		.4byte	.LASF33
 440 0215 03       		.byte	0x3
ARM GAS  C:\Users\emman\AppData\Local\Temp\ccvWiAwj.s 			page 12


 441 0216 93       		.byte	0x93
 442 0217 0C       		.uleb128 0xc
 443 0218 88010000 		.4byte	.LASF34
 444 021c 88010000 		.4byte	.LASF34
 445 0220 03       		.byte	0x3
 446 0221 DB       		.byte	0xdb
 447 0222 00       		.byte	0
 448              		.section	.debug_abbrev,"",%progbits
 449              	.Ldebug_abbrev0:
 450 0000 01       		.uleb128 0x1
 451 0001 11       		.uleb128 0x11
 452 0002 01       		.byte	0x1
 453 0003 25       		.uleb128 0x25
 454 0004 0E       		.uleb128 0xe
 455 0005 13       		.uleb128 0x13
 456 0006 0B       		.uleb128 0xb
 457 0007 03       		.uleb128 0x3
 458 0008 0E       		.uleb128 0xe
 459 0009 1B       		.uleb128 0x1b
 460 000a 0E       		.uleb128 0xe
 461 000b 55       		.uleb128 0x55
 462 000c 17       		.uleb128 0x17
 463 000d 11       		.uleb128 0x11
 464 000e 01       		.uleb128 0x1
 465 000f 10       		.uleb128 0x10
 466 0010 17       		.uleb128 0x17
 467 0011 00       		.byte	0
 468 0012 00       		.byte	0
 469 0013 02       		.uleb128 0x2
 470 0014 24       		.uleb128 0x24
 471 0015 00       		.byte	0
 472 0016 0B       		.uleb128 0xb
 473 0017 0B       		.uleb128 0xb
 474 0018 3E       		.uleb128 0x3e
 475 0019 0B       		.uleb128 0xb
 476 001a 03       		.uleb128 0x3
 477 001b 0E       		.uleb128 0xe
 478 001c 00       		.byte	0
 479 001d 00       		.byte	0
 480 001e 03       		.uleb128 0x3
 481 001f 24       		.uleb128 0x24
 482 0020 00       		.byte	0
 483 0021 0B       		.uleb128 0xb
 484 0022 0B       		.uleb128 0xb
 485 0023 3E       		.uleb128 0x3e
 486 0024 0B       		.uleb128 0xb
 487 0025 03       		.uleb128 0x3
 488 0026 08       		.uleb128 0x8
 489 0027 00       		.byte	0
 490 0028 00       		.byte	0
 491 0029 04       		.uleb128 0x4
 492 002a 16       		.uleb128 0x16
 493 002b 00       		.byte	0
 494 002c 03       		.uleb128 0x3
 495 002d 0E       		.uleb128 0xe
 496 002e 3A       		.uleb128 0x3a
 497 002f 0B       		.uleb128 0xb
ARM GAS  C:\Users\emman\AppData\Local\Temp\ccvWiAwj.s 			page 13


 498 0030 3B       		.uleb128 0x3b
 499 0031 05       		.uleb128 0x5
 500 0032 49       		.uleb128 0x49
 501 0033 13       		.uleb128 0x13
 502 0034 00       		.byte	0
 503 0035 00       		.byte	0
 504 0036 05       		.uleb128 0x5
 505 0037 35       		.uleb128 0x35
 506 0038 00       		.byte	0
 507 0039 49       		.uleb128 0x49
 508 003a 13       		.uleb128 0x13
 509 003b 00       		.byte	0
 510 003c 00       		.byte	0
 511 003d 06       		.uleb128 0x6
 512 003e 13       		.uleb128 0x13
 513 003f 01       		.byte	0x1
 514 0040 0B       		.uleb128 0xb
 515 0041 0B       		.uleb128 0xb
 516 0042 3A       		.uleb128 0x3a
 517 0043 0B       		.uleb128 0xb
 518 0044 3B       		.uleb128 0x3b
 519 0045 0B       		.uleb128 0xb
 520 0046 01       		.uleb128 0x1
 521 0047 13       		.uleb128 0x13
 522 0048 00       		.byte	0
 523 0049 00       		.byte	0
 524 004a 07       		.uleb128 0x7
 525 004b 0D       		.uleb128 0xd
 526 004c 00       		.byte	0
 527 004d 03       		.uleb128 0x3
 528 004e 0E       		.uleb128 0xe
 529 004f 3A       		.uleb128 0x3a
 530 0050 0B       		.uleb128 0xb
 531 0051 3B       		.uleb128 0x3b
 532 0052 0B       		.uleb128 0xb
 533 0053 49       		.uleb128 0x49
 534 0054 13       		.uleb128 0x13
 535 0055 38       		.uleb128 0x38
 536 0056 0B       		.uleb128 0xb
 537 0057 00       		.byte	0
 538 0058 00       		.byte	0
 539 0059 08       		.uleb128 0x8
 540 005a 16       		.uleb128 0x16
 541 005b 00       		.byte	0
 542 005c 03       		.uleb128 0x3
 543 005d 0E       		.uleb128 0xe
 544 005e 3A       		.uleb128 0x3a
 545 005f 0B       		.uleb128 0xb
 546 0060 3B       		.uleb128 0x3b
 547 0061 0B       		.uleb128 0xb
 548 0062 49       		.uleb128 0x49
 549 0063 13       		.uleb128 0x13
 550 0064 00       		.byte	0
 551 0065 00       		.byte	0
 552 0066 09       		.uleb128 0x9
 553 0067 2E       		.uleb128 0x2e
 554 0068 01       		.byte	0x1
ARM GAS  C:\Users\emman\AppData\Local\Temp\ccvWiAwj.s 			page 14


 555 0069 3F       		.uleb128 0x3f
 556 006a 19       		.uleb128 0x19
 557 006b 03       		.uleb128 0x3
 558 006c 0E       		.uleb128 0xe
 559 006d 3A       		.uleb128 0x3a
 560 006e 0B       		.uleb128 0xb
 561 006f 3B       		.uleb128 0x3b
 562 0070 0B       		.uleb128 0xb
 563 0071 27       		.uleb128 0x27
 564 0072 19       		.uleb128 0x19
 565 0073 11       		.uleb128 0x11
 566 0074 01       		.uleb128 0x1
 567 0075 12       		.uleb128 0x12
 568 0076 06       		.uleb128 0x6
 569 0077 40       		.uleb128 0x40
 570 0078 18       		.uleb128 0x18
 571 0079 9742     		.uleb128 0x2117
 572 007b 19       		.uleb128 0x19
 573 007c 01       		.uleb128 0x1
 574 007d 13       		.uleb128 0x13
 575 007e 00       		.byte	0
 576 007f 00       		.byte	0
 577 0080 0A       		.uleb128 0xa
 578 0081 898201   		.uleb128 0x4109
 579 0084 00       		.byte	0
 580 0085 11       		.uleb128 0x11
 581 0086 01       		.uleb128 0x1
 582 0087 31       		.uleb128 0x31
 583 0088 13       		.uleb128 0x13
 584 0089 00       		.byte	0
 585 008a 00       		.byte	0
 586 008b 0B       		.uleb128 0xb
 587 008c 34       		.uleb128 0x34
 588 008d 00       		.byte	0
 589 008e 03       		.uleb128 0x3
 590 008f 0E       		.uleb128 0xe
 591 0090 3A       		.uleb128 0x3a
 592 0091 0B       		.uleb128 0xb
 593 0092 3B       		.uleb128 0x3b
 594 0093 0B       		.uleb128 0xb
 595 0094 49       		.uleb128 0x49
 596 0095 13       		.uleb128 0x13
 597 0096 02       		.uleb128 0x2
 598 0097 18       		.uleb128 0x18
 599 0098 00       		.byte	0
 600 0099 00       		.byte	0
 601 009a 0C       		.uleb128 0xc
 602 009b 2E       		.uleb128 0x2e
 603 009c 00       		.byte	0
 604 009d 3F       		.uleb128 0x3f
 605 009e 19       		.uleb128 0x19
 606 009f 3C       		.uleb128 0x3c
 607 00a0 19       		.uleb128 0x19
 608 00a1 6E       		.uleb128 0x6e
 609 00a2 0E       		.uleb128 0xe
 610 00a3 03       		.uleb128 0x3
 611 00a4 0E       		.uleb128 0xe
ARM GAS  C:\Users\emman\AppData\Local\Temp\ccvWiAwj.s 			page 15


 612 00a5 3A       		.uleb128 0x3a
 613 00a6 0B       		.uleb128 0xb
 614 00a7 3B       		.uleb128 0x3b
 615 00a8 0B       		.uleb128 0xb
 616 00a9 00       		.byte	0
 617 00aa 00       		.byte	0
 618 00ab 00       		.byte	0
 619              		.section	.debug_aranges,"",%progbits
 620 0000 34000000 		.4byte	0x34
 621 0004 0200     		.2byte	0x2
 622 0006 00000000 		.4byte	.Ldebug_info0
 623 000a 04       		.byte	0x4
 624 000b 00       		.byte	0
 625 000c 0000     		.2byte	0
 626 000e 0000     		.2byte	0
 627 0010 00000000 		.4byte	.LFB0
 628 0014 28000000 		.4byte	.LFE0-.LFB0
 629 0018 00000000 		.4byte	.LFB1
 630 001c 28000000 		.4byte	.LFE1-.LFB1
 631 0020 00000000 		.4byte	.LFB2
 632 0024 2C000000 		.4byte	.LFE2-.LFB2
 633 0028 00000000 		.4byte	.LFB3
 634 002c 18000000 		.4byte	.LFE3-.LFB3
 635 0030 00000000 		.4byte	0
 636 0034 00000000 		.4byte	0
 637              		.section	.debug_ranges,"",%progbits
 638              	.Ldebug_ranges0:
 639 0000 00000000 		.4byte	.LFB0
 640 0004 28000000 		.4byte	.LFE0
 641 0008 00000000 		.4byte	.LFB1
 642 000c 28000000 		.4byte	.LFE1
 643 0010 00000000 		.4byte	.LFB2
 644 0014 2C000000 		.4byte	.LFE2
 645 0018 00000000 		.4byte	.LFB3
 646 001c 18000000 		.4byte	.LFE3
 647 0020 00000000 		.4byte	0
 648 0024 00000000 		.4byte	0
 649              		.section	.debug_line,"",%progbits
 650              	.Ldebug_line0:
 651 0000 A9000000 		.section	.debug_str,"MS",%progbits,1
 651      02005000 
 651      00000201 
 651      FB0E0D00 
 651      01010101 
 652              	.LASF29:
 653 0000 50574D5F 		.ascii	"PWM_Y_ReadControlRegister\000"
 653      595F5265 
 653      6164436F 
 653      6E74726F 
 653      6C526567 
 654              	.LASF18:
 655 001a 50574D55 		.ascii	"PWMUdb\000"
 655      646200
 656              	.LASF26:
 657 0021 50574D5F 		.ascii	"PWM_Y_Wakeup\000"
 657      595F5761 
 657      6B657570 
ARM GAS  C:\Users\emman\AppData\Local\Temp\ccvWiAwj.s 			page 16


 657      00
 658              	.LASF19:
 659 002e 50574D50 		.ascii	"PWMPeriod\000"
 659      6572696F 
 659      6400
 660              	.LASF14:
 661 0038 72656738 		.ascii	"reg8\000"
 661      00
 662              	.LASF3:
 663 003d 73686F72 		.ascii	"short unsigned int\000"
 663      7420756E 
 663      7369676E 
 663      65642069 
 663      6E7400
 664              	.LASF27:
 665 0050 50574D5F 		.ascii	"PWM_Y_ReadPeriod\000"
 665      595F5265 
 665      61645065 
 665      72696F64 
 665      00
 666              	.LASF30:
 667 0061 50574D5F 		.ascii	"PWM_Y_WritePeriod\000"
 667      595F5772 
 667      69746550 
 667      6572696F 
 667      6400
 668              	.LASF11:
 669 0073 666C6F61 		.ascii	"float\000"
 669      7400
 670              	.LASF1:
 671 0079 756E7369 		.ascii	"unsigned char\000"
 671      676E6564 
 671      20636861 
 671      7200
 672              	.LASF35:
 673 0087 474E5520 		.ascii	"GNU C11 5.4.1 20160609 (release) [ARM/embedded-5-br"
 673      43313120 
 673      352E342E 
 673      31203230 
 673      31363036 
 674 00ba 616E6368 		.ascii	"anch revision 237715] -mcpu=cortex-m3 -mthumb -g -O"
 674      20726576 
 674      6973696F 
 674      6E203233 
 674      37373135 
 675 00ed 67202D66 		.ascii	"g -ffunction-sections -ffat-lto-objects\000"
 675      66756E63 
 675      74696F6E 
 675      2D736563 
 675      74696F6E 
 676              	.LASF17:
 677 0115 50574D45 		.ascii	"PWMEnableState\000"
 677      6E61626C 
 677      65537461 
 677      746500
 678              	.LASF5:
 679 0124 6C6F6E67 		.ascii	"long unsigned int\000"
ARM GAS  C:\Users\emman\AppData\Local\Temp\ccvWiAwj.s 			page 17


 679      20756E73 
 679      69676E65 
 679      6420696E 
 679      7400
 680              	.LASF9:
 681 0136 75696E74 		.ascii	"uint8\000"
 681      3800
 682              	.LASF21:
 683 013c 50574D43 		.ascii	"PWMControlRegister\000"
 683      6F6E7472 
 683      6F6C5265 
 683      67697374 
 683      657200
 684              	.LASF12:
 685 014f 646F7562 		.ascii	"double\000"
 685      6C6500
 686              	.LASF10:
 687 0156 75696E74 		.ascii	"uint16\000"
 687      313600
 688              	.LASF33:
 689 015d 50574D5F 		.ascii	"PWM_Y_Stop\000"
 689      595F5374 
 689      6F7000
 690              	.LASF31:
 691 0168 50574D5F 		.ascii	"PWM_Y_WriteCounter\000"
 691      595F5772 
 691      69746543 
 691      6F756E74 
 691      657200
 692              	.LASF8:
 693 017b 756E7369 		.ascii	"unsigned int\000"
 693      676E6564 
 693      20696E74 
 693      00
 694              	.LASF34:
 695 0188 50574D5F 		.ascii	"PWM_Y_Enable\000"
 695      595F456E 
 695      61626C65 
 695      00
 696              	.LASF7:
 697 0195 6C6F6E67 		.ascii	"long long unsigned int\000"
 697      206C6F6E 
 697      6720756E 
 697      7369676E 
 697      65642069 
 698              	.LASF32:
 699 01ac 50574D5F 		.ascii	"PWM_Y_WriteControlRegister\000"
 699      595F5772 
 699      69746543 
 699      6F6E7472 
 699      6F6C5265 
 700              	.LASF36:
 701 01c7 47656E65 		.ascii	"Generated_Source\\PSoC5\\PWM_Y_PM.c\000"
 701      72617465 
 701      645F536F 
 701      75726365 
 701      5C50536F 
ARM GAS  C:\Users\emman\AppData\Local\Temp\ccvWiAwj.s 			page 18


 702              	.LASF37:
 703 01e9 453A5C55 		.ascii	"E:\\U\\Lab de Control\\PID Controler-20191011T02191"
 703      5C4C6162 
 703      20646520 
 703      436F6E74 
 703      726F6C5C 
 704 0219 395A2D30 		.ascii	"9Z-001\\PID Controler\\Controlador.cydsn\000"
 704      30315C50 
 704      49442043 
 704      6F6E7472 
 704      6F6C6572 
 705              	.LASF25:
 706 0240 50574D5F 		.ascii	"PWM_Y_Sleep\000"
 706      595F536C 
 706      65657000 
 707              	.LASF16:
 708 024c 73697A65 		.ascii	"sizetype\000"
 708      74797065 
 708      00
 709              	.LASF6:
 710 0255 6C6F6E67 		.ascii	"long long int\000"
 710      206C6F6E 
 710      6720696E 
 710      7400
 711              	.LASF13:
 712 0263 63686172 		.ascii	"char\000"
 712      00
 713              	.LASF2:
 714 0268 73686F72 		.ascii	"short int\000"
 714      7420696E 
 714      7400
 715              	.LASF23:
 716 0272 50574D5F 		.ascii	"PWM_Y_SaveConfig\000"
 716      595F5361 
 716      7665436F 
 716      6E666967 
 716      00
 717              	.LASF4:
 718 0283 6C6F6E67 		.ascii	"long int\000"
 718      20696E74 
 718      00
 719              	.LASF28:
 720 028c 50574D5F 		.ascii	"PWM_Y_ReadCounter\000"
 720      595F5265 
 720      6164436F 
 720      756E7465 
 720      7200
 721              	.LASF15:
 722 029e 6C6F6E67 		.ascii	"long double\000"
 722      20646F75 
 722      626C6500 
 723              	.LASF0:
 724 02aa 7369676E 		.ascii	"signed char\000"
 724      65642063 
 724      68617200 
 725              	.LASF38:
 726 02b6 50574D5F 		.ascii	"PWM_Y_backup\000"
ARM GAS  C:\Users\emman\AppData\Local\Temp\ccvWiAwj.s 			page 19


 726      595F6261 
 726      636B7570 
 726      00
 727              	.LASF24:
 728 02c3 50574D5F 		.ascii	"PWM_Y_RestoreConfig\000"
 728      595F5265 
 728      73746F72 
 728      65436F6E 
 728      66696700 
 729              	.LASF22:
 730 02d7 50574D5F 		.ascii	"PWM_Y_backupStruct\000"
 730      595F6261 
 730      636B7570 
 730      53747275 
 730      637400
 731              	.LASF20:
 732 02ea 496E7465 		.ascii	"InterruptMaskValue\000"
 732      72727570 
 732      744D6173 
 732      6B56616C 
 732      756500
 733              		.ident	"GCC: (GNU Tools for ARM Embedded Processors) 5.4.1 20160609 (release) [ARM/embedded-5-bran
