ARM GAS  C:\Users\esancho\AppData\Local\Temp\ccbv5wU8.s 			page 1


   1              		.syntax unified
   2              		.cpu cortex-m3
   3              		.fpu softvfp
   4              		.eabi_attribute 20, 1
   5              		.eabi_attribute 21, 1
   6              		.eabi_attribute 23, 3
   7              		.eabi_attribute 24, 1
   8              		.eabi_attribute 25, 1
   9              		.eabi_attribute 26, 1
  10              		.eabi_attribute 30, 1
  11              		.eabi_attribute 34, 1
  12              		.eabi_attribute 18, 4
  13              		.thumb
  14              		.syntax unified
  15              		.file	"ResistiveTouch_1_PM.c"
  16              		.text
  17              	.Ltext0:
  18              		.cfi_sections	.debug_frame
  19              		.section	.text.ResistiveTouch_1_SaveConfig,"ax",%progbits
  20              		.align	2
  21              		.global	ResistiveTouch_1_SaveConfig
  22              		.thumb
  23              		.thumb_func
  24              		.type	ResistiveTouch_1_SaveConfig, %function
  25              	ResistiveTouch_1_SaveConfig:
  26              	.LFB0:
  27              		.file 1 "Generated_Source\\PSoC5\\ResistiveTouch_1_PM.c"
   1:Generated_Source\PSoC5/ResistiveTouch_1_PM.c **** /*******************************************************************************
   2:Generated_Source\PSoC5/ResistiveTouch_1_PM.c **** * File Name: ResistiveTouch_1_PM.c
   3:Generated_Source\PSoC5/ResistiveTouch_1_PM.c **** * Version 2.0
   4:Generated_Source\PSoC5/ResistiveTouch_1_PM.c **** *
   5:Generated_Source\PSoC5/ResistiveTouch_1_PM.c **** * Description:
   6:Generated_Source\PSoC5/ResistiveTouch_1_PM.c **** *  This file contains the setup, control, and status commands to support 
   7:Generated_Source\PSoC5/ResistiveTouch_1_PM.c **** *  the component operation in the low power mode. 
   8:Generated_Source\PSoC5/ResistiveTouch_1_PM.c **** *
   9:Generated_Source\PSoC5/ResistiveTouch_1_PM.c **** * Note:
  10:Generated_Source\PSoC5/ResistiveTouch_1_PM.c **** *
  11:Generated_Source\PSoC5/ResistiveTouch_1_PM.c **** ********************************************************************************
  12:Generated_Source\PSoC5/ResistiveTouch_1_PM.c **** * Copyright 2012-2015, Cypress Semiconductor Corporation.  All rights reserved.
  13:Generated_Source\PSoC5/ResistiveTouch_1_PM.c **** * You may use this file only in accordance with the license, terms, conditions, 
  14:Generated_Source\PSoC5/ResistiveTouch_1_PM.c **** * disclaimers, and limitations in the end user license agreement accompanying 
  15:Generated_Source\PSoC5/ResistiveTouch_1_PM.c **** * the software package with which this file was provided.
  16:Generated_Source\PSoC5/ResistiveTouch_1_PM.c **** *******************************************************************************/
  17:Generated_Source\PSoC5/ResistiveTouch_1_PM.c **** 
  18:Generated_Source\PSoC5/ResistiveTouch_1_PM.c **** #include "ResistiveTouch_1.h"
  19:Generated_Source\PSoC5/ResistiveTouch_1_PM.c **** 
  20:Generated_Source\PSoC5/ResistiveTouch_1_PM.c **** 
  21:Generated_Source\PSoC5/ResistiveTouch_1_PM.c **** /*******************************************************************************
  22:Generated_Source\PSoC5/ResistiveTouch_1_PM.c **** * Function Name: ResistiveTouch_1_SaveConfig
  23:Generated_Source\PSoC5/ResistiveTouch_1_PM.c **** ********************************************************************************
  24:Generated_Source\PSoC5/ResistiveTouch_1_PM.c **** *
  25:Generated_Source\PSoC5/ResistiveTouch_1_PM.c **** * Summary:
  26:Generated_Source\PSoC5/ResistiveTouch_1_PM.c **** *  Saves the ADC configuration.
  27:Generated_Source\PSoC5/ResistiveTouch_1_PM.c **** *
  28:Generated_Source\PSoC5/ResistiveTouch_1_PM.c **** * Parameters:
  29:Generated_Source\PSoC5/ResistiveTouch_1_PM.c **** *  None
  30:Generated_Source\PSoC5/ResistiveTouch_1_PM.c **** *
ARM GAS  C:\Users\esancho\AppData\Local\Temp\ccbv5wU8.s 			page 2


  31:Generated_Source\PSoC5/ResistiveTouch_1_PM.c **** * Return:
  32:Generated_Source\PSoC5/ResistiveTouch_1_PM.c **** *  None
  33:Generated_Source\PSoC5/ResistiveTouch_1_PM.c **** *
  34:Generated_Source\PSoC5/ResistiveTouch_1_PM.c **** *******************************************************************************/
  35:Generated_Source\PSoC5/ResistiveTouch_1_PM.c **** void ResistiveTouch_1_SaveConfig(void) 
  36:Generated_Source\PSoC5/ResistiveTouch_1_PM.c **** {
  28              		.loc 1 36 0
  29              		.cfi_startproc
  30              		@ args = 0, pretend = 0, frame = 0
  31              		@ frame_needed = 0, uses_anonymous_args = 0
  32 0000 08B5     		push	{r3, lr}
  33              		.cfi_def_cfa_offset 8
  34              		.cfi_offset 3, -8
  35              		.cfi_offset 14, -4
  37:Generated_Source\PSoC5/ResistiveTouch_1_PM.c ****     ResistiveTouch_1_ADC_SaveConfig();   
  36              		.loc 1 37 0
  37 0002 FFF7FEFF 		bl	ResistiveTouch_1_ADC_SaveConfig
  38              	.LVL0:
  39 0006 08BD     		pop	{r3, pc}
  40              		.cfi_endproc
  41              	.LFE0:
  42              		.size	ResistiveTouch_1_SaveConfig, .-ResistiveTouch_1_SaveConfig
  43              		.section	.text.ResistiveTouch_1_RestoreConfig,"ax",%progbits
  44              		.align	2
  45              		.global	ResistiveTouch_1_RestoreConfig
  46              		.thumb
  47              		.thumb_func
  48              		.type	ResistiveTouch_1_RestoreConfig, %function
  49              	ResistiveTouch_1_RestoreConfig:
  50              	.LFB1:
  38:Generated_Source\PSoC5/ResistiveTouch_1_PM.c **** }
  39:Generated_Source\PSoC5/ResistiveTouch_1_PM.c **** 
  40:Generated_Source\PSoC5/ResistiveTouch_1_PM.c **** 
  41:Generated_Source\PSoC5/ResistiveTouch_1_PM.c **** /*******************************************************************************
  42:Generated_Source\PSoC5/ResistiveTouch_1_PM.c **** * Function Name: ResistiveTouch_1_RestoreConfig
  43:Generated_Source\PSoC5/ResistiveTouch_1_PM.c **** ********************************************************************************
  44:Generated_Source\PSoC5/ResistiveTouch_1_PM.c **** *
  45:Generated_Source\PSoC5/ResistiveTouch_1_PM.c **** * Summary:
  46:Generated_Source\PSoC5/ResistiveTouch_1_PM.c **** *  Restores the ADC configuration.
  47:Generated_Source\PSoC5/ResistiveTouch_1_PM.c **** *
  48:Generated_Source\PSoC5/ResistiveTouch_1_PM.c **** * Parameters:
  49:Generated_Source\PSoC5/ResistiveTouch_1_PM.c **** *  None
  50:Generated_Source\PSoC5/ResistiveTouch_1_PM.c **** *
  51:Generated_Source\PSoC5/ResistiveTouch_1_PM.c **** * Return:
  52:Generated_Source\PSoC5/ResistiveTouch_1_PM.c **** *  None
  53:Generated_Source\PSoC5/ResistiveTouch_1_PM.c **** *
  54:Generated_Source\PSoC5/ResistiveTouch_1_PM.c **** *
  55:Generated_Source\PSoC5/ResistiveTouch_1_PM.c **** *******************************************************************************/
  56:Generated_Source\PSoC5/ResistiveTouch_1_PM.c **** void ResistiveTouch_1_RestoreConfig(void) 
  57:Generated_Source\PSoC5/ResistiveTouch_1_PM.c **** {
  51              		.loc 1 57 0
  52              		.cfi_startproc
  53              		@ args = 0, pretend = 0, frame = 0
  54              		@ frame_needed = 0, uses_anonymous_args = 0
  55 0000 08B5     		push	{r3, lr}
  56              		.cfi_def_cfa_offset 8
  57              		.cfi_offset 3, -8
ARM GAS  C:\Users\esancho\AppData\Local\Temp\ccbv5wU8.s 			page 3


  58              		.cfi_offset 14, -4
  58:Generated_Source\PSoC5/ResistiveTouch_1_PM.c ****     ResistiveTouch_1_ADC_RestoreConfig();  
  59              		.loc 1 58 0
  60 0002 FFF7FEFF 		bl	ResistiveTouch_1_ADC_RestoreConfig
  61              	.LVL1:
  62 0006 08BD     		pop	{r3, pc}
  63              		.cfi_endproc
  64              	.LFE1:
  65              		.size	ResistiveTouch_1_RestoreConfig, .-ResistiveTouch_1_RestoreConfig
  66              		.section	.text.ResistiveTouch_1_Sleep,"ax",%progbits
  67              		.align	2
  68              		.global	ResistiveTouch_1_Sleep
  69              		.thumb
  70              		.thumb_func
  71              		.type	ResistiveTouch_1_Sleep, %function
  72              	ResistiveTouch_1_Sleep:
  73              	.LFB2:
  59:Generated_Source\PSoC5/ResistiveTouch_1_PM.c **** }
  60:Generated_Source\PSoC5/ResistiveTouch_1_PM.c **** 
  61:Generated_Source\PSoC5/ResistiveTouch_1_PM.c **** 
  62:Generated_Source\PSoC5/ResistiveTouch_1_PM.c **** /*******************************************************************************
  63:Generated_Source\PSoC5/ResistiveTouch_1_PM.c **** * Function Name: ResistiveTouch_1_Sleep
  64:Generated_Source\PSoC5/ResistiveTouch_1_PM.c **** ********************************************************************************
  65:Generated_Source\PSoC5/ResistiveTouch_1_PM.c **** *
  66:Generated_Source\PSoC5/ResistiveTouch_1_PM.c **** * Summary:
  67:Generated_Source\PSoC5/ResistiveTouch_1_PM.c **** *  Prepares the component for entering the low power mode.
  68:Generated_Source\PSoC5/ResistiveTouch_1_PM.c **** *
  69:Generated_Source\PSoC5/ResistiveTouch_1_PM.c **** * Parameters:
  70:Generated_Source\PSoC5/ResistiveTouch_1_PM.c **** *  None
  71:Generated_Source\PSoC5/ResistiveTouch_1_PM.c **** *
  72:Generated_Source\PSoC5/ResistiveTouch_1_PM.c **** * Return:
  73:Generated_Source\PSoC5/ResistiveTouch_1_PM.c **** *  None
  74:Generated_Source\PSoC5/ResistiveTouch_1_PM.c **** *
  75:Generated_Source\PSoC5/ResistiveTouch_1_PM.c **** *******************************************************************************/
  76:Generated_Source\PSoC5/ResistiveTouch_1_PM.c **** void ResistiveTouch_1_Sleep(void) 
  77:Generated_Source\PSoC5/ResistiveTouch_1_PM.c **** {
  74              		.loc 1 77 0
  75              		.cfi_startproc
  76              		@ args = 0, pretend = 0, frame = 0
  77              		@ frame_needed = 0, uses_anonymous_args = 0
  78 0000 08B5     		push	{r3, lr}
  79              		.cfi_def_cfa_offset 8
  80              		.cfi_offset 3, -8
  81              		.cfi_offset 14, -4
  78:Generated_Source\PSoC5/ResistiveTouch_1_PM.c ****     ResistiveTouch_1_ADC_Sleep();
  82              		.loc 1 78 0
  83 0002 FFF7FEFF 		bl	ResistiveTouch_1_ADC_Sleep
  84              	.LVL2:
  79:Generated_Source\PSoC5/ResistiveTouch_1_PM.c ****     ResistiveTouch_1_AMux_Stop();
  85              		.loc 1 79 0
  86 0006 FFF7FEFF 		bl	ResistiveTouch_1_AMux_Stop
  87              	.LVL3:
  88 000a 08BD     		pop	{r3, pc}
  89              		.cfi_endproc
  90              	.LFE2:
  91              		.size	ResistiveTouch_1_Sleep, .-ResistiveTouch_1_Sleep
  92              		.section	.text.ResistiveTouch_1_Wakeup,"ax",%progbits
ARM GAS  C:\Users\esancho\AppData\Local\Temp\ccbv5wU8.s 			page 4


  93              		.align	2
  94              		.global	ResistiveTouch_1_Wakeup
  95              		.thumb
  96              		.thumb_func
  97              		.type	ResistiveTouch_1_Wakeup, %function
  98              	ResistiveTouch_1_Wakeup:
  99              	.LFB3:
  80:Generated_Source\PSoC5/ResistiveTouch_1_PM.c **** }
  81:Generated_Source\PSoC5/ResistiveTouch_1_PM.c **** 
  82:Generated_Source\PSoC5/ResistiveTouch_1_PM.c **** 
  83:Generated_Source\PSoC5/ResistiveTouch_1_PM.c **** /*******************************************************************************
  84:Generated_Source\PSoC5/ResistiveTouch_1_PM.c **** * Function Name: ResistiveTouch_1_Wakeup
  85:Generated_Source\PSoC5/ResistiveTouch_1_PM.c **** ********************************************************************************
  86:Generated_Source\PSoC5/ResistiveTouch_1_PM.c **** *
  87:Generated_Source\PSoC5/ResistiveTouch_1_PM.c **** * Summary:
  88:Generated_Source\PSoC5/ResistiveTouch_1_PM.c **** *  Restores the component after waking up from the low power mode.
  89:Generated_Source\PSoC5/ResistiveTouch_1_PM.c **** *
  90:Generated_Source\PSoC5/ResistiveTouch_1_PM.c **** * Parameters:
  91:Generated_Source\PSoC5/ResistiveTouch_1_PM.c **** *  None
  92:Generated_Source\PSoC5/ResistiveTouch_1_PM.c **** *
  93:Generated_Source\PSoC5/ResistiveTouch_1_PM.c **** * Return:
  94:Generated_Source\PSoC5/ResistiveTouch_1_PM.c **** *  None
  95:Generated_Source\PSoC5/ResistiveTouch_1_PM.c **** *
  96:Generated_Source\PSoC5/ResistiveTouch_1_PM.c **** *******************************************************************************/
  97:Generated_Source\PSoC5/ResistiveTouch_1_PM.c **** void ResistiveTouch_1_Wakeup(void)  
  98:Generated_Source\PSoC5/ResistiveTouch_1_PM.c **** {
 100              		.loc 1 98 0
 101              		.cfi_startproc
 102              		@ args = 0, pretend = 0, frame = 0
 103              		@ frame_needed = 0, uses_anonymous_args = 0
 104 0000 08B5     		push	{r3, lr}
 105              		.cfi_def_cfa_offset 8
 106              		.cfi_offset 3, -8
 107              		.cfi_offset 14, -4
  99:Generated_Source\PSoC5/ResistiveTouch_1_PM.c ****     ResistiveTouch_1_ADC_Wakeup();
 108              		.loc 1 99 0
 109 0002 FFF7FEFF 		bl	ResistiveTouch_1_ADC_Wakeup
 110              	.LVL4:
 111 0006 08BD     		pop	{r3, pc}
 112              		.cfi_endproc
 113              	.LFE3:
 114              		.size	ResistiveTouch_1_Wakeup, .-ResistiveTouch_1_Wakeup
 115              		.text
 116              	.Letext0:
 117              		.file 2 "Generated_Source\\PSoC5\\ResistiveTouch_1_ADC.h"
 118              		.file 3 "Generated_Source\\PSoC5\\ResistiveTouch_1_AMux.h"
 119              		.section	.debug_info,"",%progbits
 120              	.Ldebug_info0:
 121 0000 47010000 		.4byte	0x147
 122 0004 0400     		.2byte	0x4
 123 0006 00000000 		.4byte	.Ldebug_abbrev0
 124 000a 04       		.byte	0x4
 125 000b 01       		.uleb128 0x1
 126 000c 5D000000 		.4byte	.LASF23
 127 0010 0C       		.byte	0xc
 128 0011 E7010000 		.4byte	.LASF24
 129 0015 45020000 		.4byte	.LASF25
ARM GAS  C:\Users\esancho\AppData\Local\Temp\ccbv5wU8.s 			page 5


 130 0019 00000000 		.4byte	.Ldebug_ranges0+0
 131 001d 00000000 		.4byte	0
 132 0021 00000000 		.4byte	.Ldebug_line0
 133 0025 02       		.uleb128 0x2
 134 0026 01       		.byte	0x1
 135 0027 06       		.byte	0x6
 136 0028 DB010000 		.4byte	.LASF0
 137 002c 02       		.uleb128 0x2
 138 002d 01       		.byte	0x1
 139 002e 08       		.byte	0x8
 140 002f 56010000 		.4byte	.LASF1
 141 0033 02       		.uleb128 0x2
 142 0034 02       		.byte	0x2
 143 0035 05       		.byte	0x5
 144 0036 3B020000 		.4byte	.LASF2
 145 003a 02       		.uleb128 0x2
 146 003b 02       		.byte	0x2
 147 003c 07       		.byte	0x7
 148 003d C8010000 		.4byte	.LASF3
 149 0041 02       		.uleb128 0x2
 150 0042 04       		.byte	0x4
 151 0043 05       		.byte	0x5
 152 0044 85010000 		.4byte	.LASF4
 153 0048 02       		.uleb128 0x2
 154 0049 04       		.byte	0x4
 155 004a 07       		.byte	0x7
 156 004b 0B010000 		.4byte	.LASF5
 157 004f 02       		.uleb128 0x2
 158 0050 08       		.byte	0x8
 159 0051 05       		.byte	0x5
 160 0052 00000000 		.4byte	.LASF6
 161 0056 02       		.uleb128 0x2
 162 0057 08       		.byte	0x8
 163 0058 07       		.byte	0x7
 164 0059 1D010000 		.4byte	.LASF7
 165 005d 03       		.uleb128 0x3
 166 005e 04       		.byte	0x4
 167 005f 05       		.byte	0x5
 168 0060 696E7400 		.ascii	"int\000"
 169 0064 02       		.uleb128 0x2
 170 0065 04       		.byte	0x4
 171 0066 07       		.byte	0x7
 172 0067 31000000 		.4byte	.LASF8
 173 006b 02       		.uleb128 0x2
 174 006c 04       		.byte	0x4
 175 006d 04       		.byte	0x4
 176 006e 34010000 		.4byte	.LASF9
 177 0072 02       		.uleb128 0x2
 178 0073 08       		.byte	0x8
 179 0074 04       		.byte	0x4
 180 0075 A6010000 		.4byte	.LASF10
 181 0079 02       		.uleb128 0x2
 182 007a 01       		.byte	0x1
 183 007b 08       		.byte	0x8
 184 007c 64010000 		.4byte	.LASF11
 185 0080 02       		.uleb128 0x2
 186 0081 08       		.byte	0x8
ARM GAS  C:\Users\esancho\AppData\Local\Temp\ccbv5wU8.s 			page 6


 187 0082 04       		.byte	0x4
 188 0083 2F020000 		.4byte	.LASF12
 189 0087 02       		.uleb128 0x2
 190 0088 04       		.byte	0x4
 191 0089 07       		.byte	0x7
 192 008a 80020000 		.4byte	.LASF13
 193 008e 04       		.uleb128 0x4
 194 008f 69010000 		.4byte	.LASF14
 195 0093 01       		.byte	0x1
 196 0094 23       		.byte	0x23
 197 0095 00000000 		.4byte	.LFB0
 198 0099 08000000 		.4byte	.LFE0-.LFB0
 199 009d 01       		.uleb128 0x1
 200 009e 9C       		.byte	0x9c
 201 009f AD000000 		.4byte	0xad
 202 00a3 05       		.uleb128 0x5
 203 00a4 06000000 		.4byte	.LVL0
 204 00a8 13010000 		.4byte	0x113
 205 00ac 00       		.byte	0
 206 00ad 04       		.uleb128 0x4
 207 00ae 3E000000 		.4byte	.LASF15
 208 00b2 01       		.byte	0x1
 209 00b3 38       		.byte	0x38
 210 00b4 00000000 		.4byte	.LFB1
 211 00b8 08000000 		.4byte	.LFE1-.LFB1
 212 00bc 01       		.uleb128 0x1
 213 00bd 9C       		.byte	0x9c
 214 00be CC000000 		.4byte	0xcc
 215 00c2 05       		.uleb128 0x5
 216 00c3 06000000 		.4byte	.LVL1
 217 00c7 1E010000 		.4byte	0x11e
 218 00cb 00       		.byte	0
 219 00cc 04       		.uleb128 0x4
 220 00cd 89020000 		.4byte	.LASF16
 221 00d1 01       		.byte	0x1
 222 00d2 4C       		.byte	0x4c
 223 00d3 00000000 		.4byte	.LFB2
 224 00d7 0C000000 		.4byte	.LFE2-.LFB2
 225 00db 01       		.uleb128 0x1
 226 00dc 9C       		.byte	0x9c
 227 00dd F4000000 		.4byte	0xf4
 228 00e1 05       		.uleb128 0x5
 229 00e2 06000000 		.4byte	.LVL2
 230 00e6 29010000 		.4byte	0x129
 231 00ea 05       		.uleb128 0x5
 232 00eb 0A000000 		.4byte	.LVL3
 233 00ef 34010000 		.4byte	0x134
 234 00f3 00       		.byte	0
 235 00f4 04       		.uleb128 0x4
 236 00f5 8E010000 		.4byte	.LASF17
 237 00f9 01       		.byte	0x1
 238 00fa 61       		.byte	0x61
 239 00fb 00000000 		.4byte	.LFB3
 240 00ff 08000000 		.4byte	.LFE3-.LFB3
 241 0103 01       		.uleb128 0x1
 242 0104 9C       		.byte	0x9c
 243 0105 13010000 		.4byte	0x113
ARM GAS  C:\Users\esancho\AppData\Local\Temp\ccbv5wU8.s 			page 7


 244 0109 05       		.uleb128 0x5
 245 010a 06000000 		.4byte	.LVL4
 246 010e 3F010000 		.4byte	0x13f
 247 0112 00       		.byte	0
 248 0113 06       		.uleb128 0x6
 249 0114 EB000000 		.4byte	.LASF18
 250 0118 EB000000 		.4byte	.LASF18
 251 011c 02       		.byte	0x2
 252 011d 4E       		.byte	0x4e
 253 011e 06       		.uleb128 0x6
 254 011f 0E000000 		.4byte	.LASF19
 255 0123 0E000000 		.4byte	.LASF19
 256 0127 02       		.byte	0x2
 257 0128 4F       		.byte	0x4f
 258 0129 06       		.uleb128 0x6
 259 012a AD010000 		.4byte	.LASF20
 260 012e AD010000 		.4byte	.LASF20
 261 0132 02       		.byte	0x2
 262 0133 4A       		.byte	0x4a
 263 0134 06       		.uleb128 0x6
 264 0135 14020000 		.4byte	.LASF21
 265 0139 14020000 		.4byte	.LASF21
 266 013d 03       		.byte	0x3
 267 013e 2F       		.byte	0x2f
 268 013f 06       		.uleb128 0x6
 269 0140 3A010000 		.4byte	.LASF22
 270 0144 3A010000 		.4byte	.LASF22
 271 0148 02       		.byte	0x2
 272 0149 4B       		.byte	0x4b
 273 014a 00       		.byte	0
 274              		.section	.debug_abbrev,"",%progbits
 275              	.Ldebug_abbrev0:
 276 0000 01       		.uleb128 0x1
 277 0001 11       		.uleb128 0x11
 278 0002 01       		.byte	0x1
 279 0003 25       		.uleb128 0x25
 280 0004 0E       		.uleb128 0xe
 281 0005 13       		.uleb128 0x13
 282 0006 0B       		.uleb128 0xb
 283 0007 03       		.uleb128 0x3
 284 0008 0E       		.uleb128 0xe
 285 0009 1B       		.uleb128 0x1b
 286 000a 0E       		.uleb128 0xe
 287 000b 55       		.uleb128 0x55
 288 000c 17       		.uleb128 0x17
 289 000d 11       		.uleb128 0x11
 290 000e 01       		.uleb128 0x1
 291 000f 10       		.uleb128 0x10
 292 0010 17       		.uleb128 0x17
 293 0011 00       		.byte	0
 294 0012 00       		.byte	0
 295 0013 02       		.uleb128 0x2
 296 0014 24       		.uleb128 0x24
 297 0015 00       		.byte	0
 298 0016 0B       		.uleb128 0xb
 299 0017 0B       		.uleb128 0xb
 300 0018 3E       		.uleb128 0x3e
ARM GAS  C:\Users\esancho\AppData\Local\Temp\ccbv5wU8.s 			page 8


 301 0019 0B       		.uleb128 0xb
 302 001a 03       		.uleb128 0x3
 303 001b 0E       		.uleb128 0xe
 304 001c 00       		.byte	0
 305 001d 00       		.byte	0
 306 001e 03       		.uleb128 0x3
 307 001f 24       		.uleb128 0x24
 308 0020 00       		.byte	0
 309 0021 0B       		.uleb128 0xb
 310 0022 0B       		.uleb128 0xb
 311 0023 3E       		.uleb128 0x3e
 312 0024 0B       		.uleb128 0xb
 313 0025 03       		.uleb128 0x3
 314 0026 08       		.uleb128 0x8
 315 0027 00       		.byte	0
 316 0028 00       		.byte	0
 317 0029 04       		.uleb128 0x4
 318 002a 2E       		.uleb128 0x2e
 319 002b 01       		.byte	0x1
 320 002c 3F       		.uleb128 0x3f
 321 002d 19       		.uleb128 0x19
 322 002e 03       		.uleb128 0x3
 323 002f 0E       		.uleb128 0xe
 324 0030 3A       		.uleb128 0x3a
 325 0031 0B       		.uleb128 0xb
 326 0032 3B       		.uleb128 0x3b
 327 0033 0B       		.uleb128 0xb
 328 0034 27       		.uleb128 0x27
 329 0035 19       		.uleb128 0x19
 330 0036 11       		.uleb128 0x11
 331 0037 01       		.uleb128 0x1
 332 0038 12       		.uleb128 0x12
 333 0039 06       		.uleb128 0x6
 334 003a 40       		.uleb128 0x40
 335 003b 18       		.uleb128 0x18
 336 003c 9742     		.uleb128 0x2117
 337 003e 19       		.uleb128 0x19
 338 003f 01       		.uleb128 0x1
 339 0040 13       		.uleb128 0x13
 340 0041 00       		.byte	0
 341 0042 00       		.byte	0
 342 0043 05       		.uleb128 0x5
 343 0044 898201   		.uleb128 0x4109
 344 0047 00       		.byte	0
 345 0048 11       		.uleb128 0x11
 346 0049 01       		.uleb128 0x1
 347 004a 31       		.uleb128 0x31
 348 004b 13       		.uleb128 0x13
 349 004c 00       		.byte	0
 350 004d 00       		.byte	0
 351 004e 06       		.uleb128 0x6
 352 004f 2E       		.uleb128 0x2e
 353 0050 00       		.byte	0
 354 0051 3F       		.uleb128 0x3f
 355 0052 19       		.uleb128 0x19
 356 0053 3C       		.uleb128 0x3c
 357 0054 19       		.uleb128 0x19
ARM GAS  C:\Users\esancho\AppData\Local\Temp\ccbv5wU8.s 			page 9


 358 0055 6E       		.uleb128 0x6e
 359 0056 0E       		.uleb128 0xe
 360 0057 03       		.uleb128 0x3
 361 0058 0E       		.uleb128 0xe
 362 0059 3A       		.uleb128 0x3a
 363 005a 0B       		.uleb128 0xb
 364 005b 3B       		.uleb128 0x3b
 365 005c 0B       		.uleb128 0xb
 366 005d 00       		.byte	0
 367 005e 00       		.byte	0
 368 005f 00       		.byte	0
 369              		.section	.debug_aranges,"",%progbits
 370 0000 34000000 		.4byte	0x34
 371 0004 0200     		.2byte	0x2
 372 0006 00000000 		.4byte	.Ldebug_info0
 373 000a 04       		.byte	0x4
 374 000b 00       		.byte	0
 375 000c 0000     		.2byte	0
 376 000e 0000     		.2byte	0
 377 0010 00000000 		.4byte	.LFB0
 378 0014 08000000 		.4byte	.LFE0-.LFB0
 379 0018 00000000 		.4byte	.LFB1
 380 001c 08000000 		.4byte	.LFE1-.LFB1
 381 0020 00000000 		.4byte	.LFB2
 382 0024 0C000000 		.4byte	.LFE2-.LFB2
 383 0028 00000000 		.4byte	.LFB3
 384 002c 08000000 		.4byte	.LFE3-.LFB3
 385 0030 00000000 		.4byte	0
 386 0034 00000000 		.4byte	0
 387              		.section	.debug_ranges,"",%progbits
 388              	.Ldebug_ranges0:
 389 0000 00000000 		.4byte	.LFB0
 390 0004 08000000 		.4byte	.LFE0
 391 0008 00000000 		.4byte	.LFB1
 392 000c 08000000 		.4byte	.LFE1
 393 0010 00000000 		.4byte	.LFB2
 394 0014 0C000000 		.4byte	.LFE2
 395 0018 00000000 		.4byte	.LFB3
 396 001c 08000000 		.4byte	.LFE3
 397 0020 00000000 		.4byte	0
 398 0024 00000000 		.4byte	0
 399              		.section	.debug_line,"",%progbits
 400              	.Ldebug_line0:
 401 0000 C1000000 		.section	.debug_str,"MS",%progbits,1
 401      02007800 
 401      00000201 
 401      FB0E0D00 
 401      01010101 
 402              	.LASF6:
 403 0000 6C6F6E67 		.ascii	"long long int\000"
 403      206C6F6E 
 403      6720696E 
 403      7400
 404              	.LASF19:
 405 000e 52657369 		.ascii	"ResistiveTouch_1_ADC_RestoreConfig\000"
 405      73746976 
 405      65546F75 
ARM GAS  C:\Users\esancho\AppData\Local\Temp\ccbv5wU8.s 			page 10


 405      63685F31 
 405      5F414443 
 406              	.LASF8:
 407 0031 756E7369 		.ascii	"unsigned int\000"
 407      676E6564 
 407      20696E74 
 407      00
 408              	.LASF15:
 409 003e 52657369 		.ascii	"ResistiveTouch_1_RestoreConfig\000"
 409      73746976 
 409      65546F75 
 409      63685F31 
 409      5F526573 
 410              	.LASF23:
 411 005d 474E5520 		.ascii	"GNU C11 5.4.1 20160609 (release) [ARM/embedded-5-br"
 411      43313120 
 411      352E342E 
 411      31203230 
 411      31363036 
 412 0090 616E6368 		.ascii	"anch revision 237715] -mcpu=cortex-m3 -mthumb -g -O"
 412      20726576 
 412      6973696F 
 412      6E203233 
 412      37373135 
 413 00c3 67202D66 		.ascii	"g -ffunction-sections -ffat-lto-objects\000"
 413      66756E63 
 413      74696F6E 
 413      2D736563 
 413      74696F6E 
 414              	.LASF18:
 415 00eb 52657369 		.ascii	"ResistiveTouch_1_ADC_SaveConfig\000"
 415      73746976 
 415      65546F75 
 415      63685F31 
 415      5F414443 
 416              	.LASF5:
 417 010b 6C6F6E67 		.ascii	"long unsigned int\000"
 417      20756E73 
 417      69676E65 
 417      6420696E 
 417      7400
 418              	.LASF7:
 419 011d 6C6F6E67 		.ascii	"long long unsigned int\000"
 419      206C6F6E 
 419      6720756E 
 419      7369676E 
 419      65642069 
 420              	.LASF9:
 421 0134 666C6F61 		.ascii	"float\000"
 421      7400
 422              	.LASF22:
 423 013a 52657369 		.ascii	"ResistiveTouch_1_ADC_Wakeup\000"
 423      73746976 
 423      65546F75 
 423      63685F31 
 423      5F414443 
 424              	.LASF1:
ARM GAS  C:\Users\esancho\AppData\Local\Temp\ccbv5wU8.s 			page 11


 425 0156 756E7369 		.ascii	"unsigned char\000"
 425      676E6564 
 425      20636861 
 425      7200
 426              	.LASF11:
 427 0164 63686172 		.ascii	"char\000"
 427      00
 428              	.LASF14:
 429 0169 52657369 		.ascii	"ResistiveTouch_1_SaveConfig\000"
 429      73746976 
 429      65546F75 
 429      63685F31 
 429      5F536176 
 430              	.LASF4:
 431 0185 6C6F6E67 		.ascii	"long int\000"
 431      20696E74 
 431      00
 432              	.LASF17:
 433 018e 52657369 		.ascii	"ResistiveTouch_1_Wakeup\000"
 433      73746976 
 433      65546F75 
 433      63685F31 
 433      5F57616B 
 434              	.LASF10:
 435 01a6 646F7562 		.ascii	"double\000"
 435      6C6500
 436              	.LASF20:
 437 01ad 52657369 		.ascii	"ResistiveTouch_1_ADC_Sleep\000"
 437      73746976 
 437      65546F75 
 437      63685F31 
 437      5F414443 
 438              	.LASF3:
 439 01c8 73686F72 		.ascii	"short unsigned int\000"
 439      7420756E 
 439      7369676E 
 439      65642069 
 439      6E7400
 440              	.LASF0:
 441 01db 7369676E 		.ascii	"signed char\000"
 441      65642063 
 441      68617200 
 442              	.LASF24:
 443 01e7 47656E65 		.ascii	"Generated_Source\\PSoC5\\ResistiveTouch_1_PM.c\000"
 443      72617465 
 443      645F536F 
 443      75726365 
 443      5C50536F 
 444              	.LASF21:
 445 0214 52657369 		.ascii	"ResistiveTouch_1_AMux_Stop\000"
 445      73746976 
 445      65546F75 
 445      63685F31 
 445      5F414D75 
 446              	.LASF12:
 447 022f 6C6F6E67 		.ascii	"long double\000"
 447      20646F75 
ARM GAS  C:\Users\esancho\AppData\Local\Temp\ccbv5wU8.s 			page 12


 447      626C6500 
 448              	.LASF2:
 449 023b 73686F72 		.ascii	"short int\000"
 449      7420696E 
 449      7400
 450              	.LASF25:
 451 0245 433A5C55 		.ascii	"C:\\Users\\esancho\\Downloads\\PID Controler\\Contr"
 451      73657273 
 451      5C657361 
 451      6E63686F 
 451      5C446F77 
 452 0273 6F6C6164 		.ascii	"olador.cydsn\000"
 452      6F722E63 
 452      7964736E 
 452      00
 453              	.LASF13:
 454 0280 73697A65 		.ascii	"sizetype\000"
 454      74797065 
 454      00
 455              	.LASF16:
 456 0289 52657369 		.ascii	"ResistiveTouch_1_Sleep\000"
 456      73746976 
 456      65546F75 
 456      63685F31 
 456      5F536C65 
 457              		.ident	"GCC: (GNU Tools for ARM Embedded Processors) 5.4.1 20160609 (release) [ARM/embedded-5-bran
