ARM GAS  C:\Users\emman\AppData\Local\Temp\cc0l8qRe.s 			page 1


   1              		.syntax unified
   2              		.cpu cortex-m3
   3              		.fpu softvfp
   4              		.eabi_attribute 20, 1
   5              		.eabi_attribute 21, 1
   6              		.eabi_attribute 23, 3
   7              		.eabi_attribute 24, 1
   8              		.eabi_attribute 25, 1
   9              		.eabi_attribute 26, 1
  10              		.eabi_attribute 30, 1
  11              		.eabi_attribute 34, 1
  12              		.eabi_attribute 18, 4
  13              		.thumb
  14              		.syntax unified
  15              		.file	"Touch_PM.c"
  16              		.text
  17              	.Ltext0:
  18              		.cfi_sections	.debug_frame
  19              		.section	.text.Touch_SaveConfig,"ax",%progbits
  20              		.align	2
  21              		.global	Touch_SaveConfig
  22              		.thumb
  23              		.thumb_func
  24              		.type	Touch_SaveConfig, %function
  25              	Touch_SaveConfig:
  26              	.LFB0:
  27              		.file 1 "Generated_Source\\PSoC5\\Touch_PM.c"
   1:Generated_Source\PSoC5/Touch_PM.c **** /*******************************************************************************
   2:Generated_Source\PSoC5/Touch_PM.c **** * File Name: Touch_PM.c
   3:Generated_Source\PSoC5/Touch_PM.c **** * Version 2.0
   4:Generated_Source\PSoC5/Touch_PM.c **** *
   5:Generated_Source\PSoC5/Touch_PM.c **** * Description:
   6:Generated_Source\PSoC5/Touch_PM.c **** *  This file contains the setup, control, and status commands to support 
   7:Generated_Source\PSoC5/Touch_PM.c **** *  the component operation in the low power mode. 
   8:Generated_Source\PSoC5/Touch_PM.c **** *
   9:Generated_Source\PSoC5/Touch_PM.c **** * Note:
  10:Generated_Source\PSoC5/Touch_PM.c **** *
  11:Generated_Source\PSoC5/Touch_PM.c **** ********************************************************************************
  12:Generated_Source\PSoC5/Touch_PM.c **** * Copyright 2012-2015, Cypress Semiconductor Corporation.  All rights reserved.
  13:Generated_Source\PSoC5/Touch_PM.c **** * You may use this file only in accordance with the license, terms, conditions, 
  14:Generated_Source\PSoC5/Touch_PM.c **** * disclaimers, and limitations in the end user license agreement accompanying 
  15:Generated_Source\PSoC5/Touch_PM.c **** * the software package with which this file was provided.
  16:Generated_Source\PSoC5/Touch_PM.c **** *******************************************************************************/
  17:Generated_Source\PSoC5/Touch_PM.c **** 
  18:Generated_Source\PSoC5/Touch_PM.c **** #include "Touch.h"
  19:Generated_Source\PSoC5/Touch_PM.c **** 
  20:Generated_Source\PSoC5/Touch_PM.c **** 
  21:Generated_Source\PSoC5/Touch_PM.c **** /*******************************************************************************
  22:Generated_Source\PSoC5/Touch_PM.c **** * Function Name: Touch_SaveConfig
  23:Generated_Source\PSoC5/Touch_PM.c **** ********************************************************************************
  24:Generated_Source\PSoC5/Touch_PM.c **** *
  25:Generated_Source\PSoC5/Touch_PM.c **** * Summary:
  26:Generated_Source\PSoC5/Touch_PM.c **** *  Saves the ADC configuration.
  27:Generated_Source\PSoC5/Touch_PM.c **** *
  28:Generated_Source\PSoC5/Touch_PM.c **** * Parameters:
  29:Generated_Source\PSoC5/Touch_PM.c **** *  None
  30:Generated_Source\PSoC5/Touch_PM.c **** *
ARM GAS  C:\Users\emman\AppData\Local\Temp\cc0l8qRe.s 			page 2


  31:Generated_Source\PSoC5/Touch_PM.c **** * Return:
  32:Generated_Source\PSoC5/Touch_PM.c **** *  None
  33:Generated_Source\PSoC5/Touch_PM.c **** *
  34:Generated_Source\PSoC5/Touch_PM.c **** *******************************************************************************/
  35:Generated_Source\PSoC5/Touch_PM.c **** void Touch_SaveConfig(void) 
  36:Generated_Source\PSoC5/Touch_PM.c **** {
  28              		.loc 1 36 0
  29              		.cfi_startproc
  30              		@ args = 0, pretend = 0, frame = 0
  31              		@ frame_needed = 0, uses_anonymous_args = 0
  32 0000 08B5     		push	{r3, lr}
  33              		.cfi_def_cfa_offset 8
  34              		.cfi_offset 3, -8
  35              		.cfi_offset 14, -4
  37:Generated_Source\PSoC5/Touch_PM.c ****     Touch_ADC_SaveConfig();   
  36              		.loc 1 37 0
  37 0002 FFF7FEFF 		bl	Touch_ADC_SaveConfig
  38              	.LVL0:
  39 0006 08BD     		pop	{r3, pc}
  40              		.cfi_endproc
  41              	.LFE0:
  42              		.size	Touch_SaveConfig, .-Touch_SaveConfig
  43              		.section	.text.Touch_RestoreConfig,"ax",%progbits
  44              		.align	2
  45              		.global	Touch_RestoreConfig
  46              		.thumb
  47              		.thumb_func
  48              		.type	Touch_RestoreConfig, %function
  49              	Touch_RestoreConfig:
  50              	.LFB1:
  38:Generated_Source\PSoC5/Touch_PM.c **** }
  39:Generated_Source\PSoC5/Touch_PM.c **** 
  40:Generated_Source\PSoC5/Touch_PM.c **** 
  41:Generated_Source\PSoC5/Touch_PM.c **** /*******************************************************************************
  42:Generated_Source\PSoC5/Touch_PM.c **** * Function Name: Touch_RestoreConfig
  43:Generated_Source\PSoC5/Touch_PM.c **** ********************************************************************************
  44:Generated_Source\PSoC5/Touch_PM.c **** *
  45:Generated_Source\PSoC5/Touch_PM.c **** * Summary:
  46:Generated_Source\PSoC5/Touch_PM.c **** *  Restores the ADC configuration.
  47:Generated_Source\PSoC5/Touch_PM.c **** *
  48:Generated_Source\PSoC5/Touch_PM.c **** * Parameters:
  49:Generated_Source\PSoC5/Touch_PM.c **** *  None
  50:Generated_Source\PSoC5/Touch_PM.c **** *
  51:Generated_Source\PSoC5/Touch_PM.c **** * Return:
  52:Generated_Source\PSoC5/Touch_PM.c **** *  None
  53:Generated_Source\PSoC5/Touch_PM.c **** *
  54:Generated_Source\PSoC5/Touch_PM.c **** *
  55:Generated_Source\PSoC5/Touch_PM.c **** *******************************************************************************/
  56:Generated_Source\PSoC5/Touch_PM.c **** void Touch_RestoreConfig(void) 
  57:Generated_Source\PSoC5/Touch_PM.c **** {
  51              		.loc 1 57 0
  52              		.cfi_startproc
  53              		@ args = 0, pretend = 0, frame = 0
  54              		@ frame_needed = 0, uses_anonymous_args = 0
  55 0000 08B5     		push	{r3, lr}
  56              		.cfi_def_cfa_offset 8
  57              		.cfi_offset 3, -8
ARM GAS  C:\Users\emman\AppData\Local\Temp\cc0l8qRe.s 			page 3


  58              		.cfi_offset 14, -4
  58:Generated_Source\PSoC5/Touch_PM.c ****     Touch_ADC_RestoreConfig();  
  59              		.loc 1 58 0
  60 0002 FFF7FEFF 		bl	Touch_ADC_RestoreConfig
  61              	.LVL1:
  62 0006 08BD     		pop	{r3, pc}
  63              		.cfi_endproc
  64              	.LFE1:
  65              		.size	Touch_RestoreConfig, .-Touch_RestoreConfig
  66              		.section	.text.Touch_Sleep,"ax",%progbits
  67              		.align	2
  68              		.global	Touch_Sleep
  69              		.thumb
  70              		.thumb_func
  71              		.type	Touch_Sleep, %function
  72              	Touch_Sleep:
  73              	.LFB2:
  59:Generated_Source\PSoC5/Touch_PM.c **** }
  60:Generated_Source\PSoC5/Touch_PM.c **** 
  61:Generated_Source\PSoC5/Touch_PM.c **** 
  62:Generated_Source\PSoC5/Touch_PM.c **** /*******************************************************************************
  63:Generated_Source\PSoC5/Touch_PM.c **** * Function Name: Touch_Sleep
  64:Generated_Source\PSoC5/Touch_PM.c **** ********************************************************************************
  65:Generated_Source\PSoC5/Touch_PM.c **** *
  66:Generated_Source\PSoC5/Touch_PM.c **** * Summary:
  67:Generated_Source\PSoC5/Touch_PM.c **** *  Prepares the component for entering the low power mode.
  68:Generated_Source\PSoC5/Touch_PM.c **** *
  69:Generated_Source\PSoC5/Touch_PM.c **** * Parameters:
  70:Generated_Source\PSoC5/Touch_PM.c **** *  None
  71:Generated_Source\PSoC5/Touch_PM.c **** *
  72:Generated_Source\PSoC5/Touch_PM.c **** * Return:
  73:Generated_Source\PSoC5/Touch_PM.c **** *  None
  74:Generated_Source\PSoC5/Touch_PM.c **** *
  75:Generated_Source\PSoC5/Touch_PM.c **** *******************************************************************************/
  76:Generated_Source\PSoC5/Touch_PM.c **** void Touch_Sleep(void) 
  77:Generated_Source\PSoC5/Touch_PM.c **** {
  74              		.loc 1 77 0
  75              		.cfi_startproc
  76              		@ args = 0, pretend = 0, frame = 0
  77              		@ frame_needed = 0, uses_anonymous_args = 0
  78 0000 08B5     		push	{r3, lr}
  79              		.cfi_def_cfa_offset 8
  80              		.cfi_offset 3, -8
  81              		.cfi_offset 14, -4
  78:Generated_Source\PSoC5/Touch_PM.c ****     Touch_ADC_Sleep();
  82              		.loc 1 78 0
  83 0002 FFF7FEFF 		bl	Touch_ADC_Sleep
  84              	.LVL2:
  79:Generated_Source\PSoC5/Touch_PM.c ****     Touch_AMux_Stop();
  85              		.loc 1 79 0
  86 0006 FFF7FEFF 		bl	Touch_AMux_Stop
  87              	.LVL3:
  88 000a 08BD     		pop	{r3, pc}
  89              		.cfi_endproc
  90              	.LFE2:
  91              		.size	Touch_Sleep, .-Touch_Sleep
  92              		.section	.text.Touch_Wakeup,"ax",%progbits
ARM GAS  C:\Users\emman\AppData\Local\Temp\cc0l8qRe.s 			page 4


  93              		.align	2
  94              		.global	Touch_Wakeup
  95              		.thumb
  96              		.thumb_func
  97              		.type	Touch_Wakeup, %function
  98              	Touch_Wakeup:
  99              	.LFB3:
  80:Generated_Source\PSoC5/Touch_PM.c **** }
  81:Generated_Source\PSoC5/Touch_PM.c **** 
  82:Generated_Source\PSoC5/Touch_PM.c **** 
  83:Generated_Source\PSoC5/Touch_PM.c **** /*******************************************************************************
  84:Generated_Source\PSoC5/Touch_PM.c **** * Function Name: Touch_Wakeup
  85:Generated_Source\PSoC5/Touch_PM.c **** ********************************************************************************
  86:Generated_Source\PSoC5/Touch_PM.c **** *
  87:Generated_Source\PSoC5/Touch_PM.c **** * Summary:
  88:Generated_Source\PSoC5/Touch_PM.c **** *  Restores the component after waking up from the low power mode.
  89:Generated_Source\PSoC5/Touch_PM.c **** *
  90:Generated_Source\PSoC5/Touch_PM.c **** * Parameters:
  91:Generated_Source\PSoC5/Touch_PM.c **** *  None
  92:Generated_Source\PSoC5/Touch_PM.c **** *
  93:Generated_Source\PSoC5/Touch_PM.c **** * Return:
  94:Generated_Source\PSoC5/Touch_PM.c **** *  None
  95:Generated_Source\PSoC5/Touch_PM.c **** *
  96:Generated_Source\PSoC5/Touch_PM.c **** *******************************************************************************/
  97:Generated_Source\PSoC5/Touch_PM.c **** void Touch_Wakeup(void)  
  98:Generated_Source\PSoC5/Touch_PM.c **** {
 100              		.loc 1 98 0
 101              		.cfi_startproc
 102              		@ args = 0, pretend = 0, frame = 0
 103              		@ frame_needed = 0, uses_anonymous_args = 0
 104 0000 08B5     		push	{r3, lr}
 105              		.cfi_def_cfa_offset 8
 106              		.cfi_offset 3, -8
 107              		.cfi_offset 14, -4
  99:Generated_Source\PSoC5/Touch_PM.c ****     Touch_ADC_Wakeup();
 108              		.loc 1 99 0
 109 0002 FFF7FEFF 		bl	Touch_ADC_Wakeup
 110              	.LVL4:
 111 0006 08BD     		pop	{r3, pc}
 112              		.cfi_endproc
 113              	.LFE3:
 114              		.size	Touch_Wakeup, .-Touch_Wakeup
 115              		.text
 116              	.Letext0:
 117              		.file 2 "Generated_Source\\PSoC5\\Touch_ADC.h"
 118              		.file 3 "Generated_Source\\PSoC5\\Touch_AMux.h"
 119              		.section	.debug_info,"",%progbits
 120              	.Ldebug_info0:
 121 0000 47010000 		.4byte	0x147
 122 0004 0400     		.2byte	0x4
 123 0006 00000000 		.4byte	.Ldebug_abbrev0
 124 000a 04       		.byte	0x4
 125 000b 01       		.uleb128 0x1
 126 000c 62000000 		.4byte	.LASF23
 127 0010 0C       		.byte	0xc
 128 0011 1B000000 		.4byte	.LASF24
 129 0015 59010000 		.4byte	.LASF25
ARM GAS  C:\Users\emman\AppData\Local\Temp\cc0l8qRe.s 			page 5


 130 0019 00000000 		.4byte	.Ldebug_ranges0+0
 131 001d 00000000 		.4byte	0
 132 0021 00000000 		.4byte	.Ldebug_line0
 133 0025 02       		.uleb128 0x2
 134 0026 01       		.byte	0x1
 135 0027 06       		.byte	0x6
 136 0028 E2010000 		.4byte	.LASF0
 137 002c 02       		.uleb128 0x2
 138 002d 01       		.byte	0x1
 139 002e 08       		.byte	0x8
 140 002f 3D010000 		.4byte	.LASF1
 141 0033 02       		.uleb128 0x2
 142 0034 02       		.byte	0x2
 143 0035 05       		.byte	0x5
 144 0036 13020000 		.4byte	.LASF2
 145 003a 02       		.uleb128 0x2
 146 003b 02       		.byte	0x2
 147 003c 07       		.byte	0x7
 148 003d CF010000 		.4byte	.LASF3
 149 0041 02       		.uleb128 0x2
 150 0042 04       		.byte	0x4
 151 0043 05       		.byte	0x5
 152 0044 50010000 		.4byte	.LASF4
 153 0048 02       		.uleb128 0x2
 154 0049 04       		.byte	0x4
 155 004a 07       		.byte	0x7
 156 004b F0000000 		.4byte	.LASF5
 157 004f 02       		.uleb128 0x2
 158 0050 08       		.byte	0x8
 159 0051 05       		.byte	0x5
 160 0052 00000000 		.4byte	.LASF6
 161 0056 02       		.uleb128 0x2
 162 0057 08       		.byte	0x8
 163 0058 07       		.byte	0x7
 164 0059 0F010000 		.4byte	.LASF7
 165 005d 03       		.uleb128 0x3
 166 005e 04       		.byte	0x4
 167 005f 05       		.byte	0x5
 168 0060 696E7400 		.ascii	"int\000"
 169 0064 02       		.uleb128 0x2
 170 0065 04       		.byte	0x4
 171 0066 07       		.byte	0x7
 172 0067 0E000000 		.4byte	.LASF8
 173 006b 02       		.uleb128 0x2
 174 006c 04       		.byte	0x4
 175 006d 04       		.byte	0x4
 176 006e 37010000 		.4byte	.LASF9
 177 0072 02       		.uleb128 0x2
 178 0073 08       		.byte	0x8
 179 0074 04       		.byte	0x4
 180 0075 B0010000 		.4byte	.LASF10
 181 0079 02       		.uleb128 0x2
 182 007a 01       		.byte	0x1
 183 007b 08       		.byte	0x8
 184 007c 4B010000 		.4byte	.LASF11
 185 0080 02       		.uleb128 0x2
 186 0081 08       		.byte	0x8
ARM GAS  C:\Users\emman\AppData\Local\Temp\cc0l8qRe.s 			page 6


 187 0082 04       		.byte	0x4
 188 0083 EE010000 		.4byte	.LASF12
 189 0087 02       		.uleb128 0x2
 190 0088 04       		.byte	0x4
 191 0089 07       		.byte	0x7
 192 008a 0A020000 		.4byte	.LASF13
 193 008e 04       		.uleb128 0x4
 194 008f 26010000 		.4byte	.LASF14
 195 0093 01       		.byte	0x1
 196 0094 23       		.byte	0x23
 197 0095 00000000 		.4byte	.LFB0
 198 0099 08000000 		.4byte	.LFE0-.LFB0
 199 009d 01       		.uleb128 0x1
 200 009e 9C       		.byte	0x9c
 201 009f AD000000 		.4byte	0xad
 202 00a3 05       		.uleb128 0x5
 203 00a4 06000000 		.4byte	.LVL0
 204 00a8 13010000 		.4byte	0x113
 205 00ac 00       		.byte	0
 206 00ad 04       		.uleb128 0x4
 207 00ae 3D000000 		.4byte	.LASF15
 208 00b2 01       		.byte	0x1
 209 00b3 38       		.byte	0x38
 210 00b4 00000000 		.4byte	.LFB1
 211 00b8 08000000 		.4byte	.LFE1-.LFB1
 212 00bc 01       		.uleb128 0x1
 213 00bd 9C       		.byte	0x9c
 214 00be CC000000 		.4byte	0xcc
 215 00c2 05       		.uleb128 0x5
 216 00c3 06000000 		.4byte	.LVL1
 217 00c7 1E010000 		.4byte	0x11e
 218 00cb 00       		.byte	0
 219 00cc 04       		.uleb128 0x4
 220 00cd 32020000 		.4byte	.LASF16
 221 00d1 01       		.byte	0x1
 222 00d2 4C       		.byte	0x4c
 223 00d3 00000000 		.4byte	.LFB2
 224 00d7 0C000000 		.4byte	.LFE2-.LFB2
 225 00db 01       		.uleb128 0x1
 226 00dc 9C       		.byte	0x9c
 227 00dd F4000000 		.4byte	0xf4
 228 00e1 05       		.uleb128 0x5
 229 00e2 06000000 		.4byte	.LVL2
 230 00e6 29010000 		.4byte	0x129
 231 00ea 05       		.uleb128 0x5
 232 00eb 0A000000 		.4byte	.LVL3
 233 00ef 34010000 		.4byte	0x134
 234 00f3 00       		.byte	0
 235 00f4 04       		.uleb128 0x4
 236 00f5 02010000 		.4byte	.LASF17
 237 00f9 01       		.byte	0x1
 238 00fa 61       		.byte	0x61
 239 00fb 00000000 		.4byte	.LFB3
 240 00ff 08000000 		.4byte	.LFE3-.LFB3
 241 0103 01       		.uleb128 0x1
 242 0104 9C       		.byte	0x9c
 243 0105 13010000 		.4byte	0x113
ARM GAS  C:\Users\emman\AppData\Local\Temp\cc0l8qRe.s 			page 7


 244 0109 05       		.uleb128 0x5
 245 010a 06000000 		.4byte	.LVL4
 246 010e 3F010000 		.4byte	0x13f
 247 0112 00       		.byte	0
 248 0113 06       		.uleb128 0x6
 249 0114 1D020000 		.4byte	.LASF18
 250 0118 1D020000 		.4byte	.LASF18
 251 011c 02       		.byte	0x2
 252 011d 4E       		.byte	0x4e
 253 011e 06       		.uleb128 0x6
 254 011f B7010000 		.4byte	.LASF19
 255 0123 B7010000 		.4byte	.LASF19
 256 0127 02       		.byte	0x2
 257 0128 4F       		.byte	0x4f
 258 0129 06       		.uleb128 0x6
 259 012a 3E020000 		.4byte	.LASF20
 260 012e 3E020000 		.4byte	.LASF20
 261 0132 02       		.byte	0x2
 262 0133 4A       		.byte	0x4a
 263 0134 06       		.uleb128 0x6
 264 0135 FA010000 		.4byte	.LASF21
 265 0139 FA010000 		.4byte	.LASF21
 266 013d 03       		.byte	0x3
 267 013e 2F       		.byte	0x2f
 268 013f 06       		.uleb128 0x6
 269 0140 51000000 		.4byte	.LASF22
 270 0144 51000000 		.4byte	.LASF22
 271 0148 02       		.byte	0x2
 272 0149 4B       		.byte	0x4b
 273 014a 00       		.byte	0
 274              		.section	.debug_abbrev,"",%progbits
 275              	.Ldebug_abbrev0:
 276 0000 01       		.uleb128 0x1
 277 0001 11       		.uleb128 0x11
 278 0002 01       		.byte	0x1
 279 0003 25       		.uleb128 0x25
 280 0004 0E       		.uleb128 0xe
 281 0005 13       		.uleb128 0x13
 282 0006 0B       		.uleb128 0xb
 283 0007 03       		.uleb128 0x3
 284 0008 0E       		.uleb128 0xe
 285 0009 1B       		.uleb128 0x1b
 286 000a 0E       		.uleb128 0xe
 287 000b 55       		.uleb128 0x55
 288 000c 17       		.uleb128 0x17
 289 000d 11       		.uleb128 0x11
 290 000e 01       		.uleb128 0x1
 291 000f 10       		.uleb128 0x10
 292 0010 17       		.uleb128 0x17
 293 0011 00       		.byte	0
 294 0012 00       		.byte	0
 295 0013 02       		.uleb128 0x2
 296 0014 24       		.uleb128 0x24
 297 0015 00       		.byte	0
 298 0016 0B       		.uleb128 0xb
 299 0017 0B       		.uleb128 0xb
 300 0018 3E       		.uleb128 0x3e
ARM GAS  C:\Users\emman\AppData\Local\Temp\cc0l8qRe.s 			page 8


 301 0019 0B       		.uleb128 0xb
 302 001a 03       		.uleb128 0x3
 303 001b 0E       		.uleb128 0xe
 304 001c 00       		.byte	0
 305 001d 00       		.byte	0
 306 001e 03       		.uleb128 0x3
 307 001f 24       		.uleb128 0x24
 308 0020 00       		.byte	0
 309 0021 0B       		.uleb128 0xb
 310 0022 0B       		.uleb128 0xb
 311 0023 3E       		.uleb128 0x3e
 312 0024 0B       		.uleb128 0xb
 313 0025 03       		.uleb128 0x3
 314 0026 08       		.uleb128 0x8
 315 0027 00       		.byte	0
 316 0028 00       		.byte	0
 317 0029 04       		.uleb128 0x4
 318 002a 2E       		.uleb128 0x2e
 319 002b 01       		.byte	0x1
 320 002c 3F       		.uleb128 0x3f
 321 002d 19       		.uleb128 0x19
 322 002e 03       		.uleb128 0x3
 323 002f 0E       		.uleb128 0xe
 324 0030 3A       		.uleb128 0x3a
 325 0031 0B       		.uleb128 0xb
 326 0032 3B       		.uleb128 0x3b
 327 0033 0B       		.uleb128 0xb
 328 0034 27       		.uleb128 0x27
 329 0035 19       		.uleb128 0x19
 330 0036 11       		.uleb128 0x11
 331 0037 01       		.uleb128 0x1
 332 0038 12       		.uleb128 0x12
 333 0039 06       		.uleb128 0x6
 334 003a 40       		.uleb128 0x40
 335 003b 18       		.uleb128 0x18
 336 003c 9742     		.uleb128 0x2117
 337 003e 19       		.uleb128 0x19
 338 003f 01       		.uleb128 0x1
 339 0040 13       		.uleb128 0x13
 340 0041 00       		.byte	0
 341 0042 00       		.byte	0
 342 0043 05       		.uleb128 0x5
 343 0044 898201   		.uleb128 0x4109
 344 0047 00       		.byte	0
 345 0048 11       		.uleb128 0x11
 346 0049 01       		.uleb128 0x1
 347 004a 31       		.uleb128 0x31
 348 004b 13       		.uleb128 0x13
 349 004c 00       		.byte	0
 350 004d 00       		.byte	0
 351 004e 06       		.uleb128 0x6
 352 004f 2E       		.uleb128 0x2e
 353 0050 00       		.byte	0
 354 0051 3F       		.uleb128 0x3f
 355 0052 19       		.uleb128 0x19
 356 0053 3C       		.uleb128 0x3c
 357 0054 19       		.uleb128 0x19
ARM GAS  C:\Users\emman\AppData\Local\Temp\cc0l8qRe.s 			page 9


 358 0055 6E       		.uleb128 0x6e
 359 0056 0E       		.uleb128 0xe
 360 0057 03       		.uleb128 0x3
 361 0058 0E       		.uleb128 0xe
 362 0059 3A       		.uleb128 0x3a
 363 005a 0B       		.uleb128 0xb
 364 005b 3B       		.uleb128 0x3b
 365 005c 0B       		.uleb128 0xb
 366 005d 00       		.byte	0
 367 005e 00       		.byte	0
 368 005f 00       		.byte	0
 369              		.section	.debug_aranges,"",%progbits
 370 0000 34000000 		.4byte	0x34
 371 0004 0200     		.2byte	0x2
 372 0006 00000000 		.4byte	.Ldebug_info0
 373 000a 04       		.byte	0x4
 374 000b 00       		.byte	0
 375 000c 0000     		.2byte	0
 376 000e 0000     		.2byte	0
 377 0010 00000000 		.4byte	.LFB0
 378 0014 08000000 		.4byte	.LFE0-.LFB0
 379 0018 00000000 		.4byte	.LFB1
 380 001c 08000000 		.4byte	.LFE1-.LFB1
 381 0020 00000000 		.4byte	.LFB2
 382 0024 0C000000 		.4byte	.LFE2-.LFB2
 383 0028 00000000 		.4byte	.LFB3
 384 002c 08000000 		.4byte	.LFE3-.LFB3
 385 0030 00000000 		.4byte	0
 386 0034 00000000 		.4byte	0
 387              		.section	.debug_ranges,"",%progbits
 388              	.Ldebug_ranges0:
 389 0000 00000000 		.4byte	.LFB0
 390 0004 08000000 		.4byte	.LFE0
 391 0008 00000000 		.4byte	.LFB1
 392 000c 08000000 		.4byte	.LFE1
 393 0010 00000000 		.4byte	.LFB2
 394 0014 0C000000 		.4byte	.LFE2
 395 0018 00000000 		.4byte	.LFB3
 396 001c 08000000 		.4byte	.LFE3
 397 0020 00000000 		.4byte	0
 398 0024 00000000 		.4byte	0
 399              		.section	.debug_line,"",%progbits
 400              	.Ldebug_line0:
 401 0000 A0000000 		.section	.debug_str,"MS",%progbits,1
 401      02005700 
 401      00000201 
 401      FB0E0D00 
 401      01010101 
 402              	.LASF6:
 403 0000 6C6F6E67 		.ascii	"long long int\000"
 403      206C6F6E 
 403      6720696E 
 403      7400
 404              	.LASF8:
 405 000e 756E7369 		.ascii	"unsigned int\000"
 405      676E6564 
 405      20696E74 
ARM GAS  C:\Users\emman\AppData\Local\Temp\cc0l8qRe.s 			page 10


 405      00
 406              	.LASF24:
 407 001b 47656E65 		.ascii	"Generated_Source\\PSoC5\\Touch_PM.c\000"
 407      72617465 
 407      645F536F 
 407      75726365 
 407      5C50536F 
 408              	.LASF15:
 409 003d 546F7563 		.ascii	"Touch_RestoreConfig\000"
 409      685F5265 
 409      73746F72 
 409      65436F6E 
 409      66696700 
 410              	.LASF22:
 411 0051 546F7563 		.ascii	"Touch_ADC_Wakeup\000"
 411      685F4144 
 411      435F5761 
 411      6B657570 
 411      00
 412              	.LASF23:
 413 0062 474E5520 		.ascii	"GNU C11 5.4.1 20160609 (release) [ARM/embedded-5-br"
 413      43313120 
 413      352E342E 
 413      31203230 
 413      31363036 
 414 0095 616E6368 		.ascii	"anch revision 237715] -mcpu=cortex-m3 -mthumb -g -O"
 414      20726576 
 414      6973696F 
 414      6E203233 
 414      37373135 
 415 00c8 67202D66 		.ascii	"g -ffunction-sections -ffat-lto-objects\000"
 415      66756E63 
 415      74696F6E 
 415      2D736563 
 415      74696F6E 
 416              	.LASF5:
 417 00f0 6C6F6E67 		.ascii	"long unsigned int\000"
 417      20756E73 
 417      69676E65 
 417      6420696E 
 417      7400
 418              	.LASF17:
 419 0102 546F7563 		.ascii	"Touch_Wakeup\000"
 419      685F5761 
 419      6B657570 
 419      00
 420              	.LASF7:
 421 010f 6C6F6E67 		.ascii	"long long unsigned int\000"
 421      206C6F6E 
 421      6720756E 
 421      7369676E 
 421      65642069 
 422              	.LASF14:
 423 0126 546F7563 		.ascii	"Touch_SaveConfig\000"
 423      685F5361 
 423      7665436F 
 423      6E666967 
ARM GAS  C:\Users\emman\AppData\Local\Temp\cc0l8qRe.s 			page 11


 423      00
 424              	.LASF9:
 425 0137 666C6F61 		.ascii	"float\000"
 425      7400
 426              	.LASF1:
 427 013d 756E7369 		.ascii	"unsigned char\000"
 427      676E6564 
 427      20636861 
 427      7200
 428              	.LASF11:
 429 014b 63686172 		.ascii	"char\000"
 429      00
 430              	.LASF4:
 431 0150 6C6F6E67 		.ascii	"long int\000"
 431      20696E74 
 431      00
 432              	.LASF25:
 433 0159 453A5C55 		.ascii	"E:\\U\\Lab de Control\\PID Controler-20191011T02191"
 433      5C4C6162 
 433      20646520 
 433      436F6E74 
 433      726F6C5C 
 434 0189 395A2D30 		.ascii	"9Z-001\\PID Controler\\Controlador.cydsn\000"
 434      30315C50 
 434      49442043 
 434      6F6E7472 
 434      6F6C6572 
 435              	.LASF10:
 436 01b0 646F7562 		.ascii	"double\000"
 436      6C6500
 437              	.LASF19:
 438 01b7 546F7563 		.ascii	"Touch_ADC_RestoreConfig\000"
 438      685F4144 
 438      435F5265 
 438      73746F72 
 438      65436F6E 
 439              	.LASF3:
 440 01cf 73686F72 		.ascii	"short unsigned int\000"
 440      7420756E 
 440      7369676E 
 440      65642069 
 440      6E7400
 441              	.LASF0:
 442 01e2 7369676E 		.ascii	"signed char\000"
 442      65642063 
 442      68617200 
 443              	.LASF12:
 444 01ee 6C6F6E67 		.ascii	"long double\000"
 444      20646F75 
 444      626C6500 
 445              	.LASF21:
 446 01fa 546F7563 		.ascii	"Touch_AMux_Stop\000"
 446      685F414D 
 446      75785F53 
 446      746F7000 
 447              	.LASF13:
 448 020a 73697A65 		.ascii	"sizetype\000"
ARM GAS  C:\Users\emman\AppData\Local\Temp\cc0l8qRe.s 			page 12


 448      74797065 
 448      00
 449              	.LASF2:
 450 0213 73686F72 		.ascii	"short int\000"
 450      7420696E 
 450      7400
 451              	.LASF18:
 452 021d 546F7563 		.ascii	"Touch_ADC_SaveConfig\000"
 452      685F4144 
 452      435F5361 
 452      7665436F 
 452      6E666967 
 453              	.LASF16:
 454 0232 546F7563 		.ascii	"Touch_Sleep\000"
 454      685F536C 
 454      65657000 
 455              	.LASF20:
 456 023e 546F7563 		.ascii	"Touch_ADC_Sleep\000"
 456      685F4144 
 456      435F536C 
 456      65657000 
 457              		.ident	"GCC: (GNU Tools for ARM Embedded Processors) 5.4.1 20160609 (release) [ARM/embedded-5-bran
