ARM GAS  C:\Users\esancho\AppData\Local\Temp\ccgXj1Yj.s 			page 1


   1              		.syntax unified
   2              		.cpu cortex-m3
   3              		.fpu softvfp
   4              		.eabi_attribute 20, 1
   5              		.eabi_attribute 21, 1
   6              		.eabi_attribute 23, 3
   7              		.eabi_attribute 24, 1
   8              		.eabi_attribute 25, 1
   9              		.eabi_attribute 26, 1
  10              		.eabi_attribute 30, 4
  11              		.eabi_attribute 34, 1
  12              		.eabi_attribute 18, 4
  13              		.thumb
  14              		.syntax unified
  15              		.file	"cymetadata.c"
  16              		.text
  17              	.Ltext0:
  18              		.cfi_sections	.debug_frame
  19              		.global	cy_metadata
  20              		.global	cy_meta_flashprotect
  21              		.global	cy_meta_wonvl
  22              		.global	cy_meta_custnvl
  23              		.global	cy_meta_configecc
  24              		.section	.cyconfigecc,"a",%progbits
  25              		.type	cy_meta_configecc, %object
  26              		.size	cy_meta_configecc, 656
  27              	cy_meta_configecc:
  28 0000 02       		.byte	2
  29 0001 52       		.byte	82
  30 0002 00       		.byte	0
  31 0003 40       		.byte	64
  32 0004 01       		.byte	1
  33 0005 5B       		.byte	91
  34 0006 00       		.byte	0
  35 0007 40       		.byte	64
  36 0008 02       		.byte	2
  37 0009 64       		.byte	100
  38 000a 00       		.byte	0
  39 000b 40       		.byte	64
  40 000c 02       		.byte	2
  41 000d 01       		.byte	1
  42 000e 01       		.byte	1
  43 000f 40       		.byte	64
  44 0010 40       		.byte	64
  45 0011 02       		.byte	2
  46 0012 01       		.byte	1
  47 0013 40       		.byte	64
  48 0014 23       		.byte	35
  49 0015 03       		.byte	3
  50 0016 01       		.byte	1
  51 0017 40       		.byte	64
  52 0018 41       		.byte	65
  53 0019 04       		.byte	4
  54 001a 01       		.byte	1
  55 001b 40       		.byte	64
  56 001c 22       		.byte	34
  57 001d 05       		.byte	5
ARM GAS  C:\Users\esancho\AppData\Local\Temp\ccgXj1Yj.s 			page 2


  58 001e 01       		.byte	1
  59 001f 40       		.byte	64
  60 0020 01       		.byte	1
  61 0021 07       		.byte	7
  62 0022 01       		.byte	1
  63 0023 40       		.byte	64
  64 0024 01       		.byte	1
  65 0025 0D       		.byte	13
  66 0026 01       		.byte	1
  67 0027 40       		.byte	64
  68 0028 01       		.byte	1
  69 0029 15       		.byte	21
  70 002a 01       		.byte	1
  71 002b 40       		.byte	64
  72 002c 01       		.byte	1
  73 002d 1B       		.byte	27
  74 002e 01       		.byte	1
  75 002f 40       		.byte	64
  76 0030 0D       		.byte	13
  77 0031 40       		.byte	64
  78 0032 01       		.byte	1
  79 0033 40       		.byte	64
  80 0034 05       		.byte	5
  81 0035 41       		.byte	65
  82 0036 01       		.byte	1
  83 0037 40       		.byte	64
  84 0038 07       		.byte	7
  85 0039 42       		.byte	66
  86 003a 01       		.byte	1
  87 003b 40       		.byte	64
  88 003c 03       		.byte	3
  89 003d 43       		.byte	67
  90 003e 01       		.byte	1
  91 003f 40       		.byte	64
  92 0040 03       		.byte	3
  93 0041 45       		.byte	69
  94 0042 01       		.byte	1
  95 0043 40       		.byte	64
  96 0044 03       		.byte	3
  97 0045 46       		.byte	70
  98 0046 01       		.byte	1
  99 0047 40       		.byte	64
 100 0048 01       		.byte	1
 101 0049 48       		.byte	72
 102 004a 01       		.byte	1
 103 004b 40       		.byte	64
 104 004c 02       		.byte	2
 105 004d 49       		.byte	73
 106 004e 01       		.byte	1
 107 004f 40       		.byte	64
 108 0050 02       		.byte	2
 109 0051 4C       		.byte	76
 110 0052 01       		.byte	1
 111 0053 40       		.byte	64
 112 0054 01       		.byte	1
 113 0055 4D       		.byte	77
 114 0056 01       		.byte	1
ARM GAS  C:\Users\esancho\AppData\Local\Temp\ccgXj1Yj.s 			page 3


 115 0057 40       		.byte	64
 116 0058 03       		.byte	3
 117 0059 50       		.byte	80
 118 005a 01       		.byte	1
 119 005b 40       		.byte	64
 120 005c 01       		.byte	1
 121 005d 51       		.byte	81
 122 005e 01       		.byte	1
 123 005f 40       		.byte	64
 124 0060 60       		.byte	96
 125 0061 08       		.byte	8
 126 0062 61       		.byte	97
 127 0063 0C       		.byte	12
 128 0064 27       		.byte	39
 129 0065 21       		.byte	33
 130 0066 83       		.byte	-125
 131 0067 0D       		.byte	13
 132 0068 84       		.byte	-124
 133 0069 0D       		.byte	13
 134 006a 8B       		.byte	-117
 135 006b 10       		.byte	16
 136 006c E2       		.byte	-30
 137 006d 20       		.byte	32
 138 006e 20       		.byte	32
 139 006f 01       		.byte	1
 140 0070 34       		.byte	52
 141 0071 01       		.byte	1
 142 0072 3E       		.byte	62
 143 0073 10       		.byte	16
 144 0074 40       		.byte	64
 145 0075 60       		.byte	96
 146 0076 41       		.byte	65
 147 0077 05       		.byte	5
 148 0078 49       		.byte	73
 149 0079 FF       		.byte	-1
 150 007a 4A       		.byte	74
 151 007b FF       		.byte	-1
 152 007c 4B       		.byte	75
 153 007d FF       		.byte	-1
 154 007e 4D       		.byte	77
 155 007f A0       		.byte	-96
 156 0080 4F       		.byte	79
 157 0081 04       		.byte	4
 158 0082 50       		.byte	80
 159 0083 18       		.byte	24
 160 0084 58       		.byte	88
 161 0085 04       		.byte	4
 162 0086 5A       		.byte	90
 163 0087 04       		.byte	4
 164 0088 5B       		.byte	91
 165 0089 04       		.byte	4
 166 008a 5F       		.byte	95
 167 008b 01       		.byte	1
 168 008c 60       		.byte	96
 169 008d 40       		.byte	64
 170 008e 62       		.byte	98
 171 008f C0       		.byte	-64
ARM GAS  C:\Users\esancho\AppData\Local\Temp\ccgXj1Yj.s 			page 4


 172 0090 64       		.byte	100
 173 0091 40       		.byte	64
 174 0092 65       		.byte	101
 175 0093 40       		.byte	64
 176 0094 66       		.byte	102
 177 0095 C0       		.byte	-64
 178 0096 68       		.byte	104
 179 0097 C0       		.byte	-64
 180 0098 6A       		.byte	106
 181 0099 C0       		.byte	-64
 182 009a 6C       		.byte	108
 183 009b C0       		.byte	-64
 184 009c 6E       		.byte	110
 185 009d C0       		.byte	-64
 186 009e 8E       		.byte	-114
 187 009f 02       		.byte	2
 188 00a0 92       		.byte	-110
 189 00a1 01       		.byte	1
 190 00a2 9A       		.byte	-102
 191 00a3 06       		.byte	6
 192 00a4 9B       		.byte	-101
 193 00a5 01       		.byte	1
 194 00a6 A6       		.byte	-90
 195 00a7 0C       		.byte	12
 196 00a8 AD       		.byte	-83
 197 00a9 01       		.byte	1
 198 00aa B0       		.byte	-80
 199 00ab 04       		.byte	4
 200 00ac B2       		.byte	-78
 201 00ad 02       		.byte	2
 202 00ae B4       		.byte	-76
 203 00af 01       		.byte	1
 204 00b0 B6       		.byte	-74
 205 00b1 08       		.byte	8
 206 00b2 B7       		.byte	-73
 207 00b3 01       		.byte	1
 208 00b4 BE       		.byte	-66
 209 00b5 04       		.byte	4
 210 00b6 C0       		.byte	-64
 211 00b7 20       		.byte	32
 212 00b8 C1       		.byte	-63
 213 00b9 05       		.byte	5
 214 00ba C5       		.byte	-59
 215 00bb D1       		.byte	-47
 216 00bc C7       		.byte	-57
 217 00bd 20       		.byte	32
 218 00be C8       		.byte	-56
 219 00bf 23       		.byte	35
 220 00c0 C9       		.byte	-55
 221 00c1 FF       		.byte	-1
 222 00c2 CA       		.byte	-54
 223 00c3 FF       		.byte	-1
 224 00c4 CB       		.byte	-53
 225 00c5 FF       		.byte	-1
 226 00c6 CD       		.byte	-51
 227 00c7 AF       		.byte	-81
 228 00c8 CE       		.byte	-50
ARM GAS  C:\Users\esancho\AppData\Local\Temp\ccgXj1Yj.s 			page 5


 229 00c9 0F       		.byte	15
 230 00ca CF       		.byte	-49
 231 00cb 04       		.byte	4
 232 00cc D0       		.byte	-48
 233 00cd 18       		.byte	24
 234 00ce D2       		.byte	-46
 235 00cf 80       		.byte	-128
 236 00d0 D4       		.byte	-44
 237 00d1 05       		.byte	5
 238 00d2 D8       		.byte	-40
 239 00d3 04       		.byte	4
 240 00d4 D9       		.byte	-39
 241 00d5 04       		.byte	4
 242 00d6 DA       		.byte	-38
 243 00d7 04       		.byte	4
 244 00d8 DB       		.byte	-37
 245 00d9 04       		.byte	4
 246 00da DF       		.byte	-33
 247 00db 01       		.byte	1
 248 00dc E0       		.byte	-32
 249 00dd 40       		.byte	64
 250 00de E2       		.byte	-30
 251 00df C0       		.byte	-64
 252 00e0 E4       		.byte	-28
 253 00e1 40       		.byte	64
 254 00e2 E5       		.byte	-27
 255 00e3 40       		.byte	64
 256 00e4 E6       		.byte	-26
 257 00e5 C0       		.byte	-64
 258 00e6 E8       		.byte	-24
 259 00e7 C0       		.byte	-64
 260 00e8 EA       		.byte	-22
 261 00e9 C0       		.byte	-64
 262 00ea EC       		.byte	-20
 263 00eb C0       		.byte	-64
 264 00ec EE       		.byte	-18
 265 00ed C0       		.byte	-64
 266 00ee 02       		.byte	2
 267 00ef 02       		.byte	2
 268 00f0 09       		.byte	9
 269 00f1 02       		.byte	2
 270 00f2 0A       		.byte	10
 271 00f3 04       		.byte	4
 272 00f4 10       		.byte	16
 273 00f5 20       		.byte	32
 274 00f6 17       		.byte	23
 275 00f7 01       		.byte	1
 276 00f8 18       		.byte	24
 277 00f9 40       		.byte	64
 278 00fa 19       		.byte	25
 279 00fb 84       		.byte	-124
 280 00fc 1A       		.byte	26
 281 00fd 04       		.byte	4
 282 00fe 1B       		.byte	27
 283 00ff 10       		.byte	16
 284 0100 1F       		.byte	31
 285 0101 10       		.byte	16
ARM GAS  C:\Users\esancho\AppData\Local\Temp\ccgXj1Yj.s 			page 6


 286 0102 22       		.byte	34
 287 0103 40       		.byte	64
 288 0104 29       		.byte	41
 289 0105 80       		.byte	-128
 290 0106 30       		.byte	48
 291 0107 20       		.byte	32
 292 0108 42       		.byte	66
 293 0109 04       		.byte	4
 294 010a 48       		.byte	72
 295 010b 20       		.byte	32
 296 010c 49       		.byte	73
 297 010d 02       		.byte	2
 298 010e 4A       		.byte	74
 299 010f 02       		.byte	2
 300 0110 4E       		.byte	78
 301 0111 02       		.byte	2
 302 0112 4F       		.byte	79
 303 0113 20       		.byte	32
 304 0114 52       		.byte	82
 305 0115 02       		.byte	2
 306 0116 59       		.byte	89
 307 0117 06       		.byte	6
 308 0118 5A       		.byte	90
 309 0119 80       		.byte	-128
 310 011a 6F       		.byte	111
 311 011b 01       		.byte	1
 312 011c 71       		.byte	113
 313 011d 02       		.byte	2
 314 011e 87       		.byte	-121
 315 011f 01       		.byte	1
 316 0120 97       		.byte	-105
 317 0121 20       		.byte	32
 318 0122 C0       		.byte	-64
 319 0123 01       		.byte	1
 320 0124 C2       		.byte	-62
 321 0125 0A       		.byte	10
 322 0126 C4       		.byte	-60
 323 0127 14       		.byte	20
 324 0128 CA       		.byte	-54
 325 0129 08       		.byte	8
 326 012a CC       		.byte	-52
 327 012b 04       		.byte	4
 328 012c D0       		.byte	-48
 329 012d 04       		.byte	4
 330 012e D2       		.byte	-46
 331 012f 38       		.byte	56
 332 0130 D6       		.byte	-42
 333 0131 0B       		.byte	11
 334 0132 EA       		.byte	-22
 335 0133 80       		.byte	-128
 336 0134 03       		.byte	3
 337 0135 01       		.byte	1
 338 0136 10       		.byte	16
 339 0137 08       		.byte	8
 340 0138 12       		.byte	18
 341 0139 02       		.byte	2
 342 013a 1B       		.byte	27
ARM GAS  C:\Users\esancho\AppData\Local\Temp\ccgXj1Yj.s 			page 7


 343 013b 02       		.byte	2
 344 013c 1E       		.byte	30
 345 013d 01       		.byte	1
 346 013e 24       		.byte	36
 347 013f 08       		.byte	8
 348 0140 26       		.byte	38
 349 0141 04       		.byte	4
 350 0142 2D       		.byte	45
 351 0143 03       		.byte	3
 352 0144 2E       		.byte	46
 353 0145 07       		.byte	7
 354 0146 30       		.byte	48
 355 0147 06       		.byte	6
 356 0148 34       		.byte	52
 357 0149 01       		.byte	1
 358 014a 36       		.byte	54
 359 014b 08       		.byte	8
 360 014c 37       		.byte	55
 361 014d 03       		.byte	3
 362 014e 38       		.byte	56
 363 014f 80       		.byte	-128
 364 0150 3E       		.byte	62
 365 0151 10       		.byte	16
 366 0152 40       		.byte	64
 367 0153 50       		.byte	80
 368 0154 41       		.byte	65
 369 0155 01       		.byte	1
 370 0156 49       		.byte	73
 371 0157 FF       		.byte	-1
 372 0158 4A       		.byte	74
 373 0159 FF       		.byte	-1
 374 015a 4B       		.byte	75
 375 015b FF       		.byte	-1
 376 015c 4D       		.byte	77
 377 015d A0       		.byte	-96
 378 015e 4F       		.byte	79
 379 015f 04       		.byte	4
 380 0160 50       		.byte	80
 381 0161 18       		.byte	24
 382 0162 52       		.byte	82
 383 0163 80       		.byte	-128
 384 0164 54       		.byte	84
 385 0165 05       		.byte	5
 386 0166 58       		.byte	88
 387 0167 04       		.byte	4
 388 0168 59       		.byte	89
 389 0169 04       		.byte	4
 390 016a 5A       		.byte	90
 391 016b 04       		.byte	4
 392 016c 5B       		.byte	91
 393 016d 04       		.byte	4
 394 016e 5F       		.byte	95
 395 016f 01       		.byte	1
 396 0170 60       		.byte	96
 397 0171 40       		.byte	64
 398 0172 62       		.byte	98
 399 0173 C0       		.byte	-64
ARM GAS  C:\Users\esancho\AppData\Local\Temp\ccgXj1Yj.s 			page 8


 400 0174 64       		.byte	100
 401 0175 40       		.byte	64
 402 0176 65       		.byte	101
 403 0177 40       		.byte	64
 404 0178 66       		.byte	102
 405 0179 C0       		.byte	-64
 406 017a 68       		.byte	104
 407 017b C0       		.byte	-64
 408 017c 6A       		.byte	106
 409 017d C0       		.byte	-64
 410 017e 6C       		.byte	108
 411 017f C0       		.byte	-64
 412 0180 6E       		.byte	110
 413 0181 C0       		.byte	-64
 414 0182 8F       		.byte	-113
 415 0183 01       		.byte	1
 416 0184 B1       		.byte	-79
 417 0185 01       		.byte	1
 418 0186 C0       		.byte	-64
 419 0187 10       		.byte	16
 420 0188 C1       		.byte	-63
 421 0189 05       		.byte	5
 422 018a C5       		.byte	-59
 423 018b D1       		.byte	-47
 424 018c C6       		.byte	-58
 425 018d 02       		.byte	2
 426 018e C8       		.byte	-56
 427 018f 27       		.byte	39
 428 0190 C9       		.byte	-55
 429 0191 FF       		.byte	-1
 430 0192 CA       		.byte	-54
 431 0193 FF       		.byte	-1
 432 0194 CB       		.byte	-53
 433 0195 FF       		.byte	-1
 434 0196 CD       		.byte	-51
 435 0197 AF       		.byte	-81
 436 0198 CE       		.byte	-50
 437 0199 0F       		.byte	15
 438 019a CF       		.byte	-49
 439 019b 04       		.byte	4
 440 019c D0       		.byte	-48
 441 019d 18       		.byte	24
 442 019e D9       		.byte	-39
 443 019f 04       		.byte	4
 444 01a0 DA       		.byte	-38
 445 01a1 04       		.byte	4
 446 01a2 DF       		.byte	-33
 447 01a3 01       		.byte	1
 448 01a4 E0       		.byte	-32
 449 01a5 40       		.byte	64
 450 01a6 E2       		.byte	-30
 451 01a7 C0       		.byte	-64
 452 01a8 E4       		.byte	-28
 453 01a9 40       		.byte	64
 454 01aa E5       		.byte	-27
 455 01ab 40       		.byte	64
 456 01ac E6       		.byte	-26
ARM GAS  C:\Users\esancho\AppData\Local\Temp\ccgXj1Yj.s 			page 9


 457 01ad C0       		.byte	-64
 458 01ae E8       		.byte	-24
 459 01af C0       		.byte	-64
 460 01b0 EA       		.byte	-22
 461 01b1 C0       		.byte	-64
 462 01b2 EC       		.byte	-20
 463 01b3 C0       		.byte	-64
 464 01b4 EE       		.byte	-18
 465 01b5 C0       		.byte	-64
 466 01b6 09       		.byte	9
 467 01b7 81       		.byte	-127
 468 01b8 10       		.byte	16
 469 01b9 20       		.byte	32
 470 01ba 13       		.byte	19
 471 01bb 80       		.byte	-128
 472 01bc 18       		.byte	24
 473 01bd 80       		.byte	-128
 474 01be 19       		.byte	25
 475 01bf 40       		.byte	64
 476 01c0 1A       		.byte	26
 477 01c1 04       		.byte	4
 478 01c2 22       		.byte	34
 479 01c3 40       		.byte	64
 480 01c4 26       		.byte	38
 481 01c5 01       		.byte	1
 482 01c6 27       		.byte	39
 483 01c7 80       		.byte	-128
 484 01c8 29       		.byte	41
 485 01c9 40       		.byte	64
 486 01ca 30       		.byte	48
 487 01cb 20       		.byte	32
 488 01cc 3A       		.byte	58
 489 01cd 01       		.byte	1
 490 01ce 3F       		.byte	63
 491 01cf 40       		.byte	64
 492 01d0 41       		.byte	65
 493 01d1 80       		.byte	-128
 494 01d2 47       		.byte	71
 495 01d3 80       		.byte	-128
 496 01d4 4A       		.byte	74
 497 01d5 01       		.byte	1
 498 01d6 4C       		.byte	76
 499 01d7 20       		.byte	32
 500 01d8 4D       		.byte	77
 501 01d9 02       		.byte	2
 502 01da 4F       		.byte	79
 503 01db 80       		.byte	-128
 504 01dc 55       		.byte	85
 505 01dd 81       		.byte	-127
 506 01de 56       		.byte	86
 507 01df 01       		.byte	1
 508 01e0 57       		.byte	87
 509 01e1 40       		.byte	64
 510 01e2 59       		.byte	89
 511 01e3 02       		.byte	2
 512 01e4 5A       		.byte	90
 513 01e5 84       		.byte	-124
ARM GAS  C:\Users\esancho\AppData\Local\Temp\ccgXj1Yj.s 			page 10


 514 01e6 73       		.byte	115
 515 01e7 40       		.byte	64
 516 01e8 A8       		.byte	-88
 517 01e9 40       		.byte	64
 518 01ea C2       		.byte	-62
 519 01eb 09       		.byte	9
 520 01ec C4       		.byte	-60
 521 01ed 05       		.byte	5
 522 01ee CA       		.byte	-54
 523 01ef 08       		.byte	8
 524 01f0 CC       		.byte	-52
 525 01f1 04       		.byte	4
 526 01f2 CE       		.byte	-50
 527 01f3 11       		.byte	17
 528 01f4 D0       		.byte	-48
 529 01f5 18       		.byte	24
 530 01f6 D2       		.byte	-46
 531 01f7 18       		.byte	24
 532 01f8 D6       		.byte	-42
 533 01f9 0B       		.byte	11
 534 01fa A8       		.byte	-88
 535 01fb 40       		.byte	64
 536 01fc EA       		.byte	-22
 537 01fd 80       		.byte	-128
 538 01fe EE       		.byte	-18
 539 01ff 08       		.byte	8
 540 0200 EE       		.byte	-18
 541 0201 08       		.byte	8
 542 0202 31       		.byte	49
 543 0203 40       		.byte	64
 544 0204 36       		.byte	54
 545 0205 80       		.byte	-128
 546 0206 56       		.byte	86
 547 0207 02       		.byte	2
 548 0208 57       		.byte	87
 549 0209 08       		.byte	8
 550 020a 6F       		.byte	111
 551 020b 08       		.byte	8
 552 020c 72       		.byte	114
 553 020d 02       		.byte	2
 554 020e 73       		.byte	115
 555 020f 04       		.byte	4
 556 0210 8B       		.byte	-117
 557 0211 08       		.byte	8
 558 0212 CC       		.byte	-52
 559 0213 30       		.byte	48
 560 0214 D4       		.byte	-44
 561 0215 40       		.byte	64
 562 0216 D6       		.byte	-42
 563 0217 20       		.byte	32
 564 0218 DA       		.byte	-38
 565 0219 80       		.byte	-128
 566 021a DC       		.byte	-36
 567 021b 20       		.byte	32
 568 021c 87       		.byte	-121
 569 021d 04       		.byte	4
 570 021e 97       		.byte	-105
ARM GAS  C:\Users\esancho\AppData\Local\Temp\ccgXj1Yj.s 			page 11


 571 021f 04       		.byte	4
 572 0220 A6       		.byte	-90
 573 0221 80       		.byte	-128
 574 0222 B1       		.byte	-79
 575 0223 40       		.byte	64
 576 0224 E2       		.byte	-30
 577 0225 40       		.byte	64
 578 0226 51       		.byte	81
 579 0227 40       		.byte	64
 580 0228 57       		.byte	87
 581 0229 04       		.byte	4
 582 022a A3       		.byte	-93
 583 022b 04       		.byte	4
 584 022c A6       		.byte	-90
 585 022d 80       		.byte	-128
 586 022e AB       		.byte	-85
 587 022f 04       		.byte	4
 588 0230 D4       		.byte	-44
 589 0231 60       		.byte	96
 590 0232 EE       		.byte	-18
 591 0233 20       		.byte	32
 592 0234 A6       		.byte	-90
 593 0235 80       		.byte	-128
 594 0236 A9       		.byte	-87
 595 0237 40       		.byte	64
 596 0238 EA       		.byte	-22
 597 0239 80       		.byte	-128
 598 023a A7       		.byte	-89
 599 023b 01       		.byte	1
 600 023c B3       		.byte	-77
 601 023d 01       		.byte	1
 602 023e EA       		.byte	-22
 603 023f 01       		.byte	1
 604 0240 1B       		.byte	27
 605 0241 01       		.byte	1
 606 0242 A7       		.byte	-89
 607 0243 01       		.byte	1
 608 0244 C6       		.byte	-58
 609 0245 08       		.byte	8
 610 0246 A6       		.byte	-90
 611 0247 80       		.byte	-128
 612 0248 AE       		.byte	-82
 613 0249 80       		.byte	-128
 614 024a EE       		.byte	-18
 615 024b 10       		.byte	16
 616 024c 1F       		.byte	31
 617 024d 80       		.byte	-128
 618 024e C6       		.byte	-58
 619 024f 01       		.byte	1
 620 0250 AF       		.byte	-81
 621 0251 80       		.byte	-128
 622 0252 00       		.byte	0
 623 0253 01       		.byte	1
 624 0254 08       		.byte	8
 625 0255 01       		.byte	1
 626 0256 0A       		.byte	10
 627 0257 01       		.byte	1
ARM GAS  C:\Users\esancho\AppData\Local\Temp\ccgXj1Yj.s 			page 12


 628 0258 00       		.byte	0
 629 0259 0F       		.byte	15
 630 025a 00       		.byte	0
 631 025b 00       		.byte	0
 632 025c 0F       		.byte	15
 633 025d 03       		.byte	3
 634 025e 0A       		.byte	10
 635 025f 05       		.byte	5
 636 0260 00       		.byte	0
 637 0261 00       		.byte	0
 638 0262 00       		.byte	0
 639 0263 00       		.byte	0
 640 0264 0C       		.byte	12
 641 0265 00       		.byte	0
 642 0266 00       		.byte	0
 643 0267 0C       		.byte	12
 644 0268 00       		.byte	0
 645 0269 00       		.byte	0
 646 026a 0C       		.byte	12
 647 026b 00       		.byte	0
 648 026c 00       		.byte	0
 649 026d 0C       		.byte	12
 650 026e 00       		.byte	0
 651 026f 00       		.byte	0
 652 0270 00       		.byte	0
 653 0271 08       		.byte	8
 654 0272 00       		.byte	0
 655 0273 00       		.byte	0
 656 0274 00       		.byte	0
 657 0275 00       		.byte	0
 658 0276 00       		.byte	0
 659 0277 00       		.byte	0
 660 0278 00       		.byte	0
 661 0279 0B       		.byte	11
 662 027a 0B       		.byte	11
 663 027b 00       		.byte	0
 664 027c 00       		.byte	0
 665 027d 00       		.byte	0
 666 027e 00       		.byte	0
 667 027f 00       		.byte	0
 668 0280 0F       		.byte	15
 669 0281 00       		.byte	0
 670 0282 00       		.byte	0
 671 0283 00       		.byte	0
 672 0284 0F       		.byte	15
 673 0285 0F       		.byte	15
 674 0286 00       		.byte	0
 675 0287 00       		.byte	0
 676 0288 0E       		.byte	14
 677 0289 00       		.byte	0
 678 028a 18       		.byte	24
 679 028b 01       		.byte	1
 680 028c 0E       		.byte	14
 681 028d 00       		.byte	0
 682 028e 18       		.byte	24
 683 028f 01       		.byte	1
 684              		.section	.cywolatch,"a",%progbits
ARM GAS  C:\Users\esancho\AppData\Local\Temp\ccgXj1Yj.s 			page 13


 685              		.type	cy_meta_wonvl, %object
 686              		.size	cy_meta_wonvl, 4
 687              	cy_meta_wonvl:
 688 0000 BC       		.byte	-68
 689 0001 90       		.byte	-112
 690 0002 AC       		.byte	-84
 691 0003 AF       		.byte	-81
 692              		.section	.cycustnvl,"a",%progbits
 693              		.type	cy_meta_custnvl, %object
 694              		.size	cy_meta_custnvl, 4
 695              	cy_meta_custnvl:
 696 0000 00       		.byte	0
 697 0001 03       		.byte	3
 698 0002 40       		.byte	64
 699 0003 05       		.byte	5
 700              		.section	.cymeta,"a",%progbits
 701              		.type	cy_metadata, %object
 702              		.size	cy_metadata, 12
 703              	cy_metadata:
 704 0000 00       		.byte	0
 705 0001 01       		.byte	1
 706 0002 2E       		.byte	46
 707 0003 12       		.byte	18
 708 0004 30       		.byte	48
 709 0005 69       		.byte	105
 710 0006 00       		.byte	0
 711 0007 01       		.byte	1
 712 0008 00       		.byte	0
 713 0009 00       		.byte	0
 714 000a 00       		.byte	0
 715 000b 00       		.byte	0
 716              		.section	.cyflashprotect,"a",%progbits
 717              		.type	cy_meta_flashprotect, %object
 718              		.size	cy_meta_flashprotect, 256
 719              	cy_meta_flashprotect:
 720 0000 00000000 		.space	256
 720      00000000 
 720      00000000 
 720      00000000 
 720      00000000 
 721              		.text
 722              	.Letext0:
 723              		.file 1 "c:\\program files (x86)\\cypress\\psoc creator\\4.2\\psoc creator\\import\\gnu\\arm\\5.4.
 724              		.file 2 "c:\\program files (x86)\\cypress\\psoc creator\\4.2\\psoc creator\\import\\gnu\\arm\\5.4.
 725              		.file 3 "Generated_Source\\PSoC5\\cymetadata.c"
 726              		.section	.debug_info,"",%progbits
 727              	.Ldebug_info0:
 728 0000 31010000 		.4byte	0x131
 729 0004 0400     		.2byte	0x4
 730 0006 00000000 		.4byte	.Ldebug_abbrev0
 731 000a 04       		.byte	0x4
 732 000b 01       		.uleb128 0x1
 733 000c 8F000000 		.4byte	.LASF17
 734 0010 0C       		.byte	0xc
 735 0011 7E010000 		.4byte	.LASF18
 736 0015 A2010000 		.4byte	.LASF19
 737 0019 00000000 		.4byte	.Ldebug_line0
ARM GAS  C:\Users\esancho\AppData\Local\Temp\ccgXj1Yj.s 			page 14


 738 001d 02       		.uleb128 0x2
 739 001e 01       		.byte	0x1
 740 001f 06       		.byte	0x6
 741 0020 72010000 		.4byte	.LASF0
 742 0024 03       		.uleb128 0x3
 743 0025 00000000 		.4byte	.LASF9
 744 0029 01       		.byte	0x1
 745 002a 1D       		.byte	0x1d
 746 002b 2F000000 		.4byte	0x2f
 747 002f 02       		.uleb128 0x2
 748 0030 01       		.byte	0x1
 749 0031 08       		.byte	0x8
 750 0032 2D000000 		.4byte	.LASF1
 751 0036 02       		.uleb128 0x2
 752 0037 02       		.byte	0x2
 753 0038 05       		.byte	0x5
 754 0039 5F010000 		.4byte	.LASF2
 755 003d 02       		.uleb128 0x2
 756 003e 02       		.byte	0x2
 757 003f 07       		.byte	0x7
 758 0040 4D000000 		.4byte	.LASF3
 759 0044 02       		.uleb128 0x2
 760 0045 04       		.byte	0x4
 761 0046 05       		.byte	0x5
 762 0047 69010000 		.4byte	.LASF4
 763 004b 02       		.uleb128 0x2
 764 004c 04       		.byte	0x4
 765 004d 07       		.byte	0x7
 766 004e 3B000000 		.4byte	.LASF5
 767 0052 02       		.uleb128 0x2
 768 0053 08       		.byte	0x8
 769 0054 05       		.byte	0x5
 770 0055 51010000 		.4byte	.LASF6
 771 0059 02       		.uleb128 0x2
 772 005a 08       		.byte	0x8
 773 005b 07       		.byte	0x7
 774 005c 16000000 		.4byte	.LASF7
 775 0060 04       		.uleb128 0x4
 776 0061 04       		.byte	0x4
 777 0062 05       		.byte	0x5
 778 0063 696E7400 		.ascii	"int\000"
 779 0067 02       		.uleb128 0x2
 780 0068 04       		.byte	0x4
 781 0069 07       		.byte	0x7
 782 006a 82000000 		.4byte	.LASF8
 783 006e 03       		.uleb128 0x3
 784 006f 1D010000 		.4byte	.LASF10
 785 0073 02       		.byte	0x2
 786 0074 18       		.byte	0x18
 787 0075 24000000 		.4byte	0x24
 788 0079 05       		.uleb128 0x5
 789 007a 91000000 		.4byte	0x91
 790 007e 8A000000 		.4byte	0x8a
 791 0082 06       		.uleb128 0x6
 792 0083 8A000000 		.4byte	0x8a
 793 0087 8F02     		.2byte	0x28f
 794 0089 00       		.byte	0
ARM GAS  C:\Users\esancho\AppData\Local\Temp\ccgXj1Yj.s 			page 15


 795 008a 02       		.uleb128 0x2
 796 008b 04       		.byte	0x4
 797 008c 07       		.byte	0x7
 798 008d 48010000 		.4byte	.LASF11
 799 0091 07       		.uleb128 0x7
 800 0092 6E000000 		.4byte	0x6e
 801 0096 08       		.uleb128 0x8
 802 0097 70000000 		.4byte	.LASF12
 803 009b 03       		.byte	0x3
 804 009c 1F       		.byte	0x1f
 805 009d A7000000 		.4byte	0xa7
 806 00a1 05       		.uleb128 0x5
 807 00a2 03       		.byte	0x3
 808 00a3 00000000 		.4byte	cy_meta_configecc
 809 00a7 07       		.uleb128 0x7
 810 00a8 79000000 		.4byte	0x79
 811 00ac 05       		.uleb128 0x5
 812 00ad 91000000 		.4byte	0x91
 813 00b1 BC000000 		.4byte	0xbc
 814 00b5 09       		.uleb128 0x9
 815 00b6 8A000000 		.4byte	0x8a
 816 00ba 03       		.byte	0x3
 817 00bb 00       		.byte	0
 818 00bc 08       		.uleb128 0x8
 819 00bd 60000000 		.4byte	.LASF13
 820 00c1 03       		.byte	0x3
 821 00c2 7E       		.byte	0x7e
 822 00c3 CD000000 		.4byte	0xcd
 823 00c7 05       		.uleb128 0x5
 824 00c8 03       		.byte	0x3
 825 00c9 00000000 		.4byte	cy_meta_custnvl
 826 00cd 07       		.uleb128 0x7
 827 00ce AC000000 		.4byte	0xac
 828 00d2 08       		.uleb128 0x8
 829 00d3 3A010000 		.4byte	.LASF14
 830 00d7 03       		.byte	0x3
 831 00d8 8C       		.byte	0x8c
 832 00d9 E3000000 		.4byte	0xe3
 833 00dd 05       		.uleb128 0x5
 834 00de 03       		.byte	0x3
 835 00df 00000000 		.4byte	cy_meta_wonvl
 836 00e3 07       		.uleb128 0x7
 837 00e4 AC000000 		.4byte	0xac
 838 00e8 05       		.uleb128 0x5
 839 00e9 91000000 		.4byte	0x91
 840 00ed F8000000 		.4byte	0xf8
 841 00f1 09       		.uleb128 0x9
 842 00f2 8A000000 		.4byte	0x8a
 843 00f6 FF       		.byte	0xff
 844 00f7 00       		.byte	0
 845 00f8 08       		.uleb128 0x8
 846 00f9 25010000 		.4byte	.LASF15
 847 00fd 03       		.byte	0x3
 848 00fe 9A       		.byte	0x9a
 849 00ff 09010000 		.4byte	0x109
 850 0103 05       		.uleb128 0x5
 851 0104 03       		.byte	0x3
ARM GAS  C:\Users\esancho\AppData\Local\Temp\ccgXj1Yj.s 			page 16


 852 0105 00000000 		.4byte	cy_meta_flashprotect
 853 0109 07       		.uleb128 0x7
 854 010a E8000000 		.4byte	0xe8
 855 010e 05       		.uleb128 0x5
 856 010f 91000000 		.4byte	0x91
 857 0113 1E010000 		.4byte	0x11e
 858 0117 09       		.uleb128 0x9
 859 0118 8A000000 		.4byte	0x8a
 860 011c 0B       		.byte	0xb
 861 011d 00       		.byte	0
 862 011e 08       		.uleb128 0x8
 863 011f 0A000000 		.4byte	.LASF16
 864 0123 03       		.byte	0x3
 865 0124 C7       		.byte	0xc7
 866 0125 2F010000 		.4byte	0x12f
 867 0129 05       		.uleb128 0x5
 868 012a 03       		.byte	0x3
 869 012b 00000000 		.4byte	cy_metadata
 870 012f 07       		.uleb128 0x7
 871 0130 0E010000 		.4byte	0x10e
 872 0134 00       		.byte	0
 873              		.section	.debug_abbrev,"",%progbits
 874              	.Ldebug_abbrev0:
 875 0000 01       		.uleb128 0x1
 876 0001 11       		.uleb128 0x11
 877 0002 01       		.byte	0x1
 878 0003 25       		.uleb128 0x25
 879 0004 0E       		.uleb128 0xe
 880 0005 13       		.uleb128 0x13
 881 0006 0B       		.uleb128 0xb
 882 0007 03       		.uleb128 0x3
 883 0008 0E       		.uleb128 0xe
 884 0009 1B       		.uleb128 0x1b
 885 000a 0E       		.uleb128 0xe
 886 000b 10       		.uleb128 0x10
 887 000c 17       		.uleb128 0x17
 888 000d 00       		.byte	0
 889 000e 00       		.byte	0
 890 000f 02       		.uleb128 0x2
 891 0010 24       		.uleb128 0x24
 892 0011 00       		.byte	0
 893 0012 0B       		.uleb128 0xb
 894 0013 0B       		.uleb128 0xb
 895 0014 3E       		.uleb128 0x3e
 896 0015 0B       		.uleb128 0xb
 897 0016 03       		.uleb128 0x3
 898 0017 0E       		.uleb128 0xe
 899 0018 00       		.byte	0
 900 0019 00       		.byte	0
 901 001a 03       		.uleb128 0x3
 902 001b 16       		.uleb128 0x16
 903 001c 00       		.byte	0
 904 001d 03       		.uleb128 0x3
 905 001e 0E       		.uleb128 0xe
 906 001f 3A       		.uleb128 0x3a
 907 0020 0B       		.uleb128 0xb
 908 0021 3B       		.uleb128 0x3b
ARM GAS  C:\Users\esancho\AppData\Local\Temp\ccgXj1Yj.s 			page 17


 909 0022 0B       		.uleb128 0xb
 910 0023 49       		.uleb128 0x49
 911 0024 13       		.uleb128 0x13
 912 0025 00       		.byte	0
 913 0026 00       		.byte	0
 914 0027 04       		.uleb128 0x4
 915 0028 24       		.uleb128 0x24
 916 0029 00       		.byte	0
 917 002a 0B       		.uleb128 0xb
 918 002b 0B       		.uleb128 0xb
 919 002c 3E       		.uleb128 0x3e
 920 002d 0B       		.uleb128 0xb
 921 002e 03       		.uleb128 0x3
 922 002f 08       		.uleb128 0x8
 923 0030 00       		.byte	0
 924 0031 00       		.byte	0
 925 0032 05       		.uleb128 0x5
 926 0033 01       		.uleb128 0x1
 927 0034 01       		.byte	0x1
 928 0035 49       		.uleb128 0x49
 929 0036 13       		.uleb128 0x13
 930 0037 01       		.uleb128 0x1
 931 0038 13       		.uleb128 0x13
 932 0039 00       		.byte	0
 933 003a 00       		.byte	0
 934 003b 06       		.uleb128 0x6
 935 003c 21       		.uleb128 0x21
 936 003d 00       		.byte	0
 937 003e 49       		.uleb128 0x49
 938 003f 13       		.uleb128 0x13
 939 0040 2F       		.uleb128 0x2f
 940 0041 05       		.uleb128 0x5
 941 0042 00       		.byte	0
 942 0043 00       		.byte	0
 943 0044 07       		.uleb128 0x7
 944 0045 26       		.uleb128 0x26
 945 0046 00       		.byte	0
 946 0047 49       		.uleb128 0x49
 947 0048 13       		.uleb128 0x13
 948 0049 00       		.byte	0
 949 004a 00       		.byte	0
 950 004b 08       		.uleb128 0x8
 951 004c 34       		.uleb128 0x34
 952 004d 00       		.byte	0
 953 004e 03       		.uleb128 0x3
 954 004f 0E       		.uleb128 0xe
 955 0050 3A       		.uleb128 0x3a
 956 0051 0B       		.uleb128 0xb
 957 0052 3B       		.uleb128 0x3b
 958 0053 0B       		.uleb128 0xb
 959 0054 49       		.uleb128 0x49
 960 0055 13       		.uleb128 0x13
 961 0056 3F       		.uleb128 0x3f
 962 0057 19       		.uleb128 0x19
 963 0058 02       		.uleb128 0x2
 964 0059 18       		.uleb128 0x18
 965 005a 00       		.byte	0
ARM GAS  C:\Users\esancho\AppData\Local\Temp\ccgXj1Yj.s 			page 18


 966 005b 00       		.byte	0
 967 005c 09       		.uleb128 0x9
 968 005d 21       		.uleb128 0x21
 969 005e 00       		.byte	0
 970 005f 49       		.uleb128 0x49
 971 0060 13       		.uleb128 0x13
 972 0061 2F       		.uleb128 0x2f
 973 0062 0B       		.uleb128 0xb
 974 0063 00       		.byte	0
 975 0064 00       		.byte	0
 976 0065 00       		.byte	0
 977              		.section	.debug_aranges,"",%progbits
 978 0000 14000000 		.4byte	0x14
 979 0004 0200     		.2byte	0x2
 980 0006 00000000 		.4byte	.Ldebug_info0
 981 000a 04       		.byte	0x4
 982 000b 00       		.byte	0
 983 000c 0000     		.2byte	0
 984 000e 0000     		.2byte	0
 985 0010 00000000 		.4byte	0
 986 0014 00000000 		.4byte	0
 987              		.section	.debug_line,"",%progbits
 988              	.Ldebug_line0:
 989 0000 3D010000 		.section	.debug_str,"MS",%progbits,1
 989      02003701 
 989      00000201 
 989      FB0E0D00 
 989      01010101 
 990              	.LASF9:
 991 0000 5F5F7569 		.ascii	"__uint8_t\000"
 991      6E74385F 
 991      7400
 992              	.LASF16:
 993 000a 63795F6D 		.ascii	"cy_metadata\000"
 993      65746164 
 993      61746100 
 994              	.LASF7:
 995 0016 6C6F6E67 		.ascii	"long long unsigned int\000"
 995      206C6F6E 
 995      6720756E 
 995      7369676E 
 995      65642069 
 996              	.LASF1:
 997 002d 756E7369 		.ascii	"unsigned char\000"
 997      676E6564 
 997      20636861 
 997      7200
 998              	.LASF5:
 999 003b 6C6F6E67 		.ascii	"long unsigned int\000"
 999      20756E73 
 999      69676E65 
 999      6420696E 
 999      7400
 1000              	.LASF3:
 1001 004d 73686F72 		.ascii	"short unsigned int\000"
 1001      7420756E 
 1001      7369676E 
ARM GAS  C:\Users\esancho\AppData\Local\Temp\ccgXj1Yj.s 			page 19


 1001      65642069 
 1001      6E7400
 1002              	.LASF13:
 1003 0060 63795F6D 		.ascii	"cy_meta_custnvl\000"
 1003      6574615F 
 1003      63757374 
 1003      6E766C00 
 1004              	.LASF12:
 1005 0070 63795F6D 		.ascii	"cy_meta_configecc\000"
 1005      6574615F 
 1005      636F6E66 
 1005      69676563 
 1005      6300
 1006              	.LASF8:
 1007 0082 756E7369 		.ascii	"unsigned int\000"
 1007      676E6564 
 1007      20696E74 
 1007      00
 1008              	.LASF17:
 1009 008f 474E5520 		.ascii	"GNU C11 5.4.1 20160609 (release) [ARM/embedded-5-br"
 1009      43313120 
 1009      352E342E 
 1009      31203230 
 1009      31363036 
 1010 00c2 616E6368 		.ascii	"anch revision 237715] -mcpu=cortex-m3 -mthumb -g -O"
 1010      20726576 
 1010      6973696F 
 1010      6E203233 
 1010      37373135 
 1011 00f5 73202D66 		.ascii	"s -ffunction-sections -ffat-lto-objects\000"
 1011      66756E63 
 1011      74696F6E 
 1011      2D736563 
 1011      74696F6E 
 1012              	.LASF10:
 1013 011d 75696E74 		.ascii	"uint8_t\000"
 1013      385F7400 
 1014              	.LASF15:
 1015 0125 63795F6D 		.ascii	"cy_meta_flashprotect\000"
 1015      6574615F 
 1015      666C6173 
 1015      6870726F 
 1015      74656374 
 1016              	.LASF14:
 1017 013a 63795F6D 		.ascii	"cy_meta_wonvl\000"
 1017      6574615F 
 1017      776F6E76 
 1017      6C00
 1018              	.LASF11:
 1019 0148 73697A65 		.ascii	"sizetype\000"
 1019      74797065 
 1019      00
 1020              	.LASF6:
 1021 0151 6C6F6E67 		.ascii	"long long int\000"
 1021      206C6F6E 
 1021      6720696E 
 1021      7400
ARM GAS  C:\Users\esancho\AppData\Local\Temp\ccgXj1Yj.s 			page 20


 1022              	.LASF2:
 1023 015f 73686F72 		.ascii	"short int\000"
 1023      7420696E 
 1023      7400
 1024              	.LASF4:
 1025 0169 6C6F6E67 		.ascii	"long int\000"
 1025      20696E74 
 1025      00
 1026              	.LASF0:
 1027 0172 7369676E 		.ascii	"signed char\000"
 1027      65642063 
 1027      68617200 
 1028              	.LASF18:
 1029 017e 47656E65 		.ascii	"Generated_Source\\PSoC5\\cymetadata.c\000"
 1029      72617465 
 1029      645F536F 
 1029      75726365 
 1029      5C50536F 
 1030              	.LASF19:
 1031 01a2 433A5C55 		.ascii	"C:\\Users\\esancho\\Downloads\\PID Controler\\Contr"
 1031      73657273 
 1031      5C657361 
 1031      6E63686F 
 1031      5C446F77 
 1032 01d0 6F6C6164 		.ascii	"olador.cydsn\000"
 1032      6F722E63 
 1032      7964736E 
 1032      00
 1033              		.ident	"GCC: (GNU Tools for ARM Embedded Processors) 5.4.1 20160609 (release) [ARM/embedded-5-bran
