ARM GAS  C:\Users\emman\AppData\Local\Temp\ccBvLjGE.s 			page 1


   1              		.syntax unified
   2              		.cpu cortex-m3
   3              		.fpu softvfp
   4              		.eabi_attribute 20, 1
   5              		.eabi_attribute 21, 1
   6              		.eabi_attribute 23, 3
   7              		.eabi_attribute 24, 1
   8              		.eabi_attribute 25, 1
   9              		.eabi_attribute 26, 1
  10              		.eabi_attribute 30, 4
  11              		.eabi_attribute 34, 1
  12              		.eabi_attribute 18, 4
  13              		.thumb
  14              		.syntax unified
  15              		.file	"Touch_yp.c"
  16              		.text
  17              	.Ltext0:
  18              		.cfi_sections	.debug_frame
  19              		.section	.text.Touch_yp_Write,"ax",%progbits
  20              		.align	1
  21              		.global	Touch_yp_Write
  22              		.thumb
  23              		.thumb_func
  24              		.type	Touch_yp_Write, %function
  25              	Touch_yp_Write:
  26              	.LFB0:
  27              		.file 1 "Generated_Source\\PSoC5\\Touch_yp.c"
   1:Generated_Source\PSoC5/Touch_yp.c **** /*******************************************************************************
   2:Generated_Source\PSoC5/Touch_yp.c **** * File Name: Touch_yp.c  
   3:Generated_Source\PSoC5/Touch_yp.c **** * Version 2.10
   4:Generated_Source\PSoC5/Touch_yp.c **** *
   5:Generated_Source\PSoC5/Touch_yp.c **** * Description:
   6:Generated_Source\PSoC5/Touch_yp.c **** *  This file contains API to enable firmware control of a Pins component.
   7:Generated_Source\PSoC5/Touch_yp.c **** *
   8:Generated_Source\PSoC5/Touch_yp.c **** * Note:
   9:Generated_Source\PSoC5/Touch_yp.c **** *
  10:Generated_Source\PSoC5/Touch_yp.c **** ********************************************************************************
  11:Generated_Source\PSoC5/Touch_yp.c **** * Copyright 2008-2014, Cypress Semiconductor Corporation.  All rights reserved.
  12:Generated_Source\PSoC5/Touch_yp.c **** * You may use this file only in accordance with the license, terms, conditions, 
  13:Generated_Source\PSoC5/Touch_yp.c **** * disclaimers, and limitations in the end user license agreement accompanying 
  14:Generated_Source\PSoC5/Touch_yp.c **** * the software package with which this file was provided.
  15:Generated_Source\PSoC5/Touch_yp.c **** *******************************************************************************/
  16:Generated_Source\PSoC5/Touch_yp.c **** 
  17:Generated_Source\PSoC5/Touch_yp.c **** #include "cytypes.h"
  18:Generated_Source\PSoC5/Touch_yp.c **** #include "Touch_yp.h"
  19:Generated_Source\PSoC5/Touch_yp.c **** 
  20:Generated_Source\PSoC5/Touch_yp.c **** /* APIs are not generated for P15[7:6] on PSoC 5 */
  21:Generated_Source\PSoC5/Touch_yp.c **** #if !(CY_PSOC5A &&\
  22:Generated_Source\PSoC5/Touch_yp.c **** 	 Touch_yp__PORT == 15 && ((Touch_yp__MASK & 0xC0) != 0))
  23:Generated_Source\PSoC5/Touch_yp.c **** 
  24:Generated_Source\PSoC5/Touch_yp.c **** 
  25:Generated_Source\PSoC5/Touch_yp.c **** /*******************************************************************************
  26:Generated_Source\PSoC5/Touch_yp.c **** * Function Name: Touch_yp_Write
  27:Generated_Source\PSoC5/Touch_yp.c **** ********************************************************************************
  28:Generated_Source\PSoC5/Touch_yp.c **** *
  29:Generated_Source\PSoC5/Touch_yp.c **** * Summary:
  30:Generated_Source\PSoC5/Touch_yp.c **** *  Assign a new value to the digital port's data output register.  
ARM GAS  C:\Users\emman\AppData\Local\Temp\ccBvLjGE.s 			page 2


  31:Generated_Source\PSoC5/Touch_yp.c **** *
  32:Generated_Source\PSoC5/Touch_yp.c **** * Parameters:  
  33:Generated_Source\PSoC5/Touch_yp.c **** *  prtValue:  The value to be assigned to the Digital Port. 
  34:Generated_Source\PSoC5/Touch_yp.c **** *
  35:Generated_Source\PSoC5/Touch_yp.c **** * Return: 
  36:Generated_Source\PSoC5/Touch_yp.c **** *  None
  37:Generated_Source\PSoC5/Touch_yp.c **** *  
  38:Generated_Source\PSoC5/Touch_yp.c **** *******************************************************************************/
  39:Generated_Source\PSoC5/Touch_yp.c **** void Touch_yp_Write(uint8 value) 
  40:Generated_Source\PSoC5/Touch_yp.c **** {
  28              		.loc 1 40 0
  29              		.cfi_startproc
  30              		@ args = 0, pretend = 0, frame = 0
  31              		@ frame_needed = 0, uses_anonymous_args = 0
  32              		@ link register save eliminated.
  33              	.LVL0:
  41:Generated_Source\PSoC5/Touch_yp.c ****     uint8 staticBits = (Touch_yp_DR & (uint8)(~Touch_yp_MASK));
  34              		.loc 1 41 0
  35 0000 044A     		ldr	r2, .L2
  42:Generated_Source\PSoC5/Touch_yp.c ****     Touch_yp_DR = staticBits | ((uint8)(value << Touch_yp_SHIFT) & Touch_yp_MASK);
  36              		.loc 1 42 0
  37 0002 C000     		lsls	r0, r0, #3
  38              	.LVL1:
  41:Generated_Source\PSoC5/Touch_yp.c ****     uint8 staticBits = (Touch_yp_DR & (uint8)(~Touch_yp_MASK));
  39              		.loc 1 41 0
  40 0004 1378     		ldrb	r3, [r2]	@ zero_extendqisi2
  41              	.LVL2:
  42              		.loc 1 42 0
  43 0006 00F00800 		and	r0, r0, #8
  44 000a 03F0F703 		and	r3, r3, #247
  45              	.LVL3:
  46 000e 0343     		orrs	r3, r3, r0
  47 0010 1370     		strb	r3, [r2]
  48 0012 7047     		bx	lr
  49              	.L3:
  50              		.align	2
  51              	.L2:
  52 0014 40510040 		.word	1073762624
  53              		.cfi_endproc
  54              	.LFE0:
  55              		.size	Touch_yp_Write, .-Touch_yp_Write
  56              		.section	.text.Touch_yp_SetDriveMode,"ax",%progbits
  57              		.align	1
  58              		.global	Touch_yp_SetDriveMode
  59              		.thumb
  60              		.thumb_func
  61              		.type	Touch_yp_SetDriveMode, %function
  62              	Touch_yp_SetDriveMode:
  63              	.LFB1:
  43:Generated_Source\PSoC5/Touch_yp.c **** }
  44:Generated_Source\PSoC5/Touch_yp.c **** 
  45:Generated_Source\PSoC5/Touch_yp.c **** 
  46:Generated_Source\PSoC5/Touch_yp.c **** /*******************************************************************************
  47:Generated_Source\PSoC5/Touch_yp.c **** * Function Name: Touch_yp_SetDriveMode
  48:Generated_Source\PSoC5/Touch_yp.c **** ********************************************************************************
  49:Generated_Source\PSoC5/Touch_yp.c **** *
  50:Generated_Source\PSoC5/Touch_yp.c **** * Summary:
ARM GAS  C:\Users\emman\AppData\Local\Temp\ccBvLjGE.s 			page 3


  51:Generated_Source\PSoC5/Touch_yp.c **** *  Change the drive mode on the pins of the port.
  52:Generated_Source\PSoC5/Touch_yp.c **** * 
  53:Generated_Source\PSoC5/Touch_yp.c **** * Parameters:  
  54:Generated_Source\PSoC5/Touch_yp.c **** *  mode:  Change the pins to one of the following drive modes.
  55:Generated_Source\PSoC5/Touch_yp.c **** *
  56:Generated_Source\PSoC5/Touch_yp.c **** *  Touch_yp_DM_STRONG     Strong Drive 
  57:Generated_Source\PSoC5/Touch_yp.c **** *  Touch_yp_DM_OD_HI      Open Drain, Drives High 
  58:Generated_Source\PSoC5/Touch_yp.c **** *  Touch_yp_DM_OD_LO      Open Drain, Drives Low 
  59:Generated_Source\PSoC5/Touch_yp.c **** *  Touch_yp_DM_RES_UP     Resistive Pull Up 
  60:Generated_Source\PSoC5/Touch_yp.c **** *  Touch_yp_DM_RES_DWN    Resistive Pull Down 
  61:Generated_Source\PSoC5/Touch_yp.c **** *  Touch_yp_DM_RES_UPDWN  Resistive Pull Up/Down 
  62:Generated_Source\PSoC5/Touch_yp.c **** *  Touch_yp_DM_DIG_HIZ    High Impedance Digital 
  63:Generated_Source\PSoC5/Touch_yp.c **** *  Touch_yp_DM_ALG_HIZ    High Impedance Analog 
  64:Generated_Source\PSoC5/Touch_yp.c **** *
  65:Generated_Source\PSoC5/Touch_yp.c **** * Return: 
  66:Generated_Source\PSoC5/Touch_yp.c **** *  None
  67:Generated_Source\PSoC5/Touch_yp.c **** *
  68:Generated_Source\PSoC5/Touch_yp.c **** *******************************************************************************/
  69:Generated_Source\PSoC5/Touch_yp.c **** void Touch_yp_SetDriveMode(uint8 mode) 
  70:Generated_Source\PSoC5/Touch_yp.c **** {
  64              		.loc 1 70 0
  65              		.cfi_startproc
  66              		@ args = 0, pretend = 0, frame = 0
  67              		@ frame_needed = 0, uses_anonymous_args = 0
  68              		@ link register save eliminated.
  69              	.LVL4:
  71:Generated_Source\PSoC5/Touch_yp.c **** 	CyPins_SetPinDriveMode(Touch_yp_0, mode);
  70              		.loc 1 71 0
  71 0000 044A     		ldr	r2, .L5
  72 0002 00F00E00 		and	r0, r0, #14
  73              	.LVL5:
  74 0006 1378     		ldrb	r3, [r2]	@ zero_extendqisi2
  75 0008 03F0F103 		and	r3, r3, #241
  76 000c 1843     		orrs	r0, r0, r3
  77 000e 1070     		strb	r0, [r2]
  78 0010 7047     		bx	lr
  79              	.L6:
  80 0012 00BF     		.align	2
  81              	.L5:
  82 0014 23500040 		.word	1073762339
  83              		.cfi_endproc
  84              	.LFE1:
  85              		.size	Touch_yp_SetDriveMode, .-Touch_yp_SetDriveMode
  86              		.section	.text.Touch_yp_Read,"ax",%progbits
  87              		.align	1
  88              		.global	Touch_yp_Read
  89              		.thumb
  90              		.thumb_func
  91              		.type	Touch_yp_Read, %function
  92              	Touch_yp_Read:
  93              	.LFB2:
  72:Generated_Source\PSoC5/Touch_yp.c **** }
  73:Generated_Source\PSoC5/Touch_yp.c **** 
  74:Generated_Source\PSoC5/Touch_yp.c **** 
  75:Generated_Source\PSoC5/Touch_yp.c **** /*******************************************************************************
  76:Generated_Source\PSoC5/Touch_yp.c **** * Function Name: Touch_yp_Read
  77:Generated_Source\PSoC5/Touch_yp.c **** ********************************************************************************
ARM GAS  C:\Users\emman\AppData\Local\Temp\ccBvLjGE.s 			page 4


  78:Generated_Source\PSoC5/Touch_yp.c **** *
  79:Generated_Source\PSoC5/Touch_yp.c **** * Summary:
  80:Generated_Source\PSoC5/Touch_yp.c **** *  Read the current value on the pins of the Digital Port in right justified 
  81:Generated_Source\PSoC5/Touch_yp.c **** *  form.
  82:Generated_Source\PSoC5/Touch_yp.c **** *
  83:Generated_Source\PSoC5/Touch_yp.c **** * Parameters:  
  84:Generated_Source\PSoC5/Touch_yp.c **** *  None
  85:Generated_Source\PSoC5/Touch_yp.c **** *
  86:Generated_Source\PSoC5/Touch_yp.c **** * Return: 
  87:Generated_Source\PSoC5/Touch_yp.c **** *  Returns the current value of the Digital Port as a right justified number
  88:Generated_Source\PSoC5/Touch_yp.c **** *  
  89:Generated_Source\PSoC5/Touch_yp.c **** * Note:
  90:Generated_Source\PSoC5/Touch_yp.c **** *  Macro Touch_yp_ReadPS calls this function. 
  91:Generated_Source\PSoC5/Touch_yp.c **** *  
  92:Generated_Source\PSoC5/Touch_yp.c **** *******************************************************************************/
  93:Generated_Source\PSoC5/Touch_yp.c **** uint8 Touch_yp_Read(void) 
  94:Generated_Source\PSoC5/Touch_yp.c **** {
  94              		.loc 1 94 0
  95              		.cfi_startproc
  96              		@ args = 0, pretend = 0, frame = 0
  97              		@ frame_needed = 0, uses_anonymous_args = 0
  98              		@ link register save eliminated.
  95:Generated_Source\PSoC5/Touch_yp.c ****     return (Touch_yp_PS & Touch_yp_MASK) >> Touch_yp_SHIFT;
  99              		.loc 1 95 0
 100 0000 024B     		ldr	r3, .L8
 101 0002 1878     		ldrb	r0, [r3]	@ zero_extendqisi2
  96:Generated_Source\PSoC5/Touch_yp.c **** }
 102              		.loc 1 96 0
 103 0004 C0F3C000 		ubfx	r0, r0, #3, #1
 104 0008 7047     		bx	lr
 105              	.L9:
 106 000a 00BF     		.align	2
 107              	.L8:
 108 000c 41510040 		.word	1073762625
 109              		.cfi_endproc
 110              	.LFE2:
 111              		.size	Touch_yp_Read, .-Touch_yp_Read
 112              		.section	.text.Touch_yp_ReadDataReg,"ax",%progbits
 113              		.align	1
 114              		.global	Touch_yp_ReadDataReg
 115              		.thumb
 116              		.thumb_func
 117              		.type	Touch_yp_ReadDataReg, %function
 118              	Touch_yp_ReadDataReg:
 119              	.LFB3:
  97:Generated_Source\PSoC5/Touch_yp.c **** 
  98:Generated_Source\PSoC5/Touch_yp.c **** 
  99:Generated_Source\PSoC5/Touch_yp.c **** /*******************************************************************************
 100:Generated_Source\PSoC5/Touch_yp.c **** * Function Name: Touch_yp_ReadDataReg
 101:Generated_Source\PSoC5/Touch_yp.c **** ********************************************************************************
 102:Generated_Source\PSoC5/Touch_yp.c **** *
 103:Generated_Source\PSoC5/Touch_yp.c **** * Summary:
 104:Generated_Source\PSoC5/Touch_yp.c **** *  Read the current value assigned to a Digital Port's data output register
 105:Generated_Source\PSoC5/Touch_yp.c **** *
 106:Generated_Source\PSoC5/Touch_yp.c **** * Parameters:  
 107:Generated_Source\PSoC5/Touch_yp.c **** *  None 
 108:Generated_Source\PSoC5/Touch_yp.c **** *
ARM GAS  C:\Users\emman\AppData\Local\Temp\ccBvLjGE.s 			page 5


 109:Generated_Source\PSoC5/Touch_yp.c **** * Return: 
 110:Generated_Source\PSoC5/Touch_yp.c **** *  Returns the current value assigned to the Digital Port's data output register
 111:Generated_Source\PSoC5/Touch_yp.c **** *  
 112:Generated_Source\PSoC5/Touch_yp.c **** *******************************************************************************/
 113:Generated_Source\PSoC5/Touch_yp.c **** uint8 Touch_yp_ReadDataReg(void) 
 114:Generated_Source\PSoC5/Touch_yp.c **** {
 120              		.loc 1 114 0
 121              		.cfi_startproc
 122              		@ args = 0, pretend = 0, frame = 0
 123              		@ frame_needed = 0, uses_anonymous_args = 0
 124              		@ link register save eliminated.
 115:Generated_Source\PSoC5/Touch_yp.c ****     return (Touch_yp_DR & Touch_yp_MASK) >> Touch_yp_SHIFT;
 125              		.loc 1 115 0
 126 0000 024B     		ldr	r3, .L11
 127 0002 1878     		ldrb	r0, [r3]	@ zero_extendqisi2
 116:Generated_Source\PSoC5/Touch_yp.c **** }
 128              		.loc 1 116 0
 129 0004 C0F3C000 		ubfx	r0, r0, #3, #1
 130 0008 7047     		bx	lr
 131              	.L12:
 132 000a 00BF     		.align	2
 133              	.L11:
 134 000c 40510040 		.word	1073762624
 135              		.cfi_endproc
 136              	.LFE3:
 137              		.size	Touch_yp_ReadDataReg, .-Touch_yp_ReadDataReg
 138              		.text
 139              	.Letext0:
 140              		.file 2 "Generated_Source\\PSoC5\\cytypes.h"
 141              		.section	.debug_info,"",%progbits
 142              	.Ldebug_info0:
 143 0000 1D010000 		.4byte	0x11d
 144 0004 0400     		.2byte	0x4
 145 0006 00000000 		.4byte	.Ldebug_abbrev0
 146 000a 04       		.byte	0x4
 147 000b 01       		.uleb128 0x1
 148 000c BF000000 		.4byte	.LASF20
 149 0010 0C       		.byte	0xc
 150 0011 9D000000 		.4byte	.LASF21
 151 0015 52010000 		.4byte	.LASF22
 152 0019 00000000 		.4byte	.Ldebug_ranges0+0
 153 001d 00000000 		.4byte	0
 154 0021 00000000 		.4byte	.Ldebug_line0
 155 0025 02       		.uleb128 0x2
 156 0026 01       		.byte	0x1
 157 0027 06       		.byte	0x6
 158 0028 FA010000 		.4byte	.LASF0
 159 002c 02       		.uleb128 0x2
 160 002d 01       		.byte	0x1
 161 002e 08       		.byte	0x8
 162 002f 43000000 		.4byte	.LASF1
 163 0033 02       		.uleb128 0x2
 164 0034 02       		.byte	0x2
 165 0035 05       		.byte	0x5
 166 0036 BC010000 		.4byte	.LASF2
 167 003a 02       		.uleb128 0x2
 168 003b 02       		.byte	0x2
ARM GAS  C:\Users\emman\AppData\Local\Temp\ccBvLjGE.s 			page 6


 169 003c 07       		.byte	0x7
 170 003d 68000000 		.4byte	.LASF3
 171 0041 02       		.uleb128 0x2
 172 0042 04       		.byte	0x4
 173 0043 05       		.byte	0x5
 174 0044 E2010000 		.4byte	.LASF4
 175 0048 02       		.uleb128 0x2
 176 0049 04       		.byte	0x4
 177 004a 07       		.byte	0x7
 178 004b 56000000 		.4byte	.LASF5
 179 004f 02       		.uleb128 0x2
 180 0050 08       		.byte	0x8
 181 0051 05       		.byte	0x5
 182 0052 A9010000 		.4byte	.LASF6
 183 0056 02       		.uleb128 0x2
 184 0057 08       		.byte	0x8
 185 0058 07       		.byte	0x7
 186 0059 2C000000 		.4byte	.LASF7
 187 005d 03       		.uleb128 0x3
 188 005e 04       		.byte	0x4
 189 005f 05       		.byte	0x5
 190 0060 696E7400 		.ascii	"int\000"
 191 0064 02       		.uleb128 0x2
 192 0065 04       		.byte	0x4
 193 0066 07       		.byte	0x7
 194 0067 90000000 		.4byte	.LASF8
 195 006b 04       		.uleb128 0x4
 196 006c C6010000 		.4byte	.LASF12
 197 0070 02       		.byte	0x2
 198 0071 E401     		.2byte	0x1e4
 199 0073 2C000000 		.4byte	0x2c
 200 0077 02       		.uleb128 0x2
 201 0078 04       		.byte	0x4
 202 0079 04       		.byte	0x4
 203 007a 26000000 		.4byte	.LASF9
 204 007e 02       		.uleb128 0x2
 205 007f 08       		.byte	0x8
 206 0080 04       		.byte	0x4
 207 0081 89000000 		.4byte	.LASF10
 208 0085 02       		.uleb128 0x2
 209 0086 01       		.byte	0x1
 210 0087 08       		.byte	0x8
 211 0088 B7010000 		.4byte	.LASF11
 212 008c 04       		.uleb128 0x4
 213 008d 51000000 		.4byte	.LASF13
 214 0091 02       		.byte	0x2
 215 0092 8E02     		.2byte	0x28e
 216 0094 98000000 		.4byte	0x98
 217 0098 05       		.uleb128 0x5
 218 0099 6B000000 		.4byte	0x6b
 219 009d 06       		.uleb128 0x6
 220 009e EB010000 		.4byte	.LASF14
 221 00a2 01       		.byte	0x1
 222 00a3 27       		.byte	0x27
 223 00a4 00000000 		.4byte	.LFB0
 224 00a8 18000000 		.4byte	.LFE0-.LFB0
 225 00ac 01       		.uleb128 0x1
ARM GAS  C:\Users\emman\AppData\Local\Temp\ccBvLjGE.s 			page 7


 226 00ad 9C       		.byte	0x9c
 227 00ae D1000000 		.4byte	0xd1
 228 00b2 07       		.uleb128 0x7
 229 00b3 00000000 		.4byte	.LASF16
 230 00b7 01       		.byte	0x1
 231 00b8 27       		.byte	0x27
 232 00b9 6B000000 		.4byte	0x6b
 233 00bd 00000000 		.4byte	.LLST0
 234 00c1 08       		.uleb128 0x8
 235 00c2 06000000 		.4byte	.LASF23
 236 00c6 01       		.byte	0x1
 237 00c7 29       		.byte	0x29
 238 00c8 6B000000 		.4byte	0x6b
 239 00cc 21000000 		.4byte	.LLST1
 240 00d0 00       		.byte	0
 241 00d1 06       		.uleb128 0x6
 242 00d2 CC010000 		.4byte	.LASF15
 243 00d6 01       		.byte	0x1
 244 00d7 45       		.byte	0x45
 245 00d8 00000000 		.4byte	.LFB1
 246 00dc 18000000 		.4byte	.LFE1-.LFB1
 247 00e0 01       		.uleb128 0x1
 248 00e1 9C       		.byte	0x9c
 249 00e2 F6000000 		.4byte	0xf6
 250 00e6 07       		.uleb128 0x7
 251 00e7 4D010000 		.4byte	.LASF17
 252 00eb 01       		.byte	0x1
 253 00ec 45       		.byte	0x45
 254 00ed 6B000000 		.4byte	0x6b
 255 00f1 39000000 		.4byte	.LLST2
 256 00f5 00       		.byte	0
 257 00f6 09       		.uleb128 0x9
 258 00f7 7B000000 		.4byte	.LASF18
 259 00fb 01       		.byte	0x1
 260 00fc 5D       		.byte	0x5d
 261 00fd 6B000000 		.4byte	0x6b
 262 0101 00000000 		.4byte	.LFB2
 263 0105 10000000 		.4byte	.LFE2-.LFB2
 264 0109 01       		.uleb128 0x1
 265 010a 9C       		.byte	0x9c
 266 010b 09       		.uleb128 0x9
 267 010c 11000000 		.4byte	.LASF19
 268 0110 01       		.byte	0x1
 269 0111 71       		.byte	0x71
 270 0112 6B000000 		.4byte	0x6b
 271 0116 00000000 		.4byte	.LFB3
 272 011a 10000000 		.4byte	.LFE3-.LFB3
 273 011e 01       		.uleb128 0x1
 274 011f 9C       		.byte	0x9c
 275 0120 00       		.byte	0
 276              		.section	.debug_abbrev,"",%progbits
 277              	.Ldebug_abbrev0:
 278 0000 01       		.uleb128 0x1
 279 0001 11       		.uleb128 0x11
 280 0002 01       		.byte	0x1
 281 0003 25       		.uleb128 0x25
 282 0004 0E       		.uleb128 0xe
ARM GAS  C:\Users\emman\AppData\Local\Temp\ccBvLjGE.s 			page 8


 283 0005 13       		.uleb128 0x13
 284 0006 0B       		.uleb128 0xb
 285 0007 03       		.uleb128 0x3
 286 0008 0E       		.uleb128 0xe
 287 0009 1B       		.uleb128 0x1b
 288 000a 0E       		.uleb128 0xe
 289 000b 55       		.uleb128 0x55
 290 000c 17       		.uleb128 0x17
 291 000d 11       		.uleb128 0x11
 292 000e 01       		.uleb128 0x1
 293 000f 10       		.uleb128 0x10
 294 0010 17       		.uleb128 0x17
 295 0011 00       		.byte	0
 296 0012 00       		.byte	0
 297 0013 02       		.uleb128 0x2
 298 0014 24       		.uleb128 0x24
 299 0015 00       		.byte	0
 300 0016 0B       		.uleb128 0xb
 301 0017 0B       		.uleb128 0xb
 302 0018 3E       		.uleb128 0x3e
 303 0019 0B       		.uleb128 0xb
 304 001a 03       		.uleb128 0x3
 305 001b 0E       		.uleb128 0xe
 306 001c 00       		.byte	0
 307 001d 00       		.byte	0
 308 001e 03       		.uleb128 0x3
 309 001f 24       		.uleb128 0x24
 310 0020 00       		.byte	0
 311 0021 0B       		.uleb128 0xb
 312 0022 0B       		.uleb128 0xb
 313 0023 3E       		.uleb128 0x3e
 314 0024 0B       		.uleb128 0xb
 315 0025 03       		.uleb128 0x3
 316 0026 08       		.uleb128 0x8
 317 0027 00       		.byte	0
 318 0028 00       		.byte	0
 319 0029 04       		.uleb128 0x4
 320 002a 16       		.uleb128 0x16
 321 002b 00       		.byte	0
 322 002c 03       		.uleb128 0x3
 323 002d 0E       		.uleb128 0xe
 324 002e 3A       		.uleb128 0x3a
 325 002f 0B       		.uleb128 0xb
 326 0030 3B       		.uleb128 0x3b
 327 0031 05       		.uleb128 0x5
 328 0032 49       		.uleb128 0x49
 329 0033 13       		.uleb128 0x13
 330 0034 00       		.byte	0
 331 0035 00       		.byte	0
 332 0036 05       		.uleb128 0x5
 333 0037 35       		.uleb128 0x35
 334 0038 00       		.byte	0
 335 0039 49       		.uleb128 0x49
 336 003a 13       		.uleb128 0x13
 337 003b 00       		.byte	0
 338 003c 00       		.byte	0
 339 003d 06       		.uleb128 0x6
ARM GAS  C:\Users\emman\AppData\Local\Temp\ccBvLjGE.s 			page 9


 340 003e 2E       		.uleb128 0x2e
 341 003f 01       		.byte	0x1
 342 0040 3F       		.uleb128 0x3f
 343 0041 19       		.uleb128 0x19
 344 0042 03       		.uleb128 0x3
 345 0043 0E       		.uleb128 0xe
 346 0044 3A       		.uleb128 0x3a
 347 0045 0B       		.uleb128 0xb
 348 0046 3B       		.uleb128 0x3b
 349 0047 0B       		.uleb128 0xb
 350 0048 27       		.uleb128 0x27
 351 0049 19       		.uleb128 0x19
 352 004a 11       		.uleb128 0x11
 353 004b 01       		.uleb128 0x1
 354 004c 12       		.uleb128 0x12
 355 004d 06       		.uleb128 0x6
 356 004e 40       		.uleb128 0x40
 357 004f 18       		.uleb128 0x18
 358 0050 9742     		.uleb128 0x2117
 359 0052 19       		.uleb128 0x19
 360 0053 01       		.uleb128 0x1
 361 0054 13       		.uleb128 0x13
 362 0055 00       		.byte	0
 363 0056 00       		.byte	0
 364 0057 07       		.uleb128 0x7
 365 0058 05       		.uleb128 0x5
 366 0059 00       		.byte	0
 367 005a 03       		.uleb128 0x3
 368 005b 0E       		.uleb128 0xe
 369 005c 3A       		.uleb128 0x3a
 370 005d 0B       		.uleb128 0xb
 371 005e 3B       		.uleb128 0x3b
 372 005f 0B       		.uleb128 0xb
 373 0060 49       		.uleb128 0x49
 374 0061 13       		.uleb128 0x13
 375 0062 02       		.uleb128 0x2
 376 0063 17       		.uleb128 0x17
 377 0064 00       		.byte	0
 378 0065 00       		.byte	0
 379 0066 08       		.uleb128 0x8
 380 0067 34       		.uleb128 0x34
 381 0068 00       		.byte	0
 382 0069 03       		.uleb128 0x3
 383 006a 0E       		.uleb128 0xe
 384 006b 3A       		.uleb128 0x3a
 385 006c 0B       		.uleb128 0xb
 386 006d 3B       		.uleb128 0x3b
 387 006e 0B       		.uleb128 0xb
 388 006f 49       		.uleb128 0x49
 389 0070 13       		.uleb128 0x13
 390 0071 02       		.uleb128 0x2
 391 0072 17       		.uleb128 0x17
 392 0073 00       		.byte	0
 393 0074 00       		.byte	0
 394 0075 09       		.uleb128 0x9
 395 0076 2E       		.uleb128 0x2e
 396 0077 00       		.byte	0
ARM GAS  C:\Users\emman\AppData\Local\Temp\ccBvLjGE.s 			page 10


 397 0078 3F       		.uleb128 0x3f
 398 0079 19       		.uleb128 0x19
 399 007a 03       		.uleb128 0x3
 400 007b 0E       		.uleb128 0xe
 401 007c 3A       		.uleb128 0x3a
 402 007d 0B       		.uleb128 0xb
 403 007e 3B       		.uleb128 0x3b
 404 007f 0B       		.uleb128 0xb
 405 0080 27       		.uleb128 0x27
 406 0081 19       		.uleb128 0x19
 407 0082 49       		.uleb128 0x49
 408 0083 13       		.uleb128 0x13
 409 0084 11       		.uleb128 0x11
 410 0085 01       		.uleb128 0x1
 411 0086 12       		.uleb128 0x12
 412 0087 06       		.uleb128 0x6
 413 0088 40       		.uleb128 0x40
 414 0089 18       		.uleb128 0x18
 415 008a 9742     		.uleb128 0x2117
 416 008c 19       		.uleb128 0x19
 417 008d 00       		.byte	0
 418 008e 00       		.byte	0
 419 008f 00       		.byte	0
 420              		.section	.debug_loc,"",%progbits
 421              	.Ldebug_loc0:
 422              	.LLST0:
 423 0000 00000000 		.4byte	.LVL0
 424 0004 04000000 		.4byte	.LVL1
 425 0008 0100     		.2byte	0x1
 426 000a 50       		.byte	0x50
 427 000b 04000000 		.4byte	.LVL1
 428 000f 18000000 		.4byte	.LFE0
 429 0013 0400     		.2byte	0x4
 430 0015 F3       		.byte	0xf3
 431 0016 01       		.uleb128 0x1
 432 0017 50       		.byte	0x50
 433 0018 9F       		.byte	0x9f
 434 0019 00000000 		.4byte	0
 435 001d 00000000 		.4byte	0
 436              	.LLST1:
 437 0021 06000000 		.4byte	.LVL2
 438 0025 0E000000 		.4byte	.LVL3
 439 0029 0600     		.2byte	0x6
 440 002b 73       		.byte	0x73
 441 002c 00       		.sleb128 0
 442 002d 09       		.byte	0x9
 443 002e F7       		.byte	0xf7
 444 002f 1A       		.byte	0x1a
 445 0030 9F       		.byte	0x9f
 446 0031 00000000 		.4byte	0
 447 0035 00000000 		.4byte	0
 448              	.LLST2:
 449 0039 00000000 		.4byte	.LVL4
 450 003d 06000000 		.4byte	.LVL5
 451 0041 0100     		.2byte	0x1
 452 0043 50       		.byte	0x50
 453 0044 06000000 		.4byte	.LVL5
ARM GAS  C:\Users\emman\AppData\Local\Temp\ccBvLjGE.s 			page 11


 454 0048 18000000 		.4byte	.LFE1
 455 004c 0400     		.2byte	0x4
 456 004e F3       		.byte	0xf3
 457 004f 01       		.uleb128 0x1
 458 0050 50       		.byte	0x50
 459 0051 9F       		.byte	0x9f
 460 0052 00000000 		.4byte	0
 461 0056 00000000 		.4byte	0
 462              		.section	.debug_aranges,"",%progbits
 463 0000 34000000 		.4byte	0x34
 464 0004 0200     		.2byte	0x2
 465 0006 00000000 		.4byte	.Ldebug_info0
 466 000a 04       		.byte	0x4
 467 000b 00       		.byte	0
 468 000c 0000     		.2byte	0
 469 000e 0000     		.2byte	0
 470 0010 00000000 		.4byte	.LFB0
 471 0014 18000000 		.4byte	.LFE0-.LFB0
 472 0018 00000000 		.4byte	.LFB1
 473 001c 18000000 		.4byte	.LFE1-.LFB1
 474 0020 00000000 		.4byte	.LFB2
 475 0024 10000000 		.4byte	.LFE2-.LFB2
 476 0028 00000000 		.4byte	.LFB3
 477 002c 10000000 		.4byte	.LFE3-.LFB3
 478 0030 00000000 		.4byte	0
 479 0034 00000000 		.4byte	0
 480              		.section	.debug_ranges,"",%progbits
 481              	.Ldebug_ranges0:
 482 0000 00000000 		.4byte	.LFB0
 483 0004 18000000 		.4byte	.LFE0
 484 0008 00000000 		.4byte	.LFB1
 485 000c 18000000 		.4byte	.LFE1
 486 0010 00000000 		.4byte	.LFB2
 487 0014 10000000 		.4byte	.LFE2
 488 0018 00000000 		.4byte	.LFB3
 489 001c 10000000 		.4byte	.LFE3
 490 0020 00000000 		.4byte	0
 491 0024 00000000 		.4byte	0
 492              		.section	.debug_line,"",%progbits
 493              	.Ldebug_line0:
 494 0000 93000000 		.section	.debug_str,"MS",%progbits,1
 494      02004500 
 494      00000201 
 494      FB0E0D00 
 494      01010101 
 495              	.LASF16:
 496 0000 76616C75 		.ascii	"value\000"
 496      6500
 497              	.LASF23:
 498 0006 73746174 		.ascii	"staticBits\000"
 498      69634269 
 498      747300
 499              	.LASF19:
 500 0011 546F7563 		.ascii	"Touch_yp_ReadDataReg\000"
 500      685F7970 
 500      5F526561 
 500      64446174 
ARM GAS  C:\Users\emman\AppData\Local\Temp\ccBvLjGE.s 			page 12


 500      61526567 
 501              	.LASF9:
 502 0026 666C6F61 		.ascii	"float\000"
 502      7400
 503              	.LASF7:
 504 002c 6C6F6E67 		.ascii	"long long unsigned int\000"
 504      206C6F6E 
 504      6720756E 
 504      7369676E 
 504      65642069 
 505              	.LASF1:
 506 0043 756E7369 		.ascii	"unsigned char\000"
 506      676E6564 
 506      20636861 
 506      7200
 507              	.LASF13:
 508 0051 72656738 		.ascii	"reg8\000"
 508      00
 509              	.LASF5:
 510 0056 6C6F6E67 		.ascii	"long unsigned int\000"
 510      20756E73 
 510      69676E65 
 510      6420696E 
 510      7400
 511              	.LASF3:
 512 0068 73686F72 		.ascii	"short unsigned int\000"
 512      7420756E 
 512      7369676E 
 512      65642069 
 512      6E7400
 513              	.LASF18:
 514 007b 546F7563 		.ascii	"Touch_yp_Read\000"
 514      685F7970 
 514      5F526561 
 514      6400
 515              	.LASF10:
 516 0089 646F7562 		.ascii	"double\000"
 516      6C6500
 517              	.LASF8:
 518 0090 756E7369 		.ascii	"unsigned int\000"
 518      676E6564 
 518      20696E74 
 518      00
 519              	.LASF21:
 520 009d 47656E65 		.ascii	"Generated_Source\\PSoC5\\Touch_yp.c\000"
 520      72617465 
 520      645F536F 
 520      75726365 
 520      5C50536F 
 521              	.LASF20:
 522 00bf 474E5520 		.ascii	"GNU C11 5.4.1 20160609 (release) [ARM/embedded-5-br"
 522      43313120 
 522      352E342E 
 522      31203230 
 522      31363036 
 523 00f2 616E6368 		.ascii	"anch revision 237715] -mcpu=cortex-m3 -mthumb -g -O"
 523      20726576 
ARM GAS  C:\Users\emman\AppData\Local\Temp\ccBvLjGE.s 			page 13


 523      6973696F 
 523      6E203233 
 523      37373135 
 524 0125 73202D66 		.ascii	"s -ffunction-sections -ffat-lto-objects\000"
 524      66756E63 
 524      74696F6E 
 524      2D736563 
 524      74696F6E 
 525              	.LASF17:
 526 014d 6D6F6465 		.ascii	"mode\000"
 526      00
 527              	.LASF22:
 528 0152 453A5C55 		.ascii	"E:\\U\\Lab de Control\\PID Controler-20191011T02191"
 528      5C4C6162 
 528      20646520 
 528      436F6E74 
 528      726F6C5C 
 529 0182 395A2D30 		.ascii	"9Z-001\\PID Controler\\Controlador.cydsn\000"
 529      30315C50 
 529      49442043 
 529      6F6E7472 
 529      6F6C6572 
 530              	.LASF6:
 531 01a9 6C6F6E67 		.ascii	"long long int\000"
 531      206C6F6E 
 531      6720696E 
 531      7400
 532              	.LASF11:
 533 01b7 63686172 		.ascii	"char\000"
 533      00
 534              	.LASF2:
 535 01bc 73686F72 		.ascii	"short int\000"
 535      7420696E 
 535      7400
 536              	.LASF12:
 537 01c6 75696E74 		.ascii	"uint8\000"
 537      3800
 538              	.LASF15:
 539 01cc 546F7563 		.ascii	"Touch_yp_SetDriveMode\000"
 539      685F7970 
 539      5F536574 
 539      44726976 
 539      654D6F64 
 540              	.LASF4:
 541 01e2 6C6F6E67 		.ascii	"long int\000"
 541      20696E74 
 541      00
 542              	.LASF14:
 543 01eb 546F7563 		.ascii	"Touch_yp_Write\000"
 543      685F7970 
 543      5F577269 
 543      746500
 544              	.LASF0:
 545 01fa 7369676E 		.ascii	"signed char\000"
 545      65642063 
 545      68617200 
 546              		.ident	"GCC: (GNU Tools for ARM Embedded Processors) 5.4.1 20160609 (release) [ARM/embedded-5-bran
ARM GAS  C:\Users\emman\AppData\Local\Temp\ccBvLjGE.s 			page 14


